Creating fragment
[97;1m==================================================
[0m[34;1m                   JOTUNN
[0m[97;22ma simple quantum chemistry program in Julia
[0m[97;1m==================================================
[0m[33;1m
jHF module: a RHF/UHF program
[0m
[32;1mSYSTEM
[0m========================= =================
         Number of atoms                2
        Molecule formula               HH
                  Charge                0
       Spin multiplicity                1
           No. electrons                2
  No. unpaired electrons                0
       Nuclear repulsion       0.71510434
========================= =================
Integrals provided via GaussianBasis.jl library
Creating basis set object

Calculating 1-electron integrals
Calculating 2-electron integrals
integrals: (NTuple{4, Int16}[(0, 0, 0, 0), (0, 0, 0, 1), (0, 1, 0, 1), (0, 0, 1, 1), (0, 1, 1, 1), (1, 1, 1, 1)], [0.7746059443199184, 0.44459112464305217, 0.2975905518822836, 0.5699948831825499, 0.44459112464305217, 0.7746059443199184])
count: 1 i: (0, 0, 0, 0)
z: (1, 1, 1, 1)
a: 1 b:1 c:1 d:1
ab: 2.0
cd: 2.0
here2
index: 5 val:  0.7746059443199184
count: 2 i: (0, 0, 0, 1)
z: (1, 1, 1, 2)
a: 1 b:1 c:1 d:2
ab: 2.0
cd: 4.0
here2
index: 12 val:  0.44459112464305217
count: 3 i: (0, 1, 0, 1)
z: (1, 2, 1, 2)
a: 1 b:2 c:1 d:2
ab: 4.0
cd: 4.0
here2
index: 14 val:  0.2975905518822836
count: 4 i: (0, 0, 1, 1)
z: (1, 1, 2, 2)
a: 1 b:1 c:2 d:2
ab: 2.0
cd: 5.0
here2
index: 17 val:  0.5699948831825499
count: 5 i: (0, 1, 1, 1)
z: (1, 2, 2, 2)
a: 1 b:2 c:2 d:2
ab: 4.0
cd: 5.0
here2
index: 19 val:  0.44459112464305217
count: 6 i: (1, 1, 1, 1)
z: (2, 2, 2, 2)
a: 2 b:2 c:2 d:2
ab: 5.0
cd: 5.0
here2
index: 20 val:  0.7746059443199184
integraldict: Dict(5 => 0.7746059443199184, 20 => 0.7746059443199184, 12 => 0.44459112464305217, 14 => 0.2975905518822836, 17 => 0.5699948831825499, 19 => 0.44459112464305217)
jintobject: Jotunn.Jint(Dict(5 => 0.7746059443199184, 20 => 0.7746059443199184, 12 => 0.44459112464305217, 14 => 0.2975905518822836, 17 => 0.5699948831825499, 19 => 0.44459112464305217))
  0.622342 seconds (444.24 k allocations: 23.188 MiB, 99.84% compilation time)
Choosing Fock algorithm.
Small system (Basis dim: 2). Choosing loop Fock.
Providing guess for density matrix
Energy of guess: 0.7151043387424214 Eh

[32;1mCALCULATION SETTINGS
[0m========================= =================
                 HF type              RHF
               Basis set           sto-3g
     No. basis functions                2
                   Guess            hcore
         2-electron type         sparse4c
          Fock algorithm             loop
     S lowest eigenvalue           0.3401
              Levelshift            false
    Levelshift parameter           0.1000
  Lshift-turnoff thresh.           0.0100
                 Damping             true
       Damping parameter           0.4000
    Damp-turnoff thresh.           0.0100
                    DIIS            false
           DIIS vec size                7
            DIIS thresh.           0.0100
========================= =================

Beginning SCF iterations
Iter         Energy          deltaE        RMS-DP        Max-DP  Lshift    Damp    DIIS
µ: 1, ν: 1, λ: 1, σ: 1
x: Jotunn.Jint(Dict(5 => 0.7746059443199184, 20 => 0.7746059443199184, 12 => 0.44459112464305217, 14 => 0.2975905518822836, 17 => 0.5699948831825499, 19 => 0.44459112464305217))
i: 1 j:1 k:1 l:1
a: 1 b:1 c:1 d:1
ab: 2.0
cd: 2.0
here2
bla: 5
here
a: 1 b:1 c:1 d:1
ab: 2.0
cd: 2.0
here2
x: Jotunn.Jint(Dict(5 => 0.7746059443199184, 20 => 0.7746059443199184, 12 => 0.44459112464305217, 14 => 0.2975905518822836, 17 => 0.5699948831825499, 19 => 0.44459112464305217))
i: 1 j:1 k:1 l:1
a: 1 b:1 c:1 d:1
ab: 2.0
cd: 2.0
here2
bla: 5
here
a: 1 b:1 c:1 d:1
ab: 2.0
cd: 2.0
here2
µ: 1, ν: 1, λ: 1, σ: 2
x: Jotunn.Jint(Dict(5 => 0.7746059443199184, 20 => 0.7746059443199184, 12 => 0.44459112464305217, 14 => 0.2975905518822836, 17 => 0.5699948831825499, 19 => 0.44459112464305217))
i: 1 j:1 k:1 l:2
a: 1 b:1 c:1 d:2
ab: 2.0
cd: 4.0
here2
bla: 12
here
a: 1 b:1 c:1 d:2
ab: 2.0
cd: 4.0
here2
x: Jotunn.Jint(Dict(5 => 0.7746059443199184, 20 => 0.7746059443199184, 12 => 0.44459112464305217, 14 => 0.2975905518822836, 17 => 0.5699948831825499, 19 => 0.44459112464305217))
i: 1 j:1 k:1 l:2
a: 1 b:1 c:1 d:2
ab: 2.0
cd: 4.0
here2
bla: 12
here
a: 1 b:1 c:1 d:2
ab: 2.0
cd: 4.0
here2
µ: 1, ν: 1, λ: 2, σ: 1
x: Jotunn.Jint(Dict(5 => 0.7746059443199184, 20 => 0.7746059443199184, 12 => 0.44459112464305217, 14 => 0.2975905518822836, 17 => 0.5699948831825499, 19 => 0.44459112464305217))
i: 1 j:1 k:2 l:1
a: 1 b:1 c:2 d:1
ab: 2.0
here2
bla: 12
here
a: 1 b:1 c:2 d:1
ab: 2.0
here2
x: Jotunn.Jint(Dict(5 => 0.7746059443199184, 20 => 0.7746059443199184, 12 => 0.44459112464305217, 14 => 0.2975905518822836, 17 => 0.5699948831825499, 19 => 0.44459112464305217))
i: 1 j:2 k:1 l:1
a: 1 b:2 c:1 d:1
ab: 4.0
cd: 2.0
here1
bla: 12
here
a: 1 b:2 c:1 d:1
ab: 4.0
cd: 2.0
here1
µ: 1, ν: 1, λ: 2, σ: 2
x: Jotunn.Jint(Dict(5 => 0.7746059443199184, 20 => 0.7746059443199184, 12 => 0.44459112464305217, 14 => 0.2975905518822836, 17 => 0.5699948831825499, 19 => 0.44459112464305217))
i: 1 j:1 k:2 l:2
a: 1 b:1 c:2 d:2
ab: 2.0
cd: 5.0
here2
bla: 17
here
a: 1 b:1 c:2 d:2
ab: 2.0
cd: 5.0
here2
x: Jotunn.Jint(Dict(5 => 0.7746059443199184, 20 => 0.7746059443199184, 12 => 0.44459112464305217, 14 => 0.2975905518822836, 17 => 0.5699948831825499, 19 => 0.44459112464305217))
i: 1 j:2 k:1 l:2
a: 1 b:2 c:1 d:2
ab: 4.0
cd: 4.0
here2
bla: 14
here
a: 1 b:2 c:1 d:2
ab: 4.0
cd: 4.0
here2
µ: 1, ν: 2, λ: 1, σ: 1
x: Jotunn.Jint(Dict(5 => 0.7746059443199184, 20 => 0.7746059443199184, 12 => 0.44459112464305217, 14 => 0.2975905518822836, 17 => 0.5699948831825499, 19 => 0.44459112464305217))
i: 1 j:2 k:1 l:1
a: 1 b:2 c:1 d:1
ab: 4.0
cd: 2.0
here1
bla: 12
here
a: 1 b:2 c:1 d:1
ab: 4.0
cd: 2.0
here1
x: Jotunn.Jint(Dict(5 => 0.7746059443199184, 20 => 0.7746059443199184, 12 => 0.44459112464305217, 14 => 0.2975905518822836, 17 => 0.5699948831825499, 19 => 0.44459112464305217))
i: 1 j:1 k:2 l:1
a: 1 b:1 c:2 d:1
ab: 2.0
here2
bla: 12
here
a: 1 b:1 c:2 d:1
ab: 2.0
here2
µ: 1, ν: 2, λ: 1, σ: 2
x: Jotunn.Jint(Dict(5 => 0.7746059443199184, 20 => 0.7746059443199184, 12 => 0.44459112464305217, 14 => 0.2975905518822836, 17 => 0.5699948831825499, 19 => 0.44459112464305217))
i: 1 j:2 k:1 l:2
a: 1 b:2 c:1 d:2
ab: 4.0
cd: 4.0
here2
bla: 14
here
a: 1 b:2 c:1 d:2
ab: 4.0
cd: 4.0
here2
x: Jotunn.Jint(Dict(5 => 0.7746059443199184, 20 => 0.7746059443199184, 12 => 0.44459112464305217, 14 => 0.2975905518822836, 17 => 0.5699948831825499, 19 => 0.44459112464305217))
i: 1 j:1 k:2 l:2
a: 1 b:1 c:2 d:2
ab: 2.0
cd: 5.0
here2
bla: 17
here
a: 1 b:1 c:2 d:2
ab: 2.0
cd: 5.0
here2
µ: 1, ν: 2, λ: 2, σ: 1
x: Jotunn.Jint(Dict(5 => 0.7746059443199184, 20 => 0.7746059443199184, 12 => 0.44459112464305217, 14 => 0.2975905518822836, 17 => 0.5699948831825499, 19 => 0.44459112464305217))
i: 1 j:2 k:2 l:1
a: 1 b:2 c:2 d:1
ab: 4.0
here2
bla: 14
here
a: 1 b:2 c:2 d:1
ab: 4.0
here2
x: Jotunn.Jint(Dict(5 => 0.7746059443199184, 20 => 0.7746059443199184, 12 => 0.44459112464305217, 14 => 0.2975905518822836, 17 => 0.5699948831825499, 19 => 0.44459112464305217))
i: 1 j:2 k:2 l:1
a: 1 b:2 c:2 d:1
ab: 4.0
here2
bla: 14
here
a: 1 b:2 c:2 d:1
ab: 4.0
here2
µ: 1, ν: 2, λ: 2, σ: 2
x: Jotunn.Jint(Dict(5 => 0.7746059443199184, 20 => 0.7746059443199184, 12 => 0.44459112464305217, 14 => 0.2975905518822836, 17 => 0.5699948831825499, 19 => 0.44459112464305217))
i: 1 j:2 k:2 l:2
a: 1 b:2 c:2 d:2
ab: 4.0
cd: 5.0
here2
bla: 19
here
a: 1 b:2 c:2 d:2
ab: 4.0
cd: 5.0
here2
x: Jotunn.Jint(Dict(5 => 0.7746059443199184, 20 => 0.7746059443199184, 12 => 0.44459112464305217, 14 => 0.2975905518822836, 17 => 0.5699948831825499, 19 => 0.44459112464305217))
i: 1 j:2 k:2 l:2
a: 1 b:2 c:2 d:2
ab: 4.0
cd: 5.0
here2
bla: 19
here
a: 1 b:2 c:2 d:2
ab: 4.0
cd: 5.0
here2
µ: 2, ν: 1, λ: 1, σ: 1
x: Jotunn.Jint(Dict(5 => 0.7746059443199184, 20 => 0.7746059443199184, 12 => 0.44459112464305217, 14 => 0.2975905518822836, 17 => 0.5699948831825499, 19 => 0.44459112464305217))
i: 2 j:1 k:1 l:1
a: 2 b:1 c:1 d:1
cd: 2.0
here1
bla: 12
here
a: 2 b:1 c:1 d:1
cd: 2.0
here1
x: Jotunn.Jint(Dict(5 => 0.7746059443199184, 20 => 0.7746059443199184, 12 => 0.44459112464305217, 14 => 0.2975905518822836, 17 => 0.5699948831825499, 19 => 0.44459112464305217))
i: 2 j:1 k:1 l:1
a: 2 b:1 c:1 d:1
cd: 2.0
here1
bla: 12
here
a: 2 b:1 c:1 d:1
cd: 2.0
here1
µ: 2, ν: 1, λ: 1, σ: 2
x: Jotunn.Jint(Dict(5 => 0.7746059443199184, 20 => 0.7746059443199184, 12 => 0.44459112464305217, 14 => 0.2975905518822836, 17 => 0.5699948831825499, 19 => 0.44459112464305217))
i: 2 j:1 k:1 l:2
a: 2 b:1 c:1 d:2
cd: 4.0
here2
bla: 14
here
a: 2 b:1 c:1 d:2
cd: 4.0
here2
x: Jotunn.Jint(Dict(5 => 0.7746059443199184, 20 => 0.7746059443199184, 12 => 0.44459112464305217, 14 => 0.2975905518822836, 17 => 0.5699948831825499, 19 => 0.44459112464305217))
i: 2 j:1 k:1 l:2
a: 2 b:1 c:1 d:2
cd: 4.0
here2
bla: 14
here
a: 2 b:1 c:1 d:2
cd: 4.0
here2
µ: 2, ν: 1, λ: 2, σ: 1
x: Jotunn.Jint(Dict(5 => 0.7746059443199184, 20 => 0.7746059443199184, 12 => 0.44459112464305217, 14 => 0.2975905518822836, 17 => 0.5699948831825499, 19 => 0.44459112464305217))
i: 2 j:1 k:2 l:1
a: 2 b:1 c:2 d:1
here2
bla: 14
here
a: 2 b:1 c:2 d:1
here2
x: Jotunn.Jint(Dict(5 => 0.7746059443199184, 20 => 0.7746059443199184, 12 => 0.44459112464305217, 14 => 0.2975905518822836, 17 => 0.5699948831825499, 19 => 0.44459112464305217))
i: 2 j:2 k:1 l:1
a: 2 b:2 c:1 d:1
ab: 5.0
cd: 2.0
here1
bla: 17
here
a: 2 b:2 c:1 d:1
ab: 5.0
cd: 2.0
here1
µ: 2, ν: 1, λ: 2, σ: 2
x: Jotunn.Jint(Dict(5 => 0.7746059443199184, 20 => 0.7746059443199184, 12 => 0.44459112464305217, 14 => 0.2975905518822836, 17 => 0.5699948831825499, 19 => 0.44459112464305217))
i: 2 j:1 k:2 l:2
a: 2 b:1 c:2 d:2
cd: 5.0
here2
bla: 19
here
a: 2 b:1 c:2 d:2
cd: 5.0
here2
x: Jotunn.Jint(Dict(5 => 0.7746059443199184, 20 => 0.7746059443199184, 12 => 0.44459112464305217, 14 => 0.2975905518822836, 17 => 0.5699948831825499, 19 => 0.44459112464305217))
i: 2 j:2 k:1 l:2
a: 2 b:2 c:1 d:2
ab: 5.0
cd: 4.0
here1
bla: 19
here
a: 2 b:2 c:1 d:2
ab: 5.0
cd: 4.0
here1
µ: 2, ν: 2, λ: 1, σ: 1
x: Jotunn.Jint(Dict(5 => 0.7746059443199184, 20 => 0.7746059443199184, 12 => 0.44459112464305217, 14 => 0.2975905518822836, 17 => 0.5699948831825499, 19 => 0.44459112464305217))
i: 2 j:2 k:1 l:1
a: 2 b:2 c:1 d:1
ab: 5.0
cd: 2.0
here1
bla: 17
here
a: 2 b:2 c:1 d:1
ab: 5.0
cd: 2.0
here1
x: Jotunn.Jint(Dict(5 => 0.7746059443199184, 20 => 0.7746059443199184, 12 => 0.44459112464305217, 14 => 0.2975905518822836, 17 => 0.5699948831825499, 19 => 0.44459112464305217))
i: 2 j:1 k:2 l:1
a: 2 b:1 c:2 d:1
here2
bla: 14
here
a: 2 b:1 c:2 d:1
here2
µ: 2, ν: 2, λ: 1, σ: 2
x: Jotunn.Jint(Dict(5 => 0.7746059443199184, 20 => 0.7746059443199184, 12 => 0.44459112464305217, 14 => 0.2975905518822836, 17 => 0.5699948831825499, 19 => 0.44459112464305217))
i: 2 j:2 k:1 l:2
a: 2 b:2 c:1 d:2
ab: 5.0
cd: 4.0
here1
bla: 19
here
a: 2 b:2 c:1 d:2
ab: 5.0
cd: 4.0
here1
x: Jotunn.Jint(Dict(5 => 0.7746059443199184, 20 => 0.7746059443199184, 12 => 0.44459112464305217, 14 => 0.2975905518822836, 17 => 0.5699948831825499, 19 => 0.44459112464305217))
i: 2 j:1 k:2 l:2
a: 2 b:1 c:2 d:2
cd: 5.0
here2
bla: 19
here
a: 2 b:1 c:2 d:2
cd: 5.0
here2
µ: 2, ν: 2, λ: 2, σ: 1
x: Jotunn.Jint(Dict(5 => 0.7746059443199184, 20 => 0.7746059443199184, 12 => 0.44459112464305217, 14 => 0.2975905518822836, 17 => 0.5699948831825499, 19 => 0.44459112464305217))
i: 2 j:2 k:2 l:1
a: 2 b:2 c:2 d:1
ab: 5.0
here1
bla: 19
here
a: 2 b:2 c:2 d:1
ab: 5.0
here1
x: Jotunn.Jint(Dict(5 => 0.7746059443199184, 20 => 0.7746059443199184, 12 => 0.44459112464305217, 14 => 0.2975905518822836, 17 => 0.5699948831825499, 19 => 0.44459112464305217))
i: 2 j:2 k:2 l:1
a: 2 b:2 c:2 d:1
ab: 5.0
here1
bla: 19
here
a: 2 b:2 c:2 d:1
ab: 5.0
here1
µ: 2, ν: 2, λ: 2, σ: 2
x: Jotunn.Jint(Dict(5 => 0.7746059443199184, 20 => 0.7746059443199184, 12 => 0.44459112464305217, 14 => 0.2975905518822836, 17 => 0.5699948831825499, 19 => 0.44459112464305217))
i: 2 j:2 k:2 l:2
a: 2 b:2 c:2 d:2
ab: 5.0
cd: 5.0
here2
bla: 20
here
a: 2 b:2 c:2 d:2
ab: 5.0
cd: 5.0
here2
x: Jotunn.Jint(Dict(5 => 0.7746059443199184, 20 => 0.7746059443199184, 12 => 0.44459112464305217, 14 => 0.2975905518822836, 17 => 0.5699948831825499, 19 => 0.44459112464305217))
i: 2 j:2 k:2 l:2
a: 2 b:2 c:2 d:2
ab: 5.0
cd: 5.0
here2
bla: 20
here
a: 2 b:2 c:2 d:2
ab: 5.0
cd: 5.0
here2
   1   -1.791515236[31m    -1.791515236[0m[31m   0.602455686[0m[31m  -0.602455686[0m[39m   false[0m[33m    true[0m[39m   false[0m
µ: 1, ν: 1, λ: 1, σ: 1
x: Jotunn.Jint(Dict(5 => 0.7746059443199184, 20 => 0.7746059443199184, 12 => 0.44459112464305217, 14 => 0.2975905518822836, 17 => 0.5699948831825499, 19 => 0.44459112464305217))
i: 1 j:1 k:1 l:1
a: 1 b:1 c:1 d:1
ab: 2.0
cd: 2.0
here2
bla: 5
here
a: 1 b:1 c:1 d:1
ab: 2.0
cd: 2.0
here2
x: Jotunn.Jint(Dict(5 => 0.7746059443199184, 20 => 0.7746059443199184, 12 => 0.44459112464305217, 14 => 0.2975905518822836, 17 => 0.5699948831825499, 19 => 0.44459112464305217))
i: 1 j:1 k:1 l:1
a: 1 b:1 c:1 d:1
ab: 2.0
cd: 2.0
here2
bla: 5
here
a: 1 b:1 c:1 d:1
ab: 2.0
cd: 2.0
here2
µ: 1, ν: 1, λ: 1, σ: 2
x: Jotunn.Jint(Dict(5 => 0.7746059443199184, 20 => 0.7746059443199184, 12 => 0.44459112464305217, 14 => 0.2975905518822836, 17 => 0.5699948831825499, 19 => 0.44459112464305217))
i: 1 j:1 k:1 l:2
a: 1 b:1 c:1 d:2
ab: 2.0
cd: 4.0
here2
bla: 12
here
a: 1 b:1 c:1 d:2
ab: 2.0
cd: 4.0
here2
x: Jotunn.Jint(Dict(5 => 0.7746059443199184, 20 => 0.7746059443199184, 12 => 0.44459112464305217, 14 => 0.2975905518822836, 17 => 0.5699948831825499, 19 => 0.44459112464305217))
i: 1 j:1 k:1 l:2
a: 1 b:1 c:1 d:2
ab: 2.0
cd: 4.0
here2
bla: 12
here
a: 1 b:1 c:1 d:2
ab: 2.0
cd: 4.0
here2
µ: 1, ν: 1, λ: 2, σ: 1
x: Jotunn.Jint(Dict(5 => 0.7746059443199184, 20 => 0.7746059443199184, 12 => 0.44459112464305217, 14 => 0.2975905518822836, 17 => 0.5699948831825499, 19 => 0.44459112464305217))
i: 1 j:1 k:2 l:1
a: 1 b:1 c:2 d:1
ab: 2.0
here2
bla: 12
here
a: 1 b:1 c:2 d:1
ab: 2.0
here2
x: Jotunn.Jint(Dict(5 => 0.7746059443199184, 20 => 0.7746059443199184, 12 => 0.44459112464305217, 14 => 0.2975905518822836, 17 => 0.5699948831825499, 19 => 0.44459112464305217))
i: 1 j:2 k:1 l:1
a: 1 b:2 c:1 d:1
ab: 4.0
cd: 2.0
here1
bla: 12
here
a: 1 b:2 c:1 d:1
ab: 4.0
cd: 2.0
here1
µ: 1, ν: 1, λ: 2, σ: 2
x: Jotunn.Jint(Dict(5 => 0.7746059443199184, 20 => 0.7746059443199184, 12 => 0.44459112464305217, 14 => 0.2975905518822836, 17 => 0.5699948831825499, 19 => 0.44459112464305217))
i: 1 j:1 k:2 l:2
a: 1 b:1 c:2 d:2
ab: 2.0
cd: 5.0
here2
bla: 17
here
a: 1 b:1 c:2 d:2
ab: 2.0
cd: 5.0
here2
x: Jotunn.Jint(Dict(5 => 0.7746059443199184, 20 => 0.7746059443199184, 12 => 0.44459112464305217, 14 => 0.2975905518822836, 17 => 0.5699948831825499, 19 => 0.44459112464305217))
i: 1 j:2 k:1 l:2
a: 1 b:2 c:1 d:2
ab: 4.0
cd: 4.0
here2
bla: 14
here
a: 1 b:2 c:1 d:2
ab: 4.0
cd: 4.0
here2
µ: 1, ν: 2, λ: 1, σ: 1
x: Jotunn.Jint(Dict(5 => 0.7746059443199184, 20 => 0.7746059443199184, 12 => 0.44459112464305217, 14 => 0.2975905518822836, 17 => 0.5699948831825499, 19 => 0.44459112464305217))
i: 1 j:2 k:1 l:1
a: 1 b:2 c:1 d:1
ab: 4.0
cd: 2.0
here1
bla: 12
here
a: 1 b:2 c:1 d:1
ab: 4.0
cd: 2.0
here1
x: Jotunn.Jint(Dict(5 => 0.7746059443199184, 20 => 0.7746059443199184, 12 => 0.44459112464305217, 14 => 0.2975905518822836, 17 => 0.5699948831825499, 19 => 0.44459112464305217))
i: 1 j:1 k:2 l:1
a: 1 b:1 c:2 d:1
ab: 2.0
here2
bla: 12
here
a: 1 b:1 c:2 d:1
ab: 2.0
here2
µ: 1, ν: 2, λ: 1, σ: 2
x: Jotunn.Jint(Dict(5 => 0.7746059443199184, 20 => 0.7746059443199184, 12 => 0.44459112464305217, 14 => 0.2975905518822836, 17 => 0.5699948831825499, 19 => 0.44459112464305217))
i: 1 j:2 k:1 l:2
a: 1 b:2 c:1 d:2
ab: 4.0
cd: 4.0
here2
bla: 14
here
a: 1 b:2 c:1 d:2
ab: 4.0
cd: 4.0
here2
x: Jotunn.Jint(Dict(5 => 0.7746059443199184, 20 => 0.7746059443199184, 12 => 0.44459112464305217, 14 => 0.2975905518822836, 17 => 0.5699948831825499, 19 => 0.44459112464305217))
i: 1 j:1 k:2 l:2
a: 1 b:1 c:2 d:2
ab: 2.0
cd: 5.0
here2
bla: 17
here
a: 1 b:1 c:2 d:2
ab: 2.0
cd: 5.0
here2
µ: 1, ν: 2, λ: 2, σ: 1
x: Jotunn.Jint(Dict(5 => 0.7746059443199184, 20 => 0.7746059443199184, 12 => 0.44459112464305217, 14 => 0.2975905518822836, 17 => 0.5699948831825499, 19 => 0.44459112464305217))
i: 1 j:2 k:2 l:1
a: 1 b:2 c:2 d:1
ab: 4.0
here2
bla: 14
here
a: 1 b:2 c:2 d:1
ab: 4.0
here2
x: Jotunn.Jint(Dict(5 => 0.7746059443199184, 20 => 0.7746059443199184, 12 => 0.44459112464305217, 14 => 0.2975905518822836, 17 => 0.5699948831825499, 19 => 0.44459112464305217))
i: 1 j:2 k:2 l:1
a: 1 b:2 c:2 d:1
ab: 4.0
here2
bla: 14
here
a: 1 b:2 c:2 d:1
ab: 4.0
here2
µ: 1, ν: 2, λ: 2, σ: 2
x: Jotunn.Jint(Dict(5 => 0.7746059443199184, 20 => 0.7746059443199184, 12 => 0.44459112464305217, 14 => 0.2975905518822836, 17 => 0.5699948831825499, 19 => 0.44459112464305217))
i: 1 j:2 k:2 l:2
a: 1 b:2 c:2 d:2
ab: 4.0
cd: 5.0
here2
bla: 19
here
a: 1 b:2 c:2 d:2
ab: 4.0
cd: 5.0
here2
x: Jotunn.Jint(Dict(5 => 0.7746059443199184, 20 => 0.7746059443199184, 12 => 0.44459112464305217, 14 => 0.2975905518822836, 17 => 0.5699948831825499, 19 => 0.44459112464305217))
i: 1 j:2 k:2 l:2
a: 1 b:2 c:2 d:2
ab: 4.0
cd: 5.0
here2
bla: 19
here
a: 1 b:2 c:2 d:2
ab: 4.0
cd: 5.0
here2
µ: 2, ν: 1, λ: 1, σ: 1
x: Jotunn.Jint(Dict(5 => 0.7746059443199184, 20 => 0.7746059443199184, 12 => 0.44459112464305217, 14 => 0.2975905518822836, 17 => 0.5699948831825499, 19 => 0.44459112464305217))
i: 2 j:1 k:1 l:1
a: 2 b:1 c:1 d:1
cd: 2.0
here1
bla: 12
here
a: 2 b:1 c:1 d:1
cd: 2.0
here1
x: Jotunn.Jint(Dict(5 => 0.7746059443199184, 20 => 0.7746059443199184, 12 => 0.44459112464305217, 14 => 0.2975905518822836, 17 => 0.5699948831825499, 19 => 0.44459112464305217))
i: 2 j:1 k:1 l:1
a: 2 b:1 c:1 d:1
cd: 2.0
here1
bla: 12
here
a: 2 b:1 c:1 d:1
cd: 2.0
here1
µ: 2, ν: 1, λ: 1, σ: 2
x: Jotunn.Jint(Dict(5 => 0.7746059443199184, 20 => 0.7746059443199184, 12 => 0.44459112464305217, 14 => 0.2975905518822836, 17 => 0.5699948831825499, 19 => 0.44459112464305217))
i: 2 j:1 k:1 l:2
a: 2 b:1 c:1 d:2
cd: 4.0
here2
bla: 14
here
a: 2 b:1 c:1 d:2
cd: 4.0
here2
x: Jotunn.Jint(Dict(5 => 0.7746059443199184, 20 => 0.7746059443199184, 12 => 0.44459112464305217, 14 => 0.2975905518822836, 17 => 0.5699948831825499, 19 => 0.44459112464305217))
i: 2 j:1 k:1 l:2
a: 2 b:1 c:1 d:2
cd: 4.0
here2
bla: 14
here
a: 2 b:1 c:1 d:2
cd: 4.0
here2
µ: 2, ν: 1, λ: 2, σ: 1
x: Jotunn.Jint(Dict(5 => 0.7746059443199184, 20 => 0.7746059443199184, 12 => 0.44459112464305217, 14 => 0.2975905518822836, 17 => 0.5699948831825499, 19 => 0.44459112464305217))
i: 2 j:1 k:2 l:1
a: 2 b:1 c:2 d:1
here2
bla: 14
here
a: 2 b:1 c:2 d:1
here2
x: Jotunn.Jint(Dict(5 => 0.7746059443199184, 20 => 0.7746059443199184, 12 => 0.44459112464305217, 14 => 0.2975905518822836, 17 => 0.5699948831825499, 19 => 0.44459112464305217))
i: 2 j:2 k:1 l:1
a: 2 b:2 c:1 d:1
ab: 5.0
cd: 2.0
here1
bla: 17
here
a: 2 b:2 c:1 d:1
ab: 5.0
cd: 2.0
here1
µ: 2, ν: 1, λ: 2, σ: 2
x: Jotunn.Jint(Dict(5 => 0.7746059443199184, 20 => 0.7746059443199184, 12 => 0.44459112464305217, 14 => 0.2975905518822836, 17 => 0.5699948831825499, 19 => 0.44459112464305217))
i: 2 j:1 k:2 l:2
a: 2 b:1 c:2 d:2
cd: 5.0
here2
bla: 19
here
a: 2 b:1 c:2 d:2
cd: 5.0
here2
x: Jotunn.Jint(Dict(5 => 0.7746059443199184, 20 => 0.7746059443199184, 12 => 0.44459112464305217, 14 => 0.2975905518822836, 17 => 0.5699948831825499, 19 => 0.44459112464305217))
i: 2 j:2 k:1 l:2
a: 2 b:2 c:1 d:2
ab: 5.0
cd: 4.0
here1
bla: 19
here
a: 2 b:2 c:1 d:2
ab: 5.0
cd: 4.0
here1
µ: 2, ν: 2, λ: 1, σ: 1
x: Jotunn.Jint(Dict(5 => 0.7746059443199184, 20 => 0.7746059443199184, 12 => 0.44459112464305217, 14 => 0.2975905518822836, 17 => 0.5699948831825499, 19 => 0.44459112464305217))
i: 2 j:2 k:1 l:1
a: 2 b:2 c:1 d:1
ab: 5.0
cd: 2.0
here1
bla: 17
here
a: 2 b:2 c:1 d:1
ab: 5.0
cd: 2.0
here1
x: Jotunn.Jint(Dict(5 => 0.7746059443199184, 20 => 0.7746059443199184, 12 => 0.44459112464305217, 14 => 0.2975905518822836, 17 => 0.5699948831825499, 19 => 0.44459112464305217))
i: 2 j:1 k:2 l:1
a: 2 b:1 c:2 d:1
here2
bla: 14
here
a: 2 b:1 c:2 d:1
here2
µ: 2, ν: 2, λ: 1, σ: 2
x: Jotunn.Jint(Dict(5 => 0.7746059443199184, 20 => 0.7746059443199184, 12 => 0.44459112464305217, 14 => 0.2975905518822836, 17 => 0.5699948831825499, 19 => 0.44459112464305217))
i: 2 j:2 k:1 l:2
a: 2 b:2 c:1 d:2
ab: 5.0
cd: 4.0
here1
bla: 19
here
a: 2 b:2 c:1 d:2
ab: 5.0
cd: 4.0
here1
x: Jotunn.Jint(Dict(5 => 0.7746059443199184, 20 => 0.7746059443199184, 12 => 0.44459112464305217, 14 => 0.2975905518822836, 17 => 0.5699948831825499, 19 => 0.44459112464305217))
i: 2 j:1 k:2 l:2
a: 2 b:1 c:2 d:2
cd: 5.0
here2
bla: 19
here
a: 2 b:1 c:2 d:2
cd: 5.0
here2
µ: 2, ν: 2, λ: 2, σ: 1
x: Jotunn.Jint(Dict(5 => 0.7746059443199184, 20 => 0.7746059443199184, 12 => 0.44459112464305217, 14 => 0.2975905518822836, 17 => 0.5699948831825499, 19 => 0.44459112464305217))
i: 2 j:2 k:2 l:1
a: 2 b:2 c:2 d:1
ab: 5.0
here1
bla: 19
here
a: 2 b:2 c:2 d:1
ab: 5.0
here1
x: Jotunn.Jint(Dict(5 => 0.7746059443199184, 20 => 0.7746059443199184, 12 => 0.44459112464305217, 14 => 0.2975905518822836, 17 => 0.5699948831825499, 19 => 0.44459112464305217))
i: 2 j:2 k:2 l:1
a: 2 b:2 c:2 d:1
ab: 5.0
here1
bla: 19
here
a: 2 b:2 c:2 d:1
ab: 5.0
here1
µ: 2, ν: 2, λ: 2, σ: 2
x: Jotunn.Jint(Dict(5 => 0.7746059443199184, 20 => 0.7746059443199184, 12 => 0.44459112464305217, 14 => 0.2975905518822836, 17 => 0.5699948831825499, 19 => 0.44459112464305217))
i: 2 j:2 k:2 l:2
a: 2 b:2 c:2 d:2
ab: 5.0
cd: 5.0
here2
bla: 20
here
a: 2 b:2 c:2 d:2
ab: 5.0
cd: 5.0
here2
x: Jotunn.Jint(Dict(5 => 0.7746059443199184, 20 => 0.7746059443199184, 12 => 0.44459112464305217, 14 => 0.2975905518822836, 17 => 0.5699948831825499, 19 => 0.44459112464305217))
i: 2 j:2 k:2 l:2
a: 2 b:2 c:2 d:2
ab: 5.0
cd: 5.0
here2
bla: 20
here
a: 2 b:2 c:2 d:2
ab: 5.0
cd: 5.0
here2
   2   -1.386661679[31m     0.404853557[0m[31m   0.240982274[0m[31m  -0.240982274[0m[39m   false[0m[33m    true[0m[39m   false[0m
µ: 1, ν: 1, λ: 1, σ: 1
x: Jotunn.Jint(Dict(5 => 0.7746059443199184, 20 => 0.7746059443199184, 12 => 0.44459112464305217, 14 => 0.2975905518822836, 17 => 0.5699948831825499, 19 => 0.44459112464305217))
i: 1 j:1 k:1 l:1
a: 1 b:1 c:1 d:1
ab: 2.0
cd: 2.0
here2
bla: 5
here
a: 1 b:1 c:1 d:1
ab: 2.0
cd: 2.0
here2
x: Jotunn.Jint(Dict(5 => 0.7746059443199184, 20 => 0.7746059443199184, 12 => 0.44459112464305217, 14 => 0.2975905518822836, 17 => 0.5699948831825499, 19 => 0.44459112464305217))
i: 1 j:1 k:1 l:1
a: 1 b:1 c:1 d:1
ab: 2.0
cd: 2.0
here2
bla: 5
here
a: 1 b:1 c:1 d:1
ab: 2.0
cd: 2.0
here2
µ: 1, ν: 1, λ: 1, σ: 2
x: Jotunn.Jint(Dict(5 => 0.7746059443199184, 20 => 0.7746059443199184, 12 => 0.44459112464305217, 14 => 0.2975905518822836, 17 => 0.5699948831825499, 19 => 0.44459112464305217))
i: 1 j:1 k:1 l:2
a: 1 b:1 c:1 d:2
ab: 2.0
cd: 4.0
here2
bla: 12
here
a: 1 b:1 c:1 d:2
ab: 2.0
cd: 4.0
here2
x: Jotunn.Jint(Dict(5 => 0.7746059443199184, 20 => 0.7746059443199184, 12 => 0.44459112464305217, 14 => 0.2975905518822836, 17 => 0.5699948831825499, 19 => 0.44459112464305217))
i: 1 j:1 k:1 l:2
a: 1 b:1 c:1 d:2
ab: 2.0
cd: 4.0
here2
bla: 12
here
a: 1 b:1 c:1 d:2
ab: 2.0
cd: 4.0
here2
µ: 1, ν: 1, λ: 2, σ: 1
x: Jotunn.Jint(Dict(5 => 0.7746059443199184, 20 => 0.7746059443199184, 12 => 0.44459112464305217, 14 => 0.2975905518822836, 17 => 0.5699948831825499, 19 => 0.44459112464305217))
i: 1 j:1 k:2 l:1
a: 1 b:1 c:2 d:1
ab: 2.0
here2
bla: 12
here
a: 1 b:1 c:2 d:1
ab: 2.0
here2
x: Jotunn.Jint(Dict(5 => 0.7746059443199184, 20 => 0.7746059443199184, 12 => 0.44459112464305217, 14 => 0.2975905518822836, 17 => 0.5699948831825499, 19 => 0.44459112464305217))
i: 1 j:2 k:1 l:1
a: 1 b:2 c:1 d:1
ab: 4.0
cd: 2.0
here1
bla: 12
here
a: 1 b:2 c:1 d:1
ab: 4.0
cd: 2.0
here1
µ: 1, ν: 1, λ: 2, σ: 2
x: Jotunn.Jint(Dict(5 => 0.7746059443199184, 20 => 0.7746059443199184, 12 => 0.44459112464305217, 14 => 0.2975905518822836, 17 => 0.5699948831825499, 19 => 0.44459112464305217))
i: 1 j:1 k:2 l:2
a: 1 b:1 c:2 d:2
ab: 2.0
cd: 5.0
here2
bla: 17
here
a: 1 b:1 c:2 d:2
ab: 2.0
cd: 5.0
here2
x: Jotunn.Jint(Dict(5 => 0.7746059443199184, 20 => 0.7746059443199184, 12 => 0.44459112464305217, 14 => 0.2975905518822836, 17 => 0.5699948831825499, 19 => 0.44459112464305217))
i: 1 j:2 k:1 l:2
a: 1 b:2 c:1 d:2
ab: 4.0
cd: 4.0
here2
bla: 14
here
a: 1 b:2 c:1 d:2
ab: 4.0
cd: 4.0
here2
µ: 1, ν: 2, λ: 1, σ: 1
x: Jotunn.Jint(Dict(5 => 0.7746059443199184, 20 => 0.7746059443199184, 12 => 0.44459112464305217, 14 => 0.2975905518822836, 17 => 0.5699948831825499, 19 => 0.44459112464305217))
i: 1 j:2 k:1 l:1
a: 1 b:2 c:1 d:1
ab: 4.0
cd: 2.0
here1
bla: 12
here
a: 1 b:2 c:1 d:1
ab: 4.0
cd: 2.0
here1
x: Jotunn.Jint(Dict(5 => 0.7746059443199184, 20 => 0.7746059443199184, 12 => 0.44459112464305217, 14 => 0.2975905518822836, 17 => 0.5699948831825499, 19 => 0.44459112464305217))
i: 1 j:1 k:2 l:1
a: 1 b:1 c:2 d:1
ab: 2.0
here2
bla: 12
here
a: 1 b:1 c:2 d:1
ab: 2.0
here2
µ: 1, ν: 2, λ: 1, σ: 2
x: Jotunn.Jint(Dict(5 => 0.7746059443199184, 20 => 0.7746059443199184, 12 => 0.44459112464305217, 14 => 0.2975905518822836, 17 => 0.5699948831825499, 19 => 0.44459112464305217))
i: 1 j:2 k:1 l:2
a: 1 b:2 c:1 d:2
ab: 4.0
cd: 4.0
here2
bla: 14
here
a: 1 b:2 c:1 d:2
ab: 4.0
cd: 4.0
here2
x: Jotunn.Jint(Dict(5 => 0.7746059443199184, 20 => 0.7746059443199184, 12 => 0.44459112464305217, 14 => 0.2975905518822836, 17 => 0.5699948831825499, 19 => 0.44459112464305217))
i: 1 j:1 k:2 l:2
a: 1 b:1 c:2 d:2
ab: 2.0
cd: 5.0
here2
bla: 17
here
a: 1 b:1 c:2 d:2
ab: 2.0
cd: 5.0
here2
µ: 1, ν: 2, λ: 2, σ: 1
x: Jotunn.Jint(Dict(5 => 0.7746059443199184, 20 => 0.7746059443199184, 12 => 0.44459112464305217, 14 => 0.2975905518822836, 17 => 0.5699948831825499, 19 => 0.44459112464305217))
i: 1 j:2 k:2 l:1
a: 1 b:2 c:2 d:1
ab: 4.0
here2
bla: 14
here
a: 1 b:2 c:2 d:1
ab: 4.0
here2
x: Jotunn.Jint(Dict(5 => 0.7746059443199184, 20 => 0.7746059443199184, 12 => 0.44459112464305217, 14 => 0.2975905518822836, 17 => 0.5699948831825499, 19 => 0.44459112464305217))
i: 1 j:2 k:2 l:1
a: 1 b:2 c:2 d:1
ab: 4.0
here2
bla: 14
here
a: 1 b:2 c:2 d:1
ab: 4.0
here2
µ: 1, ν: 2, λ: 2, σ: 2
x: Jotunn.Jint(Dict(5 => 0.7746059443199184, 20 => 0.7746059443199184, 12 => 0.44459112464305217, 14 => 0.2975905518822836, 17 => 0.5699948831825499, 19 => 0.44459112464305217))
i: 1 j:2 k:2 l:2
a: 1 b:2 c:2 d:2
ab: 4.0
cd: 5.0
here2
bla: 19
here
a: 1 b:2 c:2 d:2
ab: 4.0
cd: 5.0
here2
x: Jotunn.Jint(Dict(5 => 0.7746059443199184, 20 => 0.7746059443199184, 12 => 0.44459112464305217, 14 => 0.2975905518822836, 17 => 0.5699948831825499, 19 => 0.44459112464305217))
i: 1 j:2 k:2 l:2
a: 1 b:2 c:2 d:2
ab: 4.0
cd: 5.0
here2
bla: 19
here
a: 1 b:2 c:2 d:2
ab: 4.0
cd: 5.0
here2
µ: 2, ν: 1, λ: 1, σ: 1
x: Jotunn.Jint(Dict(5 => 0.7746059443199184, 20 => 0.7746059443199184, 12 => 0.44459112464305217, 14 => 0.2975905518822836, 17 => 0.5699948831825499, 19 => 0.44459112464305217))
i: 2 j:1 k:1 l:1
a: 2 b:1 c:1 d:1
cd: 2.0
here1
bla: 12
here
a: 2 b:1 c:1 d:1
cd: 2.0
here1
x: Jotunn.Jint(Dict(5 => 0.7746059443199184, 20 => 0.7746059443199184, 12 => 0.44459112464305217, 14 => 0.2975905518822836, 17 => 0.5699948831825499, 19 => 0.44459112464305217))
i: 2 j:1 k:1 l:1
a: 2 b:1 c:1 d:1
cd: 2.0
here1
bla: 12
here
a: 2 b:1 c:1 d:1
cd: 2.0
here1
µ: 2, ν: 1, λ: 1, σ: 2
x: Jotunn.Jint(Dict(5 => 0.7746059443199184, 20 => 0.7746059443199184, 12 => 0.44459112464305217, 14 => 0.2975905518822836, 17 => 0.5699948831825499, 19 => 0.44459112464305217))
i: 2 j:1 k:1 l:2
a: 2 b:1 c:1 d:2
cd: 4.0
here2
bla: 14
here
a: 2 b:1 c:1 d:2
cd: 4.0
here2
x: Jotunn.Jint(Dict(5 => 0.7746059443199184, 20 => 0.7746059443199184, 12 => 0.44459112464305217, 14 => 0.2975905518822836, 17 => 0.5699948831825499, 19 => 0.44459112464305217))
i: 2 j:1 k:1 l:2
a: 2 b:1 c:1 d:2
cd: 4.0
here2
bla: 14
here
a: 2 b:1 c:1 d:2
cd: 4.0
here2
µ: 2, ν: 1, λ: 2, σ: 1
x: Jotunn.Jint(Dict(5 => 0.7746059443199184, 20 => 0.7746059443199184, 12 => 0.44459112464305217, 14 => 0.2975905518822836, 17 => 0.5699948831825499, 19 => 0.44459112464305217))
i: 2 j:1 k:2 l:1
a: 2 b:1 c:2 d:1
here2
bla: 14
here
a: 2 b:1 c:2 d:1
here2
x: Jotunn.Jint(Dict(5 => 0.7746059443199184, 20 => 0.7746059443199184, 12 => 0.44459112464305217, 14 => 0.2975905518822836, 17 => 0.5699948831825499, 19 => 0.44459112464305217))
i: 2 j:2 k:1 l:1
a: 2 b:2 c:1 d:1
ab: 5.0
cd: 2.0
here1
bla: 17
here
a: 2 b:2 c:1 d:1
ab: 5.0
cd: 2.0
here1
µ: 2, ν: 1, λ: 2, σ: 2
x: Jotunn.Jint(Dict(5 => 0.7746059443199184, 20 => 0.7746059443199184, 12 => 0.44459112464305217, 14 => 0.2975905518822836, 17 => 0.5699948831825499, 19 => 0.44459112464305217))
i: 2 j:1 k:2 l:2
a: 2 b:1 c:2 d:2
cd: 5.0
here2
bla: 19
here
a: 2 b:1 c:2 d:2
cd: 5.0
here2
x: Jotunn.Jint(Dict(5 => 0.7746059443199184, 20 => 0.7746059443199184, 12 => 0.44459112464305217, 14 => 0.2975905518822836, 17 => 0.5699948831825499, 19 => 0.44459112464305217))
i: 2 j:2 k:1 l:2
a: 2 b:2 c:1 d:2
ab: 5.0
cd: 4.0
here1
bla: 19
here
a: 2 b:2 c:1 d:2
ab: 5.0
cd: 4.0
here1
µ: 2, ν: 2, λ: 1, σ: 1
x: Jotunn.Jint(Dict(5 => 0.7746059443199184, 20 => 0.7746059443199184, 12 => 0.44459112464305217, 14 => 0.2975905518822836, 17 => 0.5699948831825499, 19 => 0.44459112464305217))
i: 2 j:2 k:1 l:1
a: 2 b:2 c:1 d:1
ab: 5.0
cd: 2.0
here1
bla: 17
here
a: 2 b:2 c:1 d:1
ab: 5.0
cd: 2.0
here1
x: Jotunn.Jint(Dict(5 => 0.7746059443199184, 20 => 0.7746059443199184, 12 => 0.44459112464305217, 14 => 0.2975905518822836, 17 => 0.5699948831825499, 19 => 0.44459112464305217))
i: 2 j:1 k:2 l:1
a: 2 b:1 c:2 d:1
here2
bla: 14
here
a: 2 b:1 c:2 d:1
here2
µ: 2, ν: 2, λ: 1, σ: 2
x: Jotunn.Jint(Dict(5 => 0.7746059443199184, 20 => 0.7746059443199184, 12 => 0.44459112464305217, 14 => 0.2975905518822836, 17 => 0.5699948831825499, 19 => 0.44459112464305217))
i: 2 j:2 k:1 l:2
a: 2 b:2 c:1 d:2
ab: 5.0
cd: 4.0
here1
bla: 19
here
a: 2 b:2 c:1 d:2
ab: 5.0
cd: 4.0
here1
x: Jotunn.Jint(Dict(5 => 0.7746059443199184, 20 => 0.7746059443199184, 12 => 0.44459112464305217, 14 => 0.2975905518822836, 17 => 0.5699948831825499, 19 => 0.44459112464305217))
i: 2 j:1 k:2 l:2
a: 2 b:1 c:2 d:2
cd: 5.0
here2
bla: 19
here
a: 2 b:1 c:2 d:2
cd: 5.0
here2
µ: 2, ν: 2, λ: 2, σ: 1
x: Jotunn.Jint(Dict(5 => 0.7746059443199184, 20 => 0.7746059443199184, 12 => 0.44459112464305217, 14 => 0.2975905518822836, 17 => 0.5699948831825499, 19 => 0.44459112464305217))
i: 2 j:2 k:2 l:1
a: 2 b:2 c:2 d:1
ab: 5.0
here1
bla: 19
here
a: 2 b:2 c:2 d:1
ab: 5.0
here1
x: Jotunn.Jint(Dict(5 => 0.7746059443199184, 20 => 0.7746059443199184, 12 => 0.44459112464305217, 14 => 0.2975905518822836, 17 => 0.5699948831825499, 19 => 0.44459112464305217))
i: 2 j:2 k:2 l:1
a: 2 b:2 c:2 d:1
ab: 5.0
here1
bla: 19
here
a: 2 b:2 c:2 d:1
ab: 5.0
here1
µ: 2, ν: 2, λ: 2, σ: 2
x: Jotunn.Jint(Dict(5 => 0.7746059443199184, 20 => 0.7746059443199184, 12 => 0.44459112464305217, 14 => 0.2975905518822836, 17 => 0.5699948831825499, 19 => 0.44459112464305217))
i: 2 j:2 k:2 l:2
a: 2 b:2 c:2 d:2
ab: 5.0
cd: 5.0
here2
bla: 20
here
a: 2 b:2 c:2 d:2
ab: 5.0
cd: 5.0
here2
x: Jotunn.Jint(Dict(5 => 0.7746059443199184, 20 => 0.7746059443199184, 12 => 0.44459112464305217, 14 => 0.2975905518822836, 17 => 0.5699948831825499, 19 => 0.44459112464305217))
i: 2 j:2 k:2 l:2
a: 2 b:2 c:2 d:2
ab: 5.0
cd: 5.0
here2
bla: 20
here
a: 2 b:2 c:2 d:2
ab: 5.0
cd: 5.0
here2
   3   -1.224720256[31m     0.161941423[0m[31m   0.096392910[0m[31m  -0.096392910[0m[39m   false[0m[33m    true[0m[39m   false[0m
µ: 1, ν: 1, λ: 1, σ: 1
x: Jotunn.Jint(Dict(5 => 0.7746059443199184, 20 => 0.7746059443199184, 12 => 0.44459112464305217, 14 => 0.2975905518822836, 17 => 0.5699948831825499, 19 => 0.44459112464305217))
i: 1 j:1 k:1 l:1
a: 1 b:1 c:1 d:1
ab: 2.0
cd: 2.0
here2
bla: 5
here
a: 1 b:1 c:1 d:1
ab: 2.0
cd: 2.0
here2
x: Jotunn.Jint(Dict(5 => 0.7746059443199184, 20 => 0.7746059443199184, 12 => 0.44459112464305217, 14 => 0.2975905518822836, 17 => 0.5699948831825499, 19 => 0.44459112464305217))
i: 1 j:1 k:1 l:1
a: 1 b:1 c:1 d:1
ab: 2.0
cd: 2.0
here2
bla: 5
here
a: 1 b:1 c:1 d:1
ab: 2.0
cd: 2.0
here2
µ: 1, ν: 1, λ: 1, σ: 2
x: Jotunn.Jint(Dict(5 => 0.7746059443199184, 20 => 0.7746059443199184, 12 => 0.44459112464305217, 14 => 0.2975905518822836, 17 => 0.5699948831825499, 19 => 0.44459112464305217))
i: 1 j:1 k:1 l:2
a: 1 b:1 c:1 d:2
ab: 2.0
cd: 4.0
here2
bla: 12
here
a: 1 b:1 c:1 d:2
ab: 2.0
cd: 4.0
here2
x: Jotunn.Jint(Dict(5 => 0.7746059443199184, 20 => 0.7746059443199184, 12 => 0.44459112464305217, 14 => 0.2975905518822836, 17 => 0.5699948831825499, 19 => 0.44459112464305217))
i: 1 j:1 k:1 l:2
a: 1 b:1 c:1 d:2
ab: 2.0
cd: 4.0
here2
bla: 12
here
a: 1 b:1 c:1 d:2
ab: 2.0
cd: 4.0
here2
µ: 1, ν: 1, λ: 2, σ: 1
x: Jotunn.Jint(Dict(5 => 0.7746059443199184, 20 => 0.7746059443199184, 12 => 0.44459112464305217, 14 => 0.2975905518822836, 17 => 0.5699948831825499, 19 => 0.44459112464305217))
i: 1 j:1 k:2 l:1
a: 1 b:1 c:2 d:1
ab: 2.0
here2
bla: 12
here
a: 1 b:1 c:2 d:1
ab: 2.0
here2
x: Jotunn.Jint(Dict(5 => 0.7746059443199184, 20 => 0.7746059443199184, 12 => 0.44459112464305217, 14 => 0.2975905518822836, 17 => 0.5699948831825499, 19 => 0.44459112464305217))
i: 1 j:2 k:1 l:1
a: 1 b:2 c:1 d:1
ab: 4.0
cd: 2.0
here1
bla: 12
here
a: 1 b:2 c:1 d:1
ab: 4.0
cd: 2.0
here1
µ: 1, ν: 1, λ: 2, σ: 2
x: Jotunn.Jint(Dict(5 => 0.7746059443199184, 20 => 0.7746059443199184, 12 => 0.44459112464305217, 14 => 0.2975905518822836, 17 => 0.5699948831825499, 19 => 0.44459112464305217))
i: 1 j:1 k:2 l:2
a: 1 b:1 c:2 d:2
ab: 2.0
cd: 5.0
here2
bla: 17
here
a: 1 b:1 c:2 d:2
ab: 2.0
cd: 5.0
here2
x: Jotunn.Jint(Dict(5 => 0.7746059443199184, 20 => 0.7746059443199184, 12 => 0.44459112464305217, 14 => 0.2975905518822836, 17 => 0.5699948831825499, 19 => 0.44459112464305217))
i: 1 j:2 k:1 l:2
a: 1 b:2 c:1 d:2
ab: 4.0
cd: 4.0
here2
bla: 14
here
a: 1 b:2 c:1 d:2
ab: 4.0
cd: 4.0
here2
µ: 1, ν: 2, λ: 1, σ: 1
x: Jotunn.Jint(Dict(5 => 0.7746059443199184, 20 => 0.7746059443199184, 12 => 0.44459112464305217, 14 => 0.2975905518822836, 17 => 0.5699948831825499, 19 => 0.44459112464305217))
i: 1 j:2 k:1 l:1
a: 1 b:2 c:1 d:1
ab: 4.0
cd: 2.0
here1
bla: 12
here
a: 1 b:2 c:1 d:1
ab: 4.0
cd: 2.0
here1
x: Jotunn.Jint(Dict(5 => 0.7746059443199184, 20 => 0.7746059443199184, 12 => 0.44459112464305217, 14 => 0.2975905518822836, 17 => 0.5699948831825499, 19 => 0.44459112464305217))
i: 1 j:1 k:2 l:1
a: 1 b:1 c:2 d:1
ab: 2.0
here2
bla: 12
here
a: 1 b:1 c:2 d:1
ab: 2.0
here2
µ: 1, ν: 2, λ: 1, σ: 2
x: Jotunn.Jint(Dict(5 => 0.7746059443199184, 20 => 0.7746059443199184, 12 => 0.44459112464305217, 14 => 0.2975905518822836, 17 => 0.5699948831825499, 19 => 0.44459112464305217))
i: 1 j:2 k:1 l:2
a: 1 b:2 c:1 d:2
ab: 4.0
cd: 4.0
here2
bla: 14
here
a: 1 b:2 c:1 d:2
ab: 4.0
cd: 4.0
here2
x: Jotunn.Jint(Dict(5 => 0.7746059443199184, 20 => 0.7746059443199184, 12 => 0.44459112464305217, 14 => 0.2975905518822836, 17 => 0.5699948831825499, 19 => 0.44459112464305217))
i: 1 j:1 k:2 l:2
a: 1 b:1 c:2 d:2
ab: 2.0
cd: 5.0
here2
bla: 17
here
a: 1 b:1 c:2 d:2
ab: 2.0
cd: 5.0
here2
µ: 1, ν: 2, λ: 2, σ: 1
x: Jotunn.Jint(Dict(5 => 0.7746059443199184, 20 => 0.7746059443199184, 12 => 0.44459112464305217, 14 => 0.2975905518822836, 17 => 0.5699948831825499, 19 => 0.44459112464305217))
i: 1 j:2 k:2 l:1
a: 1 b:2 c:2 d:1
ab: 4.0
here2
bla: 14
here
a: 1 b:2 c:2 d:1
ab: 4.0
here2
x: Jotunn.Jint(Dict(5 => 0.7746059443199184, 20 => 0.7746059443199184, 12 => 0.44459112464305217, 14 => 0.2975905518822836, 17 => 0.5699948831825499, 19 => 0.44459112464305217))
i: 1 j:2 k:2 l:1
a: 1 b:2 c:2 d:1
ab: 4.0
here2
bla: 14
here
a: 1 b:2 c:2 d:1
ab: 4.0
here2
µ: 1, ν: 2, λ: 2, σ: 2
x: Jotunn.Jint(Dict(5 => 0.7746059443199184, 20 => 0.7746059443199184, 12 => 0.44459112464305217, 14 => 0.2975905518822836, 17 => 0.5699948831825499, 19 => 0.44459112464305217))
i: 1 j:2 k:2 l:2
a: 1 b:2 c:2 d:2
ab: 4.0
cd: 5.0
here2
bla: 19
here
a: 1 b:2 c:2 d:2
ab: 4.0
cd: 5.0
here2
x: Jotunn.Jint(Dict(5 => 0.7746059443199184, 20 => 0.7746059443199184, 12 => 0.44459112464305217, 14 => 0.2975905518822836, 17 => 0.5699948831825499, 19 => 0.44459112464305217))
i: 1 j:2 k:2 l:2
a: 1 b:2 c:2 d:2
ab: 4.0
cd: 5.0
here2
bla: 19
here
a: 1 b:2 c:2 d:2
ab: 4.0
cd: 5.0
here2
µ: 2, ν: 1, λ: 1, σ: 1
x: Jotunn.Jint(Dict(5 => 0.7746059443199184, 20 => 0.7746059443199184, 12 => 0.44459112464305217, 14 => 0.2975905518822836, 17 => 0.5699948831825499, 19 => 0.44459112464305217))
i: 2 j:1 k:1 l:1
a: 2 b:1 c:1 d:1
cd: 2.0
here1
bla: 12
here
a: 2 b:1 c:1 d:1
cd: 2.0
here1
x: Jotunn.Jint(Dict(5 => 0.7746059443199184, 20 => 0.7746059443199184, 12 => 0.44459112464305217, 14 => 0.2975905518822836, 17 => 0.5699948831825499, 19 => 0.44459112464305217))
i: 2 j:1 k:1 l:1
a: 2 b:1 c:1 d:1
cd: 2.0
here1
bla: 12
here
a: 2 b:1 c:1 d:1
cd: 2.0
here1
µ: 2, ν: 1, λ: 1, σ: 2
x: Jotunn.Jint(Dict(5 => 0.7746059443199184, 20 => 0.7746059443199184, 12 => 0.44459112464305217, 14 => 0.2975905518822836, 17 => 0.5699948831825499, 19 => 0.44459112464305217))
i: 2 j:1 k:1 l:2
a: 2 b:1 c:1 d:2
cd: 4.0
here2
bla: 14
here
a: 2 b:1 c:1 d:2
cd: 4.0
here2
x: Jotunn.Jint(Dict(5 => 0.7746059443199184, 20 => 0.7746059443199184, 12 => 0.44459112464305217, 14 => 0.2975905518822836, 17 => 0.5699948831825499, 19 => 0.44459112464305217))
i: 2 j:1 k:1 l:2
a: 2 b:1 c:1 d:2
cd: 4.0
here2
bla: 14
here
a: 2 b:1 c:1 d:2
cd: 4.0
here2
µ: 2, ν: 1, λ: 2, σ: 1
x: Jotunn.Jint(Dict(5 => 0.7746059443199184, 20 => 0.7746059443199184, 12 => 0.44459112464305217, 14 => 0.2975905518822836, 17 => 0.5699948831825499, 19 => 0.44459112464305217))
i: 2 j:1 k:2 l:1
a: 2 b:1 c:2 d:1
here2
bla: 14
here
a: 2 b:1 c:2 d:1
here2
x: Jotunn.Jint(Dict(5 => 0.7746059443199184, 20 => 0.7746059443199184, 12 => 0.44459112464305217, 14 => 0.2975905518822836, 17 => 0.5699948831825499, 19 => 0.44459112464305217))
i: 2 j:2 k:1 l:1
a: 2 b:2 c:1 d:1
ab: 5.0
cd: 2.0
here1
bla: 17
here
a: 2 b:2 c:1 d:1
ab: 5.0
cd: 2.0
here1
µ: 2, ν: 1, λ: 2, σ: 2
x: Jotunn.Jint(Dict(5 => 0.7746059443199184, 20 => 0.7746059443199184, 12 => 0.44459112464305217, 14 => 0.2975905518822836, 17 => 0.5699948831825499, 19 => 0.44459112464305217))
i: 2 j:1 k:2 l:2
a: 2 b:1 c:2 d:2
cd: 5.0
here2
bla: 19
here
a: 2 b:1 c:2 d:2
cd: 5.0
here2
x: Jotunn.Jint(Dict(5 => 0.7746059443199184, 20 => 0.7746059443199184, 12 => 0.44459112464305217, 14 => 0.2975905518822836, 17 => 0.5699948831825499, 19 => 0.44459112464305217))
i: 2 j:2 k:1 l:2
a: 2 b:2 c:1 d:2
ab: 5.0
cd: 4.0
here1
bla: 19
here
a: 2 b:2 c:1 d:2
ab: 5.0
cd: 4.0
here1
µ: 2, ν: 2, λ: 1, σ: 1
x: Jotunn.Jint(Dict(5 => 0.7746059443199184, 20 => 0.7746059443199184, 12 => 0.44459112464305217, 14 => 0.2975905518822836, 17 => 0.5699948831825499, 19 => 0.44459112464305217))
i: 2 j:2 k:1 l:1
a: 2 b:2 c:1 d:1
ab: 5.0
cd: 2.0
here1
bla: 17
here
a: 2 b:2 c:1 d:1
ab: 5.0
cd: 2.0
here1
x: Jotunn.Jint(Dict(5 => 0.7746059443199184, 20 => 0.7746059443199184, 12 => 0.44459112464305217, 14 => 0.2975905518822836, 17 => 0.5699948831825499, 19 => 0.44459112464305217))
i: 2 j:1 k:2 l:1
a: 2 b:1 c:2 d:1
here2
bla: 14
here
a: 2 b:1 c:2 d:1
here2
µ: 2, ν: 2, λ: 1, σ: 2
x: Jotunn.Jint(Dict(5 => 0.7746059443199184, 20 => 0.7746059443199184, 12 => 0.44459112464305217, 14 => 0.2975905518822836, 17 => 0.5699948831825499, 19 => 0.44459112464305217))
i: 2 j:2 k:1 l:2
a: 2 b:2 c:1 d:2
ab: 5.0
cd: 4.0
here1
bla: 19
here
a: 2 b:2 c:1 d:2
ab: 5.0
cd: 4.0
here1
x: Jotunn.Jint(Dict(5 => 0.7746059443199184, 20 => 0.7746059443199184, 12 => 0.44459112464305217, 14 => 0.2975905518822836, 17 => 0.5699948831825499, 19 => 0.44459112464305217))
i: 2 j:1 k:2 l:2
a: 2 b:1 c:2 d:2
cd: 5.0
here2
bla: 19
here
a: 2 b:1 c:2 d:2
cd: 5.0
here2
µ: 2, ν: 2, λ: 2, σ: 1
x: Jotunn.Jint(Dict(5 => 0.7746059443199184, 20 => 0.7746059443199184, 12 => 0.44459112464305217, 14 => 0.2975905518822836, 17 => 0.5699948831825499, 19 => 0.44459112464305217))
i: 2 j:2 k:2 l:1
a: 2 b:2 c:2 d:1
ab: 5.0
here1
bla: 19
here
a: 2 b:2 c:2 d:1
ab: 5.0
here1
x: Jotunn.Jint(Dict(5 => 0.7746059443199184, 20 => 0.7746059443199184, 12 => 0.44459112464305217, 14 => 0.2975905518822836, 17 => 0.5699948831825499, 19 => 0.44459112464305217))
i: 2 j:2 k:2 l:1
a: 2 b:2 c:2 d:1
ab: 5.0
here1
bla: 19
here
a: 2 b:2 c:2 d:1
ab: 5.0
here1
µ: 2, ν: 2, λ: 2, σ: 2
x: Jotunn.Jint(Dict(5 => 0.7746059443199184, 20 => 0.7746059443199184, 12 => 0.44459112464305217, 14 => 0.2975905518822836, 17 => 0.5699948831825499, 19 => 0.44459112464305217))
i: 2 j:2 k:2 l:2
a: 2 b:2 c:2 d:2
ab: 5.0
cd: 5.0
here2
bla: 20
here
a: 2 b:2 c:2 d:2
ab: 5.0
cd: 5.0
here2
x: Jotunn.Jint(Dict(5 => 0.7746059443199184, 20 => 0.7746059443199184, 12 => 0.44459112464305217, 14 => 0.2975905518822836, 17 => 0.5699948831825499, 19 => 0.44459112464305217))
i: 2 j:2 k:2 l:2
a: 2 b:2 c:2 d:2
ab: 5.0
cd: 5.0
here2
bla: 20
here
a: 2 b:2 c:2 d:2
ab: 5.0
cd: 5.0
here2
   4   -1.159943687[31m     0.064776569[0m[31m   0.038557164[0m[31m  -0.038557164[0m[39m   false[0m[33m    true[0m[39m   false[0m
µ: 1, ν: 1, λ: 1, σ: 1
x: Jotunn.Jint(Dict(5 => 0.7746059443199184, 20 => 0.7746059443199184, 12 => 0.44459112464305217, 14 => 0.2975905518822836, 17 => 0.5699948831825499, 19 => 0.44459112464305217))
i: 1 j:1 k:1 l:1
a: 1 b:1 c:1 d:1
ab: 2.0
cd: 2.0
here2
bla: 5
here
a: 1 b:1 c:1 d:1
ab: 2.0
cd: 2.0
here2
x: Jotunn.Jint(Dict(5 => 0.7746059443199184, 20 => 0.7746059443199184, 12 => 0.44459112464305217, 14 => 0.2975905518822836, 17 => 0.5699948831825499, 19 => 0.44459112464305217))
i: 1 j:1 k:1 l:1
a: 1 b:1 c:1 d:1
ab: 2.0
cd: 2.0
here2
bla: 5
here
a: 1 b:1 c:1 d:1
ab: 2.0
cd: 2.0
here2
µ: 1, ν: 1, λ: 1, σ: 2
x: Jotunn.Jint(Dict(5 => 0.7746059443199184, 20 => 0.7746059443199184, 12 => 0.44459112464305217, 14 => 0.2975905518822836, 17 => 0.5699948831825499, 19 => 0.44459112464305217))
i: 1 j:1 k:1 l:2
a: 1 b:1 c:1 d:2
ab: 2.0
cd: 4.0
here2
bla: 12
here
a: 1 b:1 c:1 d:2
ab: 2.0
cd: 4.0
here2
x: Jotunn.Jint(Dict(5 => 0.7746059443199184, 20 => 0.7746059443199184, 12 => 0.44459112464305217, 14 => 0.2975905518822836, 17 => 0.5699948831825499, 19 => 0.44459112464305217))
i: 1 j:1 k:1 l:2
a: 1 b:1 c:1 d:2
ab: 2.0
cd: 4.0
here2
bla: 12
here
a: 1 b:1 c:1 d:2
ab: 2.0
cd: 4.0
here2
µ: 1, ν: 1, λ: 2, σ: 1
x: Jotunn.Jint(Dict(5 => 0.7746059443199184, 20 => 0.7746059443199184, 12 => 0.44459112464305217, 14 => 0.2975905518822836, 17 => 0.5699948831825499, 19 => 0.44459112464305217))
i: 1 j:1 k:2 l:1
a: 1 b:1 c:2 d:1
ab: 2.0
here2
bla: 12
here
a: 1 b:1 c:2 d:1
ab: 2.0
here2
x: Jotunn.Jint(Dict(5 => 0.7746059443199184, 20 => 0.7746059443199184, 12 => 0.44459112464305217, 14 => 0.2975905518822836, 17 => 0.5699948831825499, 19 => 0.44459112464305217))
i: 1 j:2 k:1 l:1
a: 1 b:2 c:1 d:1
ab: 4.0
cd: 2.0
here1
bla: 12
here
a: 1 b:2 c:1 d:1
ab: 4.0
cd: 2.0
here1
µ: 1, ν: 1, λ: 2, σ: 2
x: Jotunn.Jint(Dict(5 => 0.7746059443199184, 20 => 0.7746059443199184, 12 => 0.44459112464305217, 14 => 0.2975905518822836, 17 => 0.5699948831825499, 19 => 0.44459112464305217))
i: 1 j:1 k:2 l:2
a: 1 b:1 c:2 d:2
ab: 2.0
cd: 5.0
here2
bla: 17
here
a: 1 b:1 c:2 d:2
ab: 2.0
cd: 5.0
here2
x: Jotunn.Jint(Dict(5 => 0.7746059443199184, 20 => 0.7746059443199184, 12 => 0.44459112464305217, 14 => 0.2975905518822836, 17 => 0.5699948831825499, 19 => 0.44459112464305217))
i: 1 j:2 k:1 l:2
a: 1 b:2 c:1 d:2
ab: 4.0
cd: 4.0
here2
bla: 14
here
a: 1 b:2 c:1 d:2
ab: 4.0
cd: 4.0
here2
µ: 1, ν: 2, λ: 1, σ: 1
x: Jotunn.Jint(Dict(5 => 0.7746059443199184, 20 => 0.7746059443199184, 12 => 0.44459112464305217, 14 => 0.2975905518822836, 17 => 0.5699948831825499, 19 => 0.44459112464305217))
i: 1 j:2 k:1 l:1
a: 1 b:2 c:1 d:1
ab: 4.0
cd: 2.0
here1
bla: 12
here
a: 1 b:2 c:1 d:1
ab: 4.0
cd: 2.0
here1
x: Jotunn.Jint(Dict(5 => 0.7746059443199184, 20 => 0.7746059443199184, 12 => 0.44459112464305217, 14 => 0.2975905518822836, 17 => 0.5699948831825499, 19 => 0.44459112464305217))
i: 1 j:1 k:2 l:1
a: 1 b:1 c:2 d:1
ab: 2.0
here2
bla: 12
here
a: 1 b:1 c:2 d:1
ab: 2.0
here2
µ: 1, ν: 2, λ: 1, σ: 2
x: Jotunn.Jint(Dict(5 => 0.7746059443199184, 20 => 0.7746059443199184, 12 => 0.44459112464305217, 14 => 0.2975905518822836, 17 => 0.5699948831825499, 19 => 0.44459112464305217))
i: 1 j:2 k:1 l:2
a: 1 b:2 c:1 d:2
ab: 4.0
cd: 4.0
here2
bla: 14
here
a: 1 b:2 c:1 d:2
ab: 4.0
cd: 4.0
here2
x: Jotunn.Jint(Dict(5 => 0.7746059443199184, 20 => 0.7746059443199184, 12 => 0.44459112464305217, 14 => 0.2975905518822836, 17 => 0.5699948831825499, 19 => 0.44459112464305217))
i: 1 j:1 k:2 l:2
a: 1 b:1 c:2 d:2
ab: 2.0
cd: 5.0
here2
bla: 17
here
a: 1 b:1 c:2 d:2
ab: 2.0
cd: 5.0
here2
µ: 1, ν: 2, λ: 2, σ: 1
x: Jotunn.Jint(Dict(5 => 0.7746059443199184, 20 => 0.7746059443199184, 12 => 0.44459112464305217, 14 => 0.2975905518822836, 17 => 0.5699948831825499, 19 => 0.44459112464305217))
i: 1 j:2 k:2 l:1
a: 1 b:2 c:2 d:1
ab: 4.0
here2
bla: 14
here
a: 1 b:2 c:2 d:1
ab: 4.0
here2
x: Jotunn.Jint(Dict(5 => 0.7746059443199184, 20 => 0.7746059443199184, 12 => 0.44459112464305217, 14 => 0.2975905518822836, 17 => 0.5699948831825499, 19 => 0.44459112464305217))
i: 1 j:2 k:2 l:1
a: 1 b:2 c:2 d:1
ab: 4.0
here2
bla: 14
here
a: 1 b:2 c:2 d:1
ab: 4.0
here2
µ: 1, ν: 2, λ: 2, σ: 2
x: Jotunn.Jint(Dict(5 => 0.7746059443199184, 20 => 0.7746059443199184, 12 => 0.44459112464305217, 14 => 0.2975905518822836, 17 => 0.5699948831825499, 19 => 0.44459112464305217))
i: 1 j:2 k:2 l:2
a: 1 b:2 c:2 d:2
ab: 4.0
cd: 5.0
here2
bla: 19
here
a: 1 b:2 c:2 d:2
ab: 4.0
cd: 5.0
here2
x: Jotunn.Jint(Dict(5 => 0.7746059443199184, 20 => 0.7746059443199184, 12 => 0.44459112464305217, 14 => 0.2975905518822836, 17 => 0.5699948831825499, 19 => 0.44459112464305217))
i: 1 j:2 k:2 l:2
a: 1 b:2 c:2 d:2
ab: 4.0
cd: 5.0
here2
bla: 19
here
a: 1 b:2 c:2 d:2
ab: 4.0
cd: 5.0
here2
µ: 2, ν: 1, λ: 1, σ: 1
x: Jotunn.Jint(Dict(5 => 0.7746059443199184, 20 => 0.7746059443199184, 12 => 0.44459112464305217, 14 => 0.2975905518822836, 17 => 0.5699948831825499, 19 => 0.44459112464305217))
i: 2 j:1 k:1 l:1
a: 2 b:1 c:1 d:1
cd: 2.0
here1
bla: 12
here
a: 2 b:1 c:1 d:1
cd: 2.0
here1
x: Jotunn.Jint(Dict(5 => 0.7746059443199184, 20 => 0.7746059443199184, 12 => 0.44459112464305217, 14 => 0.2975905518822836, 17 => 0.5699948831825499, 19 => 0.44459112464305217))
i: 2 j:1 k:1 l:1
a: 2 b:1 c:1 d:1
cd: 2.0
here1
bla: 12
here
a: 2 b:1 c:1 d:1
cd: 2.0
here1
µ: 2, ν: 1, λ: 1, σ: 2
x: Jotunn.Jint(Dict(5 => 0.7746059443199184, 20 => 0.7746059443199184, 12 => 0.44459112464305217, 14 => 0.2975905518822836, 17 => 0.5699948831825499, 19 => 0.44459112464305217))
i: 2 j:1 k:1 l:2
a: 2 b:1 c:1 d:2
cd: 4.0
here2
bla: 14
here
a: 2 b:1 c:1 d:2
cd: 4.0
here2
x: Jotunn.Jint(Dict(5 => 0.7746059443199184, 20 => 0.7746059443199184, 12 => 0.44459112464305217, 14 => 0.2975905518822836, 17 => 0.5699948831825499, 19 => 0.44459112464305217))
i: 2 j:1 k:1 l:2
a: 2 b:1 c:1 d:2
cd: 4.0
here2
bla: 14
here
a: 2 b:1 c:1 d:2
cd: 4.0
here2
µ: 2, ν: 1, λ: 2, σ: 1
x: Jotunn.Jint(Dict(5 => 0.7746059443199184, 20 => 0.7746059443199184, 12 => 0.44459112464305217, 14 => 0.2975905518822836, 17 => 0.5699948831825499, 19 => 0.44459112464305217))
i: 2 j:1 k:2 l:1
a: 2 b:1 c:2 d:1
here2
bla: 14
here
a: 2 b:1 c:2 d:1
here2
x: Jotunn.Jint(Dict(5 => 0.7746059443199184, 20 => 0.7746059443199184, 12 => 0.44459112464305217, 14 => 0.2975905518822836, 17 => 0.5699948831825499, 19 => 0.44459112464305217))
i: 2 j:2 k:1 l:1
a: 2 b:2 c:1 d:1
ab: 5.0
cd: 2.0
here1
bla: 17
here
a: 2 b:2 c:1 d:1
ab: 5.0
cd: 2.0
here1
µ: 2, ν: 1, λ: 2, σ: 2
x: Jotunn.Jint(Dict(5 => 0.7746059443199184, 20 => 0.7746059443199184, 12 => 0.44459112464305217, 14 => 0.2975905518822836, 17 => 0.5699948831825499, 19 => 0.44459112464305217))
i: 2 j:1 k:2 l:2
a: 2 b:1 c:2 d:2
cd: 5.0
here2
bla: 19
here
a: 2 b:1 c:2 d:2
cd: 5.0
here2
x: Jotunn.Jint(Dict(5 => 0.7746059443199184, 20 => 0.7746059443199184, 12 => 0.44459112464305217, 14 => 0.2975905518822836, 17 => 0.5699948831825499, 19 => 0.44459112464305217))
i: 2 j:2 k:1 l:2
a: 2 b:2 c:1 d:2
ab: 5.0
cd: 4.0
here1
bla: 19
here
a: 2 b:2 c:1 d:2
ab: 5.0
cd: 4.0
here1
µ: 2, ν: 2, λ: 1, σ: 1
x: Jotunn.Jint(Dict(5 => 0.7746059443199184, 20 => 0.7746059443199184, 12 => 0.44459112464305217, 14 => 0.2975905518822836, 17 => 0.5699948831825499, 19 => 0.44459112464305217))
i: 2 j:2 k:1 l:1
a: 2 b:2 c:1 d:1
ab: 5.0
cd: 2.0
here1
bla: 17
here
a: 2 b:2 c:1 d:1
ab: 5.0
cd: 2.0
here1
x: Jotunn.Jint(Dict(5 => 0.7746059443199184, 20 => 0.7746059443199184, 12 => 0.44459112464305217, 14 => 0.2975905518822836, 17 => 0.5699948831825499, 19 => 0.44459112464305217))
i: 2 j:1 k:2 l:1
a: 2 b:1 c:2 d:1
here2
bla: 14
here
a: 2 b:1 c:2 d:1
here2
µ: 2, ν: 2, λ: 1, σ: 2
x: Jotunn.Jint(Dict(5 => 0.7746059443199184, 20 => 0.7746059443199184, 12 => 0.44459112464305217, 14 => 0.2975905518822836, 17 => 0.5699948831825499, 19 => 0.44459112464305217))
i: 2 j:2 k:1 l:2
a: 2 b:2 c:1 d:2
ab: 5.0
cd: 4.0
here1
bla: 19
here
a: 2 b:2 c:1 d:2
ab: 5.0
cd: 4.0
here1
x: Jotunn.Jint(Dict(5 => 0.7746059443199184, 20 => 0.7746059443199184, 12 => 0.44459112464305217, 14 => 0.2975905518822836, 17 => 0.5699948831825499, 19 => 0.44459112464305217))
i: 2 j:1 k:2 l:2
a: 2 b:1 c:2 d:2
cd: 5.0
here2
bla: 19
here
a: 2 b:1 c:2 d:2
cd: 5.0
here2
µ: 2, ν: 2, λ: 2, σ: 1
x: Jotunn.Jint(Dict(5 => 0.7746059443199184, 20 => 0.7746059443199184, 12 => 0.44459112464305217, 14 => 0.2975905518822836, 17 => 0.5699948831825499, 19 => 0.44459112464305217))
i: 2 j:2 k:2 l:1
a: 2 b:2 c:2 d:1
ab: 5.0
here1
bla: 19
here
a: 2 b:2 c:2 d:1
ab: 5.0
here1
x: Jotunn.Jint(Dict(5 => 0.7746059443199184, 20 => 0.7746059443199184, 12 => 0.44459112464305217, 14 => 0.2975905518822836, 17 => 0.5699948831825499, 19 => 0.44459112464305217))
i: 2 j:2 k:2 l:1
a: 2 b:2 c:2 d:1
ab: 5.0
here1
bla: 19
here
a: 2 b:2 c:2 d:1
ab: 5.0
here1
µ: 2, ν: 2, λ: 2, σ: 2
x: Jotunn.Jint(Dict(5 => 0.7746059443199184, 20 => 0.7746059443199184, 12 => 0.44459112464305217, 14 => 0.2975905518822836, 17 => 0.5699948831825499, 19 => 0.44459112464305217))
i: 2 j:2 k:2 l:2
a: 2 b:2 c:2 d:2
ab: 5.0
cd: 5.0
here2
bla: 20
here
a: 2 b:2 c:2 d:2
ab: 5.0
cd: 5.0
here2
x: Jotunn.Jint(Dict(5 => 0.7746059443199184, 20 => 0.7746059443199184, 12 => 0.44459112464305217, 14 => 0.2975905518822836, 17 => 0.5699948831825499, 19 => 0.44459112464305217))
i: 2 j:2 k:2 l:2
a: 2 b:2 c:2 d:2
ab: 5.0
cd: 5.0
here2
bla: 20
here
a: 2 b:2 c:2 d:2
ab: 5.0
cd: 5.0
here2
   5   -1.134033060[31m     0.025910628[0m[31m   0.015422866[0m[31m  -0.015422866[0m[39m   false[0m[33m    true[0m[39m   false[0m
µ: 1, ν: 1, λ: 1, σ: 1
x: Jotunn.Jint(Dict(5 => 0.7746059443199184, 20 => 0.7746059443199184, 12 => 0.44459112464305217, 14 => 0.2975905518822836, 17 => 0.5699948831825499, 19 => 0.44459112464305217))
i: 1 j:1 k:1 l:1
a: 1 b:1 c:1 d:1
ab: 2.0
cd: 2.0
here2
bla: 5
here
a: 1 b:1 c:1 d:1
ab: 2.0
cd: 2.0
here2
x: Jotunn.Jint(Dict(5 => 0.7746059443199184, 20 => 0.7746059443199184, 12 => 0.44459112464305217, 14 => 0.2975905518822836, 17 => 0.5699948831825499, 19 => 0.44459112464305217))
i: 1 j:1 k:1 l:1
a: 1 b:1 c:1 d:1
ab: 2.0
cd: 2.0
here2
bla: 5
here
a: 1 b:1 c:1 d:1
ab: 2.0
cd: 2.0
here2
µ: 1, ν: 1, λ: 1, σ: 2
x: Jotunn.Jint(Dict(5 => 0.7746059443199184, 20 => 0.7746059443199184, 12 => 0.44459112464305217, 14 => 0.2975905518822836, 17 => 0.5699948831825499, 19 => 0.44459112464305217))
i: 1 j:1 k:1 l:2
a: 1 b:1 c:1 d:2
ab: 2.0
cd: 4.0
here2
bla: 12
here
a: 1 b:1 c:1 d:2
ab: 2.0
cd: 4.0
here2
x: Jotunn.Jint(Dict(5 => 0.7746059443199184, 20 => 0.7746059443199184, 12 => 0.44459112464305217, 14 => 0.2975905518822836, 17 => 0.5699948831825499, 19 => 0.44459112464305217))
i: 1 j:1 k:1 l:2
a: 1 b:1 c:1 d:2
ab: 2.0
cd: 4.0
here2
bla: 12
here
a: 1 b:1 c:1 d:2
ab: 2.0
cd: 4.0
here2
µ: 1, ν: 1, λ: 2, σ: 1
x: Jotunn.Jint(Dict(5 => 0.7746059443199184, 20 => 0.7746059443199184, 12 => 0.44459112464305217, 14 => 0.2975905518822836, 17 => 0.5699948831825499, 19 => 0.44459112464305217))
i: 1 j:1 k:2 l:1
a: 1 b:1 c:2 d:1
ab: 2.0
here2
bla: 12
here
a: 1 b:1 c:2 d:1
ab: 2.0
here2
x: Jotunn.Jint(Dict(5 => 0.7746059443199184, 20 => 0.7746059443199184, 12 => 0.44459112464305217, 14 => 0.2975905518822836, 17 => 0.5699948831825499, 19 => 0.44459112464305217))
i: 1 j:2 k:1 l:1
a: 1 b:2 c:1 d:1
ab: 4.0
cd: 2.0
here1
bla: 12
here
a: 1 b:2 c:1 d:1
ab: 4.0
cd: 2.0
here1
µ: 1, ν: 1, λ: 2, σ: 2
x: Jotunn.Jint(Dict(5 => 0.7746059443199184, 20 => 0.7746059443199184, 12 => 0.44459112464305217, 14 => 0.2975905518822836, 17 => 0.5699948831825499, 19 => 0.44459112464305217))
i: 1 j:1 k:2 l:2
a: 1 b:1 c:2 d:2
ab: 2.0
cd: 5.0
here2
bla: 17
here
a: 1 b:1 c:2 d:2
ab: 2.0
cd: 5.0
here2
x: Jotunn.Jint(Dict(5 => 0.7746059443199184, 20 => 0.7746059443199184, 12 => 0.44459112464305217, 14 => 0.2975905518822836, 17 => 0.5699948831825499, 19 => 0.44459112464305217))
i: 1 j:2 k:1 l:2
a: 1 b:2 c:1 d:2
ab: 4.0
cd: 4.0
here2
bla: 14
here
a: 1 b:2 c:1 d:2
ab: 4.0
cd: 4.0
here2
µ: 1, ν: 2, λ: 1, σ: 1
x: Jotunn.Jint(Dict(5 => 0.7746059443199184, 20 => 0.7746059443199184, 12 => 0.44459112464305217, 14 => 0.2975905518822836, 17 => 0.5699948831825499, 19 => 0.44459112464305217))
i: 1 j:2 k:1 l:1
a: 1 b:2 c:1 d:1
ab: 4.0
cd: 2.0
here1
bla: 12
here
a: 1 b:2 c:1 d:1
ab: 4.0
cd: 2.0
here1
x: Jotunn.Jint(Dict(5 => 0.7746059443199184, 20 => 0.7746059443199184, 12 => 0.44459112464305217, 14 => 0.2975905518822836, 17 => 0.5699948831825499, 19 => 0.44459112464305217))
i: 1 j:1 k:2 l:1
a: 1 b:1 c:2 d:1
ab: 2.0
here2
bla: 12
here
a: 1 b:1 c:2 d:1
ab: 2.0
here2
µ: 1, ν: 2, λ: 1, σ: 2
x: Jotunn.Jint(Dict(5 => 0.7746059443199184, 20 => 0.7746059443199184, 12 => 0.44459112464305217, 14 => 0.2975905518822836, 17 => 0.5699948831825499, 19 => 0.44459112464305217))
i: 1 j:2 k:1 l:2
a: 1 b:2 c:1 d:2
ab: 4.0
cd: 4.0
here2
bla: 14
here
a: 1 b:2 c:1 d:2
ab: 4.0
cd: 4.0
here2
x: Jotunn.Jint(Dict(5 => 0.7746059443199184, 20 => 0.7746059443199184, 12 => 0.44459112464305217, 14 => 0.2975905518822836, 17 => 0.5699948831825499, 19 => 0.44459112464305217))
i: 1 j:1 k:2 l:2
a: 1 b:1 c:2 d:2
ab: 2.0
cd: 5.0
here2
bla: 17
here
a: 1 b:1 c:2 d:2
ab: 2.0
cd: 5.0
here2
µ: 1, ν: 2, λ: 2, σ: 1
x: Jotunn.Jint(Dict(5 => 0.7746059443199184, 20 => 0.7746059443199184, 12 => 0.44459112464305217, 14 => 0.2975905518822836, 17 => 0.5699948831825499, 19 => 0.44459112464305217))
i: 1 j:2 k:2 l:1
a: 1 b:2 c:2 d:1
ab: 4.0
here2
bla: 14
here
a: 1 b:2 c:2 d:1
ab: 4.0
here2
x: Jotunn.Jint(Dict(5 => 0.7746059443199184, 20 => 0.7746059443199184, 12 => 0.44459112464305217, 14 => 0.2975905518822836, 17 => 0.5699948831825499, 19 => 0.44459112464305217))
i: 1 j:2 k:2 l:1
a: 1 b:2 c:2 d:1
ab: 4.0
here2
bla: 14
here
a: 1 b:2 c:2 d:1
ab: 4.0
here2
µ: 1, ν: 2, λ: 2, σ: 2
x: Jotunn.Jint(Dict(5 => 0.7746059443199184, 20 => 0.7746059443199184, 12 => 0.44459112464305217, 14 => 0.2975905518822836, 17 => 0.5699948831825499, 19 => 0.44459112464305217))
i: 1 j:2 k:2 l:2
a: 1 b:2 c:2 d:2
ab: 4.0
cd: 5.0
here2
bla: 19
here
a: 1 b:2 c:2 d:2
ab: 4.0
cd: 5.0
here2
x: Jotunn.Jint(Dict(5 => 0.7746059443199184, 20 => 0.7746059443199184, 12 => 0.44459112464305217, 14 => 0.2975905518822836, 17 => 0.5699948831825499, 19 => 0.44459112464305217))
i: 1 j:2 k:2 l:2
a: 1 b:2 c:2 d:2
ab: 4.0
cd: 5.0
here2
bla: 19
here
a: 1 b:2 c:2 d:2
ab: 4.0
cd: 5.0
here2
µ: 2, ν: 1, λ: 1, σ: 1
x: Jotunn.Jint(Dict(5 => 0.7746059443199184, 20 => 0.7746059443199184, 12 => 0.44459112464305217, 14 => 0.2975905518822836, 17 => 0.5699948831825499, 19 => 0.44459112464305217))
i: 2 j:1 k:1 l:1
a: 2 b:1 c:1 d:1
cd: 2.0
here1
bla: 12
here
a: 2 b:1 c:1 d:1
cd: 2.0
here1
x: Jotunn.Jint(Dict(5 => 0.7746059443199184, 20 => 0.7746059443199184, 12 => 0.44459112464305217, 14 => 0.2975905518822836, 17 => 0.5699948831825499, 19 => 0.44459112464305217))
i: 2 j:1 k:1 l:1
a: 2 b:1 c:1 d:1
cd: 2.0
here1
bla: 12
here
a: 2 b:1 c:1 d:1
cd: 2.0
here1
µ: 2, ν: 1, λ: 1, σ: 2
x: Jotunn.Jint(Dict(5 => 0.7746059443199184, 20 => 0.7746059443199184, 12 => 0.44459112464305217, 14 => 0.2975905518822836, 17 => 0.5699948831825499, 19 => 0.44459112464305217))
i: 2 j:1 k:1 l:2
a: 2 b:1 c:1 d:2
cd: 4.0
here2
bla: 14
here
a: 2 b:1 c:1 d:2
cd: 4.0
here2
x: Jotunn.Jint(Dict(5 => 0.7746059443199184, 20 => 0.7746059443199184, 12 => 0.44459112464305217, 14 => 0.2975905518822836, 17 => 0.5699948831825499, 19 => 0.44459112464305217))
i: 2 j:1 k:1 l:2
a: 2 b:1 c:1 d:2
cd: 4.0
here2
bla: 14
here
a: 2 b:1 c:1 d:2
cd: 4.0
here2
µ: 2, ν: 1, λ: 2, σ: 1
x: Jotunn.Jint(Dict(5 => 0.7746059443199184, 20 => 0.7746059443199184, 12 => 0.44459112464305217, 14 => 0.2975905518822836, 17 => 0.5699948831825499, 19 => 0.44459112464305217))
i: 2 j:1 k:2 l:1
a: 2 b:1 c:2 d:1
here2
bla: 14
here
a: 2 b:1 c:2 d:1
here2
x: Jotunn.Jint(Dict(5 => 0.7746059443199184, 20 => 0.7746059443199184, 12 => 0.44459112464305217, 14 => 0.2975905518822836, 17 => 0.5699948831825499, 19 => 0.44459112464305217))
i: 2 j:2 k:1 l:1
a: 2 b:2 c:1 d:1
ab: 5.0
cd: 2.0
here1
bla: 17
here
a: 2 b:2 c:1 d:1
ab: 5.0
cd: 2.0
here1
µ: 2, ν: 1, λ: 2, σ: 2
x: Jotunn.Jint(Dict(5 => 0.7746059443199184, 20 => 0.7746059443199184, 12 => 0.44459112464305217, 14 => 0.2975905518822836, 17 => 0.5699948831825499, 19 => 0.44459112464305217))
i: 2 j:1 k:2 l:2
a: 2 b:1 c:2 d:2
cd: 5.0
here2
bla: 19
here
a: 2 b:1 c:2 d:2
cd: 5.0
here2
x: Jotunn.Jint(Dict(5 => 0.7746059443199184, 20 => 0.7746059443199184, 12 => 0.44459112464305217, 14 => 0.2975905518822836, 17 => 0.5699948831825499, 19 => 0.44459112464305217))
i: 2 j:2 k:1 l:2
a: 2 b:2 c:1 d:2
ab: 5.0
cd: 4.0
here1
bla: 19
here
a: 2 b:2 c:1 d:2
ab: 5.0
cd: 4.0
here1
µ: 2, ν: 2, λ: 1, σ: 1
x: Jotunn.Jint(Dict(5 => 0.7746059443199184, 20 => 0.7746059443199184, 12 => 0.44459112464305217, 14 => 0.2975905518822836, 17 => 0.5699948831825499, 19 => 0.44459112464305217))
i: 2 j:2 k:1 l:1
a: 2 b:2 c:1 d:1
ab: 5.0
cd: 2.0
here1
bla: 17
here
a: 2 b:2 c:1 d:1
ab: 5.0
cd: 2.0
here1
x: Jotunn.Jint(Dict(5 => 0.7746059443199184, 20 => 0.7746059443199184, 12 => 0.44459112464305217, 14 => 0.2975905518822836, 17 => 0.5699948831825499, 19 => 0.44459112464305217))
i: 2 j:1 k:2 l:1
a: 2 b:1 c:2 d:1
here2
bla: 14
here
a: 2 b:1 c:2 d:1
here2
µ: 2, ν: 2, λ: 1, σ: 2
x: Jotunn.Jint(Dict(5 => 0.7746059443199184, 20 => 0.7746059443199184, 12 => 0.44459112464305217, 14 => 0.2975905518822836, 17 => 0.5699948831825499, 19 => 0.44459112464305217))
i: 2 j:2 k:1 l:2
a: 2 b:2 c:1 d:2
ab: 5.0
cd: 4.0
here1
bla: 19
here
a: 2 b:2 c:1 d:2
ab: 5.0
cd: 4.0
here1
x: Jotunn.Jint(Dict(5 => 0.7746059443199184, 20 => 0.7746059443199184, 12 => 0.44459112464305217, 14 => 0.2975905518822836, 17 => 0.5699948831825499, 19 => 0.44459112464305217))
i: 2 j:1 k:2 l:2
a: 2 b:1 c:2 d:2
cd: 5.0
here2
bla: 19
here
a: 2 b:1 c:2 d:2
cd: 5.0
here2
µ: 2, ν: 2, λ: 2, σ: 1
x: Jotunn.Jint(Dict(5 => 0.7746059443199184, 20 => 0.7746059443199184, 12 => 0.44459112464305217, 14 => 0.2975905518822836, 17 => 0.5699948831825499, 19 => 0.44459112464305217))
i: 2 j:2 k:2 l:1
a: 2 b:2 c:2 d:1
ab: 5.0
here1
bla: 19
here
a: 2 b:2 c:2 d:1
ab: 5.0
here1
x: Jotunn.Jint(Dict(5 => 0.7746059443199184, 20 => 0.7746059443199184, 12 => 0.44459112464305217, 14 => 0.2975905518822836, 17 => 0.5699948831825499, 19 => 0.44459112464305217))
i: 2 j:2 k:2 l:1
a: 2 b:2 c:2 d:1
ab: 5.0
here1
bla: 19
here
a: 2 b:2 c:2 d:1
ab: 5.0
here1
µ: 2, ν: 2, λ: 2, σ: 2
x: Jotunn.Jint(Dict(5 => 0.7746059443199184, 20 => 0.7746059443199184, 12 => 0.44459112464305217, 14 => 0.2975905518822836, 17 => 0.5699948831825499, 19 => 0.44459112464305217))
i: 2 j:2 k:2 l:2
a: 2 b:2 c:2 d:2
ab: 5.0
cd: 5.0
here2
bla: 20
here
a: 2 b:2 c:2 d:2
ab: 5.0
cd: 5.0
here2
x: Jotunn.Jint(Dict(5 => 0.7746059443199184, 20 => 0.7746059443199184, 12 => 0.44459112464305217, 14 => 0.2975905518822836, 17 => 0.5699948831825499, 19 => 0.44459112464305217))
i: 2 j:2 k:2 l:2
a: 2 b:2 c:2 d:2
ab: 5.0
cd: 5.0
here2
bla: 20
here
a: 2 b:2 c:2 d:2
ab: 5.0
cd: 5.0
here2
   6   -1.123668809[31m     0.010364251[0m[31m   0.006169146[0m[31m  -0.006169146[0m[39m   false[0m[33m    true[0m[39m   false[0m
µ: 1, ν: 1, λ: 1, σ: 1
x: Jotunn.Jint(Dict(5 => 0.7746059443199184, 20 => 0.7746059443199184, 12 => 0.44459112464305217, 14 => 0.2975905518822836, 17 => 0.5699948831825499, 19 => 0.44459112464305217))
i: 1 j:1 k:1 l:1
a: 1 b:1 c:1 d:1
ab: 2.0
cd: 2.0
here2
bla: 5
here
a: 1 b:1 c:1 d:1
ab: 2.0
cd: 2.0
here2
x: Jotunn.Jint(Dict(5 => 0.7746059443199184, 20 => 0.7746059443199184, 12 => 0.44459112464305217, 14 => 0.2975905518822836, 17 => 0.5699948831825499, 19 => 0.44459112464305217))
i: 1 j:1 k:1 l:1
a: 1 b:1 c:1 d:1
ab: 2.0
cd: 2.0
here2
bla: 5
here
a: 1 b:1 c:1 d:1
ab: 2.0
cd: 2.0
here2
µ: 1, ν: 1, λ: 1, σ: 2
x: Jotunn.Jint(Dict(5 => 0.7746059443199184, 20 => 0.7746059443199184, 12 => 0.44459112464305217, 14 => 0.2975905518822836, 17 => 0.5699948831825499, 19 => 0.44459112464305217))
i: 1 j:1 k:1 l:2
a: 1 b:1 c:1 d:2
ab: 2.0
cd: 4.0
here2
bla: 12
here
a: 1 b:1 c:1 d:2
ab: 2.0
cd: 4.0
here2
x: Jotunn.Jint(Dict(5 => 0.7746059443199184, 20 => 0.7746059443199184, 12 => 0.44459112464305217, 14 => 0.2975905518822836, 17 => 0.5699948831825499, 19 => 0.44459112464305217))
i: 1 j:1 k:1 l:2
a: 1 b:1 c:1 d:2
ab: 2.0
cd: 4.0
here2
bla: 12
here
a: 1 b:1 c:1 d:2
ab: 2.0
cd: 4.0
here2
µ: 1, ν: 1, λ: 2, σ: 1
x: Jotunn.Jint(Dict(5 => 0.7746059443199184, 20 => 0.7746059443199184, 12 => 0.44459112464305217, 14 => 0.2975905518822836, 17 => 0.5699948831825499, 19 => 0.44459112464305217))
i: 1 j:1 k:2 l:1
a: 1 b:1 c:2 d:1
ab: 2.0
here2
bla: 12
here
a: 1 b:1 c:2 d:1
ab: 2.0
here2
x: Jotunn.Jint(Dict(5 => 0.7746059443199184, 20 => 0.7746059443199184, 12 => 0.44459112464305217, 14 => 0.2975905518822836, 17 => 0.5699948831825499, 19 => 0.44459112464305217))
i: 1 j:2 k:1 l:1
a: 1 b:2 c:1 d:1
ab: 4.0
cd: 2.0
here1
bla: 12
here
a: 1 b:2 c:1 d:1
ab: 4.0
cd: 2.0
here1
µ: 1, ν: 1, λ: 2, σ: 2
x: Jotunn.Jint(Dict(5 => 0.7746059443199184, 20 => 0.7746059443199184, 12 => 0.44459112464305217, 14 => 0.2975905518822836, 17 => 0.5699948831825499, 19 => 0.44459112464305217))
i: 1 j:1 k:2 l:2
a: 1 b:1 c:2 d:2
ab: 2.0
cd: 5.0
here2
bla: 17
here
a: 1 b:1 c:2 d:2
ab: 2.0
cd: 5.0
here2
x: Jotunn.Jint(Dict(5 => 0.7746059443199184, 20 => 0.7746059443199184, 12 => 0.44459112464305217, 14 => 0.2975905518822836, 17 => 0.5699948831825499, 19 => 0.44459112464305217))
i: 1 j:2 k:1 l:2
a: 1 b:2 c:1 d:2
ab: 4.0
cd: 4.0
here2
bla: 14
here
a: 1 b:2 c:1 d:2
ab: 4.0
cd: 4.0
here2
µ: 1, ν: 2, λ: 1, σ: 1
x: Jotunn.Jint(Dict(5 => 0.7746059443199184, 20 => 0.7746059443199184, 12 => 0.44459112464305217, 14 => 0.2975905518822836, 17 => 0.5699948831825499, 19 => 0.44459112464305217))
i: 1 j:2 k:1 l:1
a: 1 b:2 c:1 d:1
ab: 4.0
cd: 2.0
here1
bla: 12
here
a: 1 b:2 c:1 d:1
ab: 4.0
cd: 2.0
here1
x: Jotunn.Jint(Dict(5 => 0.7746059443199184, 20 => 0.7746059443199184, 12 => 0.44459112464305217, 14 => 0.2975905518822836, 17 => 0.5699948831825499, 19 => 0.44459112464305217))
i: 1 j:1 k:2 l:1
a: 1 b:1 c:2 d:1
ab: 2.0
here2
bla: 12
here
a: 1 b:1 c:2 d:1
ab: 2.0
here2
µ: 1, ν: 2, λ: 1, σ: 2
x: Jotunn.Jint(Dict(5 => 0.7746059443199184, 20 => 0.7746059443199184, 12 => 0.44459112464305217, 14 => 0.2975905518822836, 17 => 0.5699948831825499, 19 => 0.44459112464305217))
i: 1 j:2 k:1 l:2
a: 1 b:2 c:1 d:2
ab: 4.0
cd: 4.0
here2
bla: 14
here
a: 1 b:2 c:1 d:2
ab: 4.0
cd: 4.0
here2
x: Jotunn.Jint(Dict(5 => 0.7746059443199184, 20 => 0.7746059443199184, 12 => 0.44459112464305217, 14 => 0.2975905518822836, 17 => 0.5699948831825499, 19 => 0.44459112464305217))
i: 1 j:1 k:2 l:2
a: 1 b:1 c:2 d:2
ab: 2.0
cd: 5.0
here2
bla: 17
here
a: 1 b:1 c:2 d:2
ab: 2.0
cd: 5.0
here2
µ: 1, ν: 2, λ: 2, σ: 1
x: Jotunn.Jint(Dict(5 => 0.7746059443199184, 20 => 0.7746059443199184, 12 => 0.44459112464305217, 14 => 0.2975905518822836, 17 => 0.5699948831825499, 19 => 0.44459112464305217))
i: 1 j:2 k:2 l:1
a: 1 b:2 c:2 d:1
ab: 4.0
here2
bla: 14
here
a: 1 b:2 c:2 d:1
ab: 4.0
here2
x: Jotunn.Jint(Dict(5 => 0.7746059443199184, 20 => 0.7746059443199184, 12 => 0.44459112464305217, 14 => 0.2975905518822836, 17 => 0.5699948831825499, 19 => 0.44459112464305217))
i: 1 j:2 k:2 l:1
a: 1 b:2 c:2 d:1
ab: 4.0
here2
bla: 14
here
a: 1 b:2 c:2 d:1
ab: 4.0
here2
µ: 1, ν: 2, λ: 2, σ: 2
x: Jotunn.Jint(Dict(5 => 0.7746059443199184, 20 => 0.7746059443199184, 12 => 0.44459112464305217, 14 => 0.2975905518822836, 17 => 0.5699948831825499, 19 => 0.44459112464305217))
i: 1 j:2 k:2 l:2
a: 1 b:2 c:2 d:2
ab: 4.0
cd: 5.0
here2
bla: 19
here
a: 1 b:2 c:2 d:2
ab: 4.0
cd: 5.0
here2
x: Jotunn.Jint(Dict(5 => 0.7746059443199184, 20 => 0.7746059443199184, 12 => 0.44459112464305217, 14 => 0.2975905518822836, 17 => 0.5699948831825499, 19 => 0.44459112464305217))
i: 1 j:2 k:2 l:2
a: 1 b:2 c:2 d:2
ab: 4.0
cd: 5.0
here2
bla: 19
here
a: 1 b:2 c:2 d:2
ab: 4.0
cd: 5.0
here2
µ: 2, ν: 1, λ: 1, σ: 1
x: Jotunn.Jint(Dict(5 => 0.7746059443199184, 20 => 0.7746059443199184, 12 => 0.44459112464305217, 14 => 0.2975905518822836, 17 => 0.5699948831825499, 19 => 0.44459112464305217))
i: 2 j:1 k:1 l:1
a: 2 b:1 c:1 d:1
cd: 2.0
here1
bla: 12
here
a: 2 b:1 c:1 d:1
cd: 2.0
here1
x: Jotunn.Jint(Dict(5 => 0.7746059443199184, 20 => 0.7746059443199184, 12 => 0.44459112464305217, 14 => 0.2975905518822836, 17 => 0.5699948831825499, 19 => 0.44459112464305217))
i: 2 j:1 k:1 l:1
a: 2 b:1 c:1 d:1
cd: 2.0
here1
bla: 12
here
a: 2 b:1 c:1 d:1
cd: 2.0
here1
µ: 2, ν: 1, λ: 1, σ: 2
x: Jotunn.Jint(Dict(5 => 0.7746059443199184, 20 => 0.7746059443199184, 12 => 0.44459112464305217, 14 => 0.2975905518822836, 17 => 0.5699948831825499, 19 => 0.44459112464305217))
i: 2 j:1 k:1 l:2
a: 2 b:1 c:1 d:2
cd: 4.0
here2
bla: 14
here
a: 2 b:1 c:1 d:2
cd: 4.0
here2
x: Jotunn.Jint(Dict(5 => 0.7746059443199184, 20 => 0.7746059443199184, 12 => 0.44459112464305217, 14 => 0.2975905518822836, 17 => 0.5699948831825499, 19 => 0.44459112464305217))
i: 2 j:1 k:1 l:2
a: 2 b:1 c:1 d:2
cd: 4.0
here2
bla: 14
here
a: 2 b:1 c:1 d:2
cd: 4.0
here2
µ: 2, ν: 1, λ: 2, σ: 1
x: Jotunn.Jint(Dict(5 => 0.7746059443199184, 20 => 0.7746059443199184, 12 => 0.44459112464305217, 14 => 0.2975905518822836, 17 => 0.5699948831825499, 19 => 0.44459112464305217))
i: 2 j:1 k:2 l:1
a: 2 b:1 c:2 d:1
here2
bla: 14
here
a: 2 b:1 c:2 d:1
here2
x: Jotunn.Jint(Dict(5 => 0.7746059443199184, 20 => 0.7746059443199184, 12 => 0.44459112464305217, 14 => 0.2975905518822836, 17 => 0.5699948831825499, 19 => 0.44459112464305217))
i: 2 j:2 k:1 l:1
a: 2 b:2 c:1 d:1
ab: 5.0
cd: 2.0
here1
bla: 17
here
a: 2 b:2 c:1 d:1
ab: 5.0
cd: 2.0
here1
µ: 2, ν: 1, λ: 2, σ: 2
x: Jotunn.Jint(Dict(5 => 0.7746059443199184, 20 => 0.7746059443199184, 12 => 0.44459112464305217, 14 => 0.2975905518822836, 17 => 0.5699948831825499, 19 => 0.44459112464305217))
i: 2 j:1 k:2 l:2
a: 2 b:1 c:2 d:2
cd: 5.0
here2
bla: 19
here
a: 2 b:1 c:2 d:2
cd: 5.0
here2
x: Jotunn.Jint(Dict(5 => 0.7746059443199184, 20 => 0.7746059443199184, 12 => 0.44459112464305217, 14 => 0.2975905518822836, 17 => 0.5699948831825499, 19 => 0.44459112464305217))
i: 2 j:2 k:1 l:2
a: 2 b:2 c:1 d:2
ab: 5.0
cd: 4.0
here1
bla: 19
here
a: 2 b:2 c:1 d:2
ab: 5.0
cd: 4.0
here1
µ: 2, ν: 2, λ: 1, σ: 1
x: Jotunn.Jint(Dict(5 => 0.7746059443199184, 20 => 0.7746059443199184, 12 => 0.44459112464305217, 14 => 0.2975905518822836, 17 => 0.5699948831825499, 19 => 0.44459112464305217))
i: 2 j:2 k:1 l:1
a: 2 b:2 c:1 d:1
ab: 5.0
cd: 2.0
here1
bla: 17
here
a: 2 b:2 c:1 d:1
ab: 5.0
cd: 2.0
here1
x: Jotunn.Jint(Dict(5 => 0.7746059443199184, 20 => 0.7746059443199184, 12 => 0.44459112464305217, 14 => 0.2975905518822836, 17 => 0.5699948831825499, 19 => 0.44459112464305217))
i: 2 j:1 k:2 l:1
a: 2 b:1 c:2 d:1
here2
bla: 14
here
a: 2 b:1 c:2 d:1
here2
µ: 2, ν: 2, λ: 1, σ: 2
x: Jotunn.Jint(Dict(5 => 0.7746059443199184, 20 => 0.7746059443199184, 12 => 0.44459112464305217, 14 => 0.2975905518822836, 17 => 0.5699948831825499, 19 => 0.44459112464305217))
i: 2 j:2 k:1 l:2
a: 2 b:2 c:1 d:2
ab: 5.0
cd: 4.0
here1
bla: 19
here
a: 2 b:2 c:1 d:2
ab: 5.0
cd: 4.0
here1
x: Jotunn.Jint(Dict(5 => 0.7746059443199184, 20 => 0.7746059443199184, 12 => 0.44459112464305217, 14 => 0.2975905518822836, 17 => 0.5699948831825499, 19 => 0.44459112464305217))
i: 2 j:1 k:2 l:2
a: 2 b:1 c:2 d:2
cd: 5.0
here2
bla: 19
here
a: 2 b:1 c:2 d:2
cd: 5.0
here2
µ: 2, ν: 2, λ: 2, σ: 1
x: Jotunn.Jint(Dict(5 => 0.7746059443199184, 20 => 0.7746059443199184, 12 => 0.44459112464305217, 14 => 0.2975905518822836, 17 => 0.5699948831825499, 19 => 0.44459112464305217))
i: 2 j:2 k:2 l:1
a: 2 b:2 c:2 d:1
ab: 5.0
here1
bla: 19
here
a: 2 b:2 c:2 d:1
ab: 5.0
here1
x: Jotunn.Jint(Dict(5 => 0.7746059443199184, 20 => 0.7746059443199184, 12 => 0.44459112464305217, 14 => 0.2975905518822836, 17 => 0.5699948831825499, 19 => 0.44459112464305217))
i: 2 j:2 k:2 l:1
a: 2 b:2 c:2 d:1
ab: 5.0
here1
bla: 19
here
a: 2 b:2 c:2 d:1
ab: 5.0
here1
µ: 2, ν: 2, λ: 2, σ: 2
x: Jotunn.Jint(Dict(5 => 0.7746059443199184, 20 => 0.7746059443199184, 12 => 0.44459112464305217, 14 => 0.2975905518822836, 17 => 0.5699948831825499, 19 => 0.44459112464305217))
i: 2 j:2 k:2 l:2
a: 2 b:2 c:2 d:2
ab: 5.0
cd: 5.0
here2
bla: 20
here
a: 2 b:2 c:2 d:2
ab: 5.0
cd: 5.0
here2
x: Jotunn.Jint(Dict(5 => 0.7746059443199184, 20 => 0.7746059443199184, 12 => 0.44459112464305217, 14 => 0.2975905518822836, 17 => 0.5699948831825499, 19 => 0.44459112464305217))
i: 2 j:2 k:2 l:2
a: 2 b:2 c:2 d:2
ab: 5.0
cd: 5.0
here2
bla: 20
here
a: 2 b:2 c:2 d:2
ab: 5.0
cd: 5.0
here2
   7   -1.116759308[31m     0.006909501[0m[32m   0.000000000[0m[32m   0.000000000[0m[39m   false[0m[39m   false[0m[39m   false[0m
µ: 1, ν: 1, λ: 1, σ: 1
x: Jotunn.Jint(Dict(5 => 0.7746059443199184, 20 => 0.7746059443199184, 12 => 0.44459112464305217, 14 => 0.2975905518822836, 17 => 0.5699948831825499, 19 => 0.44459112464305217))
i: 1 j:1 k:1 l:1
a: 1 b:1 c:1 d:1
ab: 2.0
cd: 2.0
here2
bla: 5
here
a: 1 b:1 c:1 d:1
ab: 2.0
cd: 2.0
here2
x: Jotunn.Jint(Dict(5 => 0.7746059443199184, 20 => 0.7746059443199184, 12 => 0.44459112464305217, 14 => 0.2975905518822836, 17 => 0.5699948831825499, 19 => 0.44459112464305217))
i: 1 j:1 k:1 l:1
a: 1 b:1 c:1 d:1
ab: 2.0
cd: 2.0
here2
bla: 5
here
a: 1 b:1 c:1 d:1
ab: 2.0
cd: 2.0
here2
µ: 1, ν: 1, λ: 1, σ: 2
x: Jotunn.Jint(Dict(5 => 0.7746059443199184, 20 => 0.7746059443199184, 12 => 0.44459112464305217, 14 => 0.2975905518822836, 17 => 0.5699948831825499, 19 => 0.44459112464305217))
i: 1 j:1 k:1 l:2
a: 1 b:1 c:1 d:2
ab: 2.0
cd: 4.0
here2
bla: 12
here
a: 1 b:1 c:1 d:2
ab: 2.0
cd: 4.0
here2
x: Jotunn.Jint(Dict(5 => 0.7746059443199184, 20 => 0.7746059443199184, 12 => 0.44459112464305217, 14 => 0.2975905518822836, 17 => 0.5699948831825499, 19 => 0.44459112464305217))
i: 1 j:1 k:1 l:2
a: 1 b:1 c:1 d:2
ab: 2.0
cd: 4.0
here2
bla: 12
here
a: 1 b:1 c:1 d:2
ab: 2.0
cd: 4.0
here2
µ: 1, ν: 1, λ: 2, σ: 1
x: Jotunn.Jint(Dict(5 => 0.7746059443199184, 20 => 0.7746059443199184, 12 => 0.44459112464305217, 14 => 0.2975905518822836, 17 => 0.5699948831825499, 19 => 0.44459112464305217))
i: 1 j:1 k:2 l:1
a: 1 b:1 c:2 d:1
ab: 2.0
here2
bla: 12
here
a: 1 b:1 c:2 d:1
ab: 2.0
here2
x: Jotunn.Jint(Dict(5 => 0.7746059443199184, 20 => 0.7746059443199184, 12 => 0.44459112464305217, 14 => 0.2975905518822836, 17 => 0.5699948831825499, 19 => 0.44459112464305217))
i: 1 j:2 k:1 l:1
a: 1 b:2 c:1 d:1
ab: 4.0
cd: 2.0
here1
bla: 12
here
a: 1 b:2 c:1 d:1
ab: 4.0
cd: 2.0
here1
µ: 1, ν: 1, λ: 2, σ: 2
x: Jotunn.Jint(Dict(5 => 0.7746059443199184, 20 => 0.7746059443199184, 12 => 0.44459112464305217, 14 => 0.2975905518822836, 17 => 0.5699948831825499, 19 => 0.44459112464305217))
i: 1 j:1 k:2 l:2
a: 1 b:1 c:2 d:2
ab: 2.0
cd: 5.0
here2
bla: 17
here
a: 1 b:1 c:2 d:2
ab: 2.0
cd: 5.0
here2
x: Jotunn.Jint(Dict(5 => 0.7746059443199184, 20 => 0.7746059443199184, 12 => 0.44459112464305217, 14 => 0.2975905518822836, 17 => 0.5699948831825499, 19 => 0.44459112464305217))
i: 1 j:2 k:1 l:2
a: 1 b:2 c:1 d:2
ab: 4.0
cd: 4.0
here2
bla: 14
here
a: 1 b:2 c:1 d:2
ab: 4.0
cd: 4.0
here2
µ: 1, ν: 2, λ: 1, σ: 1
x: Jotunn.Jint(Dict(5 => 0.7746059443199184, 20 => 0.7746059443199184, 12 => 0.44459112464305217, 14 => 0.2975905518822836, 17 => 0.5699948831825499, 19 => 0.44459112464305217))
i: 1 j:2 k:1 l:1
a: 1 b:2 c:1 d:1
ab: 4.0
cd: 2.0
here1
bla: 12
here
a: 1 b:2 c:1 d:1
ab: 4.0
cd: 2.0
here1
x: Jotunn.Jint(Dict(5 => 0.7746059443199184, 20 => 0.7746059443199184, 12 => 0.44459112464305217, 14 => 0.2975905518822836, 17 => 0.5699948831825499, 19 => 0.44459112464305217))
i: 1 j:1 k:2 l:1
a: 1 b:1 c:2 d:1
ab: 2.0
here2
bla: 12
here
a: 1 b:1 c:2 d:1
ab: 2.0
here2
µ: 1, ν: 2, λ: 1, σ: 2
x: Jotunn.Jint(Dict(5 => 0.7746059443199184, 20 => 0.7746059443199184, 12 => 0.44459112464305217, 14 => 0.2975905518822836, 17 => 0.5699948831825499, 19 => 0.44459112464305217))
i: 1 j:2 k:1 l:2
a: 1 b:2 c:1 d:2
ab: 4.0
cd: 4.0
here2
bla: 14
here
a: 1 b:2 c:1 d:2
ab: 4.0
cd: 4.0
here2
x: Jotunn.Jint(Dict(5 => 0.7746059443199184, 20 => 0.7746059443199184, 12 => 0.44459112464305217, 14 => 0.2975905518822836, 17 => 0.5699948831825499, 19 => 0.44459112464305217))
i: 1 j:1 k:2 l:2
a: 1 b:1 c:2 d:2
ab: 2.0
cd: 5.0
here2
bla: 17
here
a: 1 b:1 c:2 d:2
ab: 2.0
cd: 5.0
here2
µ: 1, ν: 2, λ: 2, σ: 1
x: Jotunn.Jint(Dict(5 => 0.7746059443199184, 20 => 0.7746059443199184, 12 => 0.44459112464305217, 14 => 0.2975905518822836, 17 => 0.5699948831825499, 19 => 0.44459112464305217))
i: 1 j:2 k:2 l:1
a: 1 b:2 c:2 d:1
ab: 4.0
here2
bla: 14
here
a: 1 b:2 c:2 d:1
ab: 4.0
here2
x: Jotunn.Jint(Dict(5 => 0.7746059443199184, 20 => 0.7746059443199184, 12 => 0.44459112464305217, 14 => 0.2975905518822836, 17 => 0.5699948831825499, 19 => 0.44459112464305217))
i: 1 j:2 k:2 l:1
a: 1 b:2 c:2 d:1
ab: 4.0
here2
bla: 14
here
a: 1 b:2 c:2 d:1
ab: 4.0
here2
µ: 1, ν: 2, λ: 2, σ: 2
x: Jotunn.Jint(Dict(5 => 0.7746059443199184, 20 => 0.7746059443199184, 12 => 0.44459112464305217, 14 => 0.2975905518822836, 17 => 0.5699948831825499, 19 => 0.44459112464305217))
i: 1 j:2 k:2 l:2
a: 1 b:2 c:2 d:2
ab: 4.0
cd: 5.0
here2
bla: 19
here
a: 1 b:2 c:2 d:2
ab: 4.0
cd: 5.0
here2
x: Jotunn.Jint(Dict(5 => 0.7746059443199184, 20 => 0.7746059443199184, 12 => 0.44459112464305217, 14 => 0.2975905518822836, 17 => 0.5699948831825499, 19 => 0.44459112464305217))
i: 1 j:2 k:2 l:2
a: 1 b:2 c:2 d:2
ab: 4.0
cd: 5.0
here2
bla: 19
here
a: 1 b:2 c:2 d:2
ab: 4.0
cd: 5.0
here2
µ: 2, ν: 1, λ: 1, σ: 1
x: Jotunn.Jint(Dict(5 => 0.7746059443199184, 20 => 0.7746059443199184, 12 => 0.44459112464305217, 14 => 0.2975905518822836, 17 => 0.5699948831825499, 19 => 0.44459112464305217))
i: 2 j:1 k:1 l:1
a: 2 b:1 c:1 d:1
cd: 2.0
here1
bla: 12
here
a: 2 b:1 c:1 d:1
cd: 2.0
here1
x: Jotunn.Jint(Dict(5 => 0.7746059443199184, 20 => 0.7746059443199184, 12 => 0.44459112464305217, 14 => 0.2975905518822836, 17 => 0.5699948831825499, 19 => 0.44459112464305217))
i: 2 j:1 k:1 l:1
a: 2 b:1 c:1 d:1
cd: 2.0
here1
bla: 12
here
a: 2 b:1 c:1 d:1
cd: 2.0
here1
µ: 2, ν: 1, λ: 1, σ: 2
x: Jotunn.Jint(Dict(5 => 0.7746059443199184, 20 => 0.7746059443199184, 12 => 0.44459112464305217, 14 => 0.2975905518822836, 17 => 0.5699948831825499, 19 => 0.44459112464305217))
i: 2 j:1 k:1 l:2
a: 2 b:1 c:1 d:2
cd: 4.0
here2
bla: 14
here
a: 2 b:1 c:1 d:2
cd: 4.0
here2
x: Jotunn.Jint(Dict(5 => 0.7746059443199184, 20 => 0.7746059443199184, 12 => 0.44459112464305217, 14 => 0.2975905518822836, 17 => 0.5699948831825499, 19 => 0.44459112464305217))
i: 2 j:1 k:1 l:2
a: 2 b:1 c:1 d:2
cd: 4.0
here2
bla: 14
here
a: 2 b:1 c:1 d:2
cd: 4.0
here2
µ: 2, ν: 1, λ: 2, σ: 1
x: Jotunn.Jint(Dict(5 => 0.7746059443199184, 20 => 0.7746059443199184, 12 => 0.44459112464305217, 14 => 0.2975905518822836, 17 => 0.5699948831825499, 19 => 0.44459112464305217))
i: 2 j:1 k:2 l:1
a: 2 b:1 c:2 d:1
here2
bla: 14
here
a: 2 b:1 c:2 d:1
here2
x: Jotunn.Jint(Dict(5 => 0.7746059443199184, 20 => 0.7746059443199184, 12 => 0.44459112464305217, 14 => 0.2975905518822836, 17 => 0.5699948831825499, 19 => 0.44459112464305217))
i: 2 j:2 k:1 l:1
a: 2 b:2 c:1 d:1
ab: 5.0
cd: 2.0
here1
bla: 17
here
a: 2 b:2 c:1 d:1
ab: 5.0
cd: 2.0
here1
µ: 2, ν: 1, λ: 2, σ: 2
x: Jotunn.Jint(Dict(5 => 0.7746059443199184, 20 => 0.7746059443199184, 12 => 0.44459112464305217, 14 => 0.2975905518822836, 17 => 0.5699948831825499, 19 => 0.44459112464305217))
i: 2 j:1 k:2 l:2
a: 2 b:1 c:2 d:2
cd: 5.0
here2
bla: 19
here
a: 2 b:1 c:2 d:2
cd: 5.0
here2
x: Jotunn.Jint(Dict(5 => 0.7746059443199184, 20 => 0.7746059443199184, 12 => 0.44459112464305217, 14 => 0.2975905518822836, 17 => 0.5699948831825499, 19 => 0.44459112464305217))
i: 2 j:2 k:1 l:2
a: 2 b:2 c:1 d:2
ab: 5.0
cd: 4.0
here1
bla: 19
here
a: 2 b:2 c:1 d:2
ab: 5.0
cd: 4.0
here1
µ: 2, ν: 2, λ: 1, σ: 1
x: Jotunn.Jint(Dict(5 => 0.7746059443199184, 20 => 0.7746059443199184, 12 => 0.44459112464305217, 14 => 0.2975905518822836, 17 => 0.5699948831825499, 19 => 0.44459112464305217))
i: 2 j:2 k:1 l:1
a: 2 b:2 c:1 d:1
ab: 5.0
cd: 2.0
here1
bla: 17
here
a: 2 b:2 c:1 d:1
ab: 5.0
cd: 2.0
here1
x: Jotunn.Jint(Dict(5 => 0.7746059443199184, 20 => 0.7746059443199184, 12 => 0.44459112464305217, 14 => 0.2975905518822836, 17 => 0.5699948831825499, 19 => 0.44459112464305217))
i: 2 j:1 k:2 l:1
a: 2 b:1 c:2 d:1
here2
bla: 14
here
a: 2 b:1 c:2 d:1
here2
µ: 2, ν: 2, λ: 1, σ: 2
x: Jotunn.Jint(Dict(5 => 0.7746059443199184, 20 => 0.7746059443199184, 12 => 0.44459112464305217, 14 => 0.2975905518822836, 17 => 0.5699948831825499, 19 => 0.44459112464305217))
i: 2 j:2 k:1 l:2
a: 2 b:2 c:1 d:2
ab: 5.0
cd: 4.0
here1
bla: 19
here
a: 2 b:2 c:1 d:2
ab: 5.0
cd: 4.0
here1
x: Jotunn.Jint(Dict(5 => 0.7746059443199184, 20 => 0.7746059443199184, 12 => 0.44459112464305217, 14 => 0.2975905518822836, 17 => 0.5699948831825499, 19 => 0.44459112464305217))
i: 2 j:1 k:2 l:2
a: 2 b:1 c:2 d:2
cd: 5.0
here2
bla: 19
here
a: 2 b:1 c:2 d:2
cd: 5.0
here2
µ: 2, ν: 2, λ: 2, σ: 1
x: Jotunn.Jint(Dict(5 => 0.7746059443199184, 20 => 0.7746059443199184, 12 => 0.44459112464305217, 14 => 0.2975905518822836, 17 => 0.5699948831825499, 19 => 0.44459112464305217))
i: 2 j:2 k:2 l:1
a: 2 b:2 c:2 d:1
ab: 5.0
here1
bla: 19
here
a: 2 b:2 c:2 d:1
ab: 5.0
here1
x: Jotunn.Jint(Dict(5 => 0.7746059443199184, 20 => 0.7746059443199184, 12 => 0.44459112464305217, 14 => 0.2975905518822836, 17 => 0.5699948831825499, 19 => 0.44459112464305217))
i: 2 j:2 k:2 l:1
a: 2 b:2 c:2 d:1
ab: 5.0
here1
bla: 19
here
a: 2 b:2 c:2 d:1
ab: 5.0
here1
µ: 2, ν: 2, λ: 2, σ: 2
x: Jotunn.Jint(Dict(5 => 0.7746059443199184, 20 => 0.7746059443199184, 12 => 0.44459112464305217, 14 => 0.2975905518822836, 17 => 0.5699948831825499, 19 => 0.44459112464305217))
i: 2 j:2 k:2 l:2
a: 2 b:2 c:2 d:2
ab: 5.0
cd: 5.0
here2
bla: 20
here
a: 2 b:2 c:2 d:2
ab: 5.0
cd: 5.0
here2
x: Jotunn.Jint(Dict(5 => 0.7746059443199184, 20 => 0.7746059443199184, 12 => 0.44459112464305217, 14 => 0.2975905518822836, 17 => 0.5699948831825499, 19 => 0.44459112464305217))
i: 2 j:2 k:2 l:2
a: 2 b:2 c:2 d:2
ab: 5.0
cd: 5.0
here2
bla: 20
here
a: 2 b:2 c:2 d:2
ab: 5.0
cd: 5.0
here2
   8   -1.116759308[32m    -0.000000000[0m[32m   0.000000000[0m[32m   0.000000000[0m[39m   false[0m[39m   false[0m[39m   false[0m
[32;1m
                              SCF converged in 8 iterations! Hell yeah! 🎉

[0m┌──────────────────────┬────────────────┐
│ Energy contributions │          E(Eh) │
├──────────────────────┼────────────────┤
│         Total energy │    -1.11675931 │
│    Nuclear repulsion │     0.71510434 │
│    Electronic energy │    -1.83186365 │
│    1-electron energy │    -2.50661957 │
│    2-electron energy │     0.67475593 │
│       Kinetic energy │     1.20128718 │
│     Potential energy │    -2.31804648 │
├──────────────────────┼────────────────┤
│         Virial ratio │     1.92963559 │
└──────────────────────┴────────────────┘
  1.469400 seconds (1.88 M allocations: 95.869 MiB, 2.11% gc time, 95.56% compilation time)


[33;1mMO Energies (closed-shell)
[0m
┌────┬──────┬──────────────┬──────────────┐
│ MO │ Occ. │        E(Eh) │        E(eV) │
├────┼──────┼──────────────┼──────────────┤
│  1 │  2.0 │      -0.5786 │     -15.7433 │
│  2 │  0.0 │       0.6711 │      18.2628 │
└────┴──────┴──────────────┴──────────────┘
[33;1m
Mulliken Population Analysis (closed-shell)
[0m┌──────┬─────────┬────────────┐
│ Atom │ Element │     Charge │
├──────┼─────────┼────────────┤
│    1 │       H │   0.000000 │
│    2 │       H │   0.000000 │
└──────┴─────────┴────────────┘

Sum of charges: 0.0000
[33;1m
Mayer bond orders
[0mThreshold: 0.01
┌─────────┬────────┐
│    Bond │    MBO │
├─────────┼────────┤
│ H1 - H2 │ 1.0000 │
└─────────┴────────┘

[32;1mFINAL RESULTS
[0m====================== =================
      Final HF energy      -1.11675931
     Molecule formula               HH
  Number of electrons                2
            Basis set           sto-3g
              HF type              RHF
       Fock algorithm             loop
       SCF iterations                8
====================== =================
 19.052253 seconds (49.99 M allocations: 2.499 GiB, 6.85% gc time, 99.51% compilation time)
