
signal (2): Interrupt: 2
in expression starting at /Users/rb269145/Library/Mobile Documents/com~apple~CloudDocs/Julia-Hartree-Fock-project/input/hfcalc_input.jl:26
_ZN4llvm19isConstOrConstSplatENS_7SDValueEbb at /Applications/Julia-versions/Julia-1.8.app/Contents/Resources/julia/lib/julia/libLLVM.dylib (unknown line)
_ZNK4llvm14TargetLowering13SimplifySetCCENS_3EVTENS_7SDValueES2_NS_3ISD8CondCodeEbRNS0_15DAGCombinerInfoERKNS_5SDLocE at /Applications/Julia-versions/Julia-1.8.app/Contents/Resources/julia/lib/julia/libLLVM.dylib (unknown line)
_ZN12_GLOBAL__N_111DAGCombiner5visitEPN4llvm6SDNodeE at /Applications/Julia-versions/Julia-1.8.app/Contents/Resources/julia/lib/julia/libLLVM.dylib (unknown line)
_ZN12_GLOBAL__N_111DAGCombiner7combineEPN4llvm6SDNodeE at /Applications/Julia-versions/Julia-1.8.app/Contents/Resources/julia/lib/julia/libLLVM.dylib (unknown line)
_ZN4llvm12SelectionDAG7CombineENS_12CombineLevelEPNS_9AAResultsENS_10CodeGenOpt5LevelE at /Applications/Julia-versions/Julia-1.8.app/Contents/Resources/julia/lib/julia/libLLVM.dylib (unknown line)
_ZN4llvm16SelectionDAGISel17CodeGenAndEmitDAGEv at /Applications/Julia-versions/Julia-1.8.app/Contents/Resources/julia/lib/julia/libLLVM.dylib (unknown line)
_ZN4llvm16SelectionDAGISel20SelectAllBasicBlocksERKNS_8FunctionE at /Applications/Julia-versions/Julia-1.8.app/Contents/Resources/julia/lib/julia/libLLVM.dylib (unknown line)
_ZN4llvm16SelectionDAGISel20runOnMachineFunctionERNS_15MachineFunctionE at /Applications/Julia-versions/Julia-1.8.app/Contents/Resources/julia/lib/julia/libLLVM.dylib (unknown line)
_ZN12_GLOBAL__N_115X86DAGToDAGISel20runOnMachineFunctionERN4llvm15MachineFunctionE at /Applications/Julia-versions/Julia-1.8.app/Contents/Resources/julia/lib/julia/libLLVM.dylib (unknown line)
_ZN4llvm19MachineFunctionPass13runOnFunctionERNS_8FunctionE at /Applications/Julia-versions/Julia-1.8.app/Contents/Resources/julia/lib/julia/libLLVM.dylib (unknown line)
_ZN4llvm13FPPassManager13runOnFunctionERNS_8FunctionE at /Applications/Julia-versions/Julia-1.8.app/Contents/Resources/julia/lib/julia/libLLVM.dylib (unknown line)
_ZN4llvm13FPPassManager11runOnModuleERNS_6ModuleE at /Applications/Julia-versions/Julia-1.8.app/Contents/Resources/julia/lib/julia/libLLVM.dylib (unknown line)
_ZN4llvm6legacy15PassManagerImpl3runERNS_6ModuleE at /Applications/Julia-versions/Julia-1.8.app/Contents/Resources/julia/lib/julia/libLLVM.dylib (unknown line)
_ZN9JuliaOJIT9CompilerTclERN4llvm6ModuleE at /Applications/Julia-versions/Julia-1.8.app/Contents/Resources/julia/lib/julia/libjulia-codegen.1.8.dylib (unknown line)
_ZN4llvm3orc16ThreadSafeModule12withModuleDoIRNS0_14IRCompileLayer10IRCompilerEEEDcOT_ at /Applications/Julia-versions/Julia-1.8.app/Contents/Resources/julia/lib/julia/libLLVM.dylib (unknown line)
_ZN4llvm3orc14IRCompileLayer4emitENSt3__110unique_ptrINS0_29MaterializationResponsibilityENS2_14default_deleteIS4_EEEENS0_16ThreadSafeModuleE at /Applications/Julia-versions/Julia-1.8.app/Contents/Resources/julia/lib/julia/libLLVM.dylib (unknown line)
_ZN4llvm3orc31BasicIRLayerMaterializationUnit11materializeENSt3__110unique_ptrINS0_29MaterializationResponsibilityENS2_14default_deleteIS4_EEEE at /Applications/Julia-versions/Julia-1.8.app/Contents/Resources/julia/lib/julia/libLLVM.dylib (unknown line)
_ZN4llvm3orc19MaterializationTask3runEv at /Applications/Julia-versions/Julia-1.8.app/Contents/Resources/julia/lib/julia/libLLVM.dylib (unknown line)
_ZN4llvm6detail18UniqueFunctionBaseIvJNSt3__110unique_ptrINS_3orc4TaskENS2_14default_deleteIS5_EEEEEE8CallImplIPFvS8_EEEvPvRS8_ at /Applications/Julia-versions/Julia-1.8.app/Contents/Resources/julia/lib/julia/libLLVM.dylib (unknown line)
_ZN4llvm3orc16ExecutionSession22dispatchOutstandingMUsEv at /Applications/Julia-versions/Julia-1.8.app/Contents/Resources/julia/lib/julia/libLLVM.dylib (unknown line)
_ZN4llvm3orc16ExecutionSession17OL_completeLookupENSt3__110unique_ptrINS0_21InProgressLookupStateENS2_14default_deleteIS4_EEEENS2_10shared_ptrINS0_23AsynchronousSymbolQueryEEENS2_8functionIFvRKNS_8DenseMapIPNS0_8JITDylibENS_8DenseSetINS0_15SymbolStringPtrENS_12DenseMapInfoISG_EEEENSH_ISE_EENS_6detail12DenseMapPairISE_SJ_EEEEEEE at /Applications/Julia-versions/Julia-1.8.app/Contents/Resources/julia/lib/julia/libLLVM.dylib (unknown line)
_ZN4llvm3orc25InProgressFullLookupState8completeENSt3__110unique_ptrINS0_21InProgressLookupStateENS2_14default_deleteIS4_EEEE at /Applications/Julia-versions/Julia-1.8.app/Contents/Resources/julia/lib/julia/libLLVM.dylib (unknown line)
_ZN4llvm3orc16ExecutionSession19OL_applyQueryPhase1ENSt3__110unique_ptrINS0_21InProgressLookupStateENS2_14default_deleteIS4_EEEENS_5ErrorE at /Applications/Julia-versions/Julia-1.8.app/Contents/Resources/julia/lib/julia/libLLVM.dylib (unknown line)
_ZN4llvm3orc16ExecutionSession6lookupENS0_10LookupKindERKNSt3__16vectorINS3_4pairIPNS0_8JITDylibENS0_19JITDylibLookupFlagsEEENS3_9allocatorIS9_EEEENS0_15SymbolLookupSetENS0_11SymbolStateENS_15unique_functionIFvNS_8ExpectedINS_8DenseMapINS0_15SymbolStringPtrENS_18JITEvaluatedSymbolENS_12DenseMapInfoISK_EENS_6detail12DenseMapPairISK_SL_EEEEEEEEENS3_8functionIFvRKNSJ_IS7_NS_8DenseSetISK_SN_EENSM_IS7_EENSP_IS7_SX_EEEEEEE at /Applications/Julia-versions/Julia-1.8.app/Contents/Resources/julia/lib/julia/libLLVM.dylib (unknown line)
_ZN4llvm3orc16ExecutionSession6lookupERKNSt3__16vectorINS2_4pairIPNS0_8JITDylibENS0_19JITDylibLookupFlagsEEENS2_9allocatorIS8_EEEERKNS0_15SymbolLookupSetENS0_10LookupKindENS0_11SymbolStateENS2_8functionIFvRKNS_8DenseMapIS6_NS_8DenseSetINS0_15SymbolStringPtrENS_12DenseMapInfoISM_EEEENSN_IS6_EENS_6detail12DenseMapPairIS6_SP_EEEEEEE at /Applications/Julia-versions/Julia-1.8.app/Contents/Resources/julia/lib/julia/libLLVM.dylib (unknown line)
_ZN4llvm3orc16ExecutionSession6lookupERKNSt3__16vectorINS2_4pairIPNS0_8JITDylibENS0_19JITDylibLookupFlagsEEENS2_9allocatorIS8_EEEENS0_15SymbolStringPtrENS0_11SymbolStateE at /Applications/Julia-versions/Julia-1.8.app/Contents/Resources/julia/lib/julia/libLLVM.dylib (unknown line)
_ZN4llvm3orc16ExecutionSession6lookupENS_8ArrayRefIPNS0_8JITDylibEEENS0_15SymbolStringPtrENS0_11SymbolStateE at /Applications/Julia-versions/Julia-1.8.app/Contents/Resources/julia/lib/julia/libLLVM.dylib (unknown line)
_ZN4llvm3orc16ExecutionSession6lookupENS_8ArrayRefIPNS0_8JITDylibEEENS_9StringRefENS0_11SymbolStateE at /Applications/Julia-versions/Julia-1.8.app/Contents/Resources/julia/lib/julia/libLLVM.dylib (unknown line)
_ZN9JuliaOJIT9addModuleENSt3__110unique_ptrIN4llvm6ModuleENS0_14default_deleteIS3_EEEE at /Applications/Julia-versions/Julia-1.8.app/Contents/Resources/julia/lib/julia/libjulia-codegen.1.8.dylib (unknown line)
_ZL12jl_add_to_eeRNSt3__110unique_ptrIN4llvm6ModuleENS_14default_deleteIS2_EEEERNS1_9StringMapIPS5_NS1_15MallocAllocatorEEERNS1_8DenseMapIPS2_iNS1_12DenseMapInfoISD_EENS1_6detail12DenseMapPairISD_iEEEERNS_6vectorINSL_IS8_NS_9allocatorIS8_EEEENSM_ISO_EEEEi at /Applications/Julia-versions/Julia-1.8.app/Contents/Resources/julia/lib/julia/libjulia-codegen.1.8.dylib (unknown line)
_ZL20_jl_compile_codeinstP19_jl_code_instance_tP15_jl_code_info_tm at /Applications/Julia-versions/Julia-1.8.app/Contents/Resources/julia/lib/julia/libjulia-codegen.1.8.dylib (unknown line)
jl_generate_fptr_impl at /Applications/Julia-versions/Julia-1.8.app/Contents/Resources/julia/lib/julia/libjulia-codegen.1.8.dylib (unknown line)
jl_compile_method_internal at /Applications/Julia-versions/Julia-1.8.app/Contents/Resources/julia/lib/julia/libjulia-internal.1.8.dylib (unknown line)
ijl_apply_generic at /Applications/Julia-versions/Julia-1.8.app/Contents/Resources/julia/lib/julia/libjulia-internal.1.8.dylib (unknown line)
do_call at /Applications/Julia-versions/Julia-1.8.app/Contents/Resources/julia/lib/julia/libjulia-internal.1.8.dylib (unknown line)
eval_body at /Applications/Julia-versions/Julia-1.8.app/Contents/Resources/julia/lib/julia/libjulia-internal.1.8.dylib (unknown line)
jl_interpret_toplevel_thunk at /Applications/Julia-versions/Julia-1.8.app/Contents/Resources/julia/lib/julia/libjulia-internal.1.8.dylib (unknown line)
jl_toplevel_eval_flex at /Applications/Julia-versions/Julia-1.8.app/Contents/Resources/julia/lib/julia/libjulia-internal.1.8.dylib (unknown line)
jl_toplevel_eval_flex at /Applications/Julia-versions/Julia-1.8.app/Contents/Resources/julia/lib/julia/libjulia-internal.1.8.dylib (unknown line)
ijl_toplevel_eval_in at /Applications/Julia-versions/Julia-1.8.app/Contents/Resources/julia/lib/julia/libjulia-internal.1.8.dylib (unknown line)
eval at ./boot.jl:368 [inlined]
