Creating fragment
[97;1m==================================================
[0m[34;1m                   JOTUNN
[0m[97;22ma simple quantum chemistry program in Julia
[0m[97;1m==================================================
[0m[33;1m
jSCF: a HF/DFT program
[0m
[32;1mSYSTEM
[0m========================= =================
         Number of atoms                1
        Molecule formula               He
                  Charge                0
       Spin multiplicity                1
           No. electrons                2
  No. unpaired electrons                0
       Nuclear repulsion       0.00000000
========================= =================
[97;1m
GEOMETRY (Cartesian coordinates in Å))
[0m-------------------------------------------------------------
  1   He       0.00000000       0.00000000       0.00000000
-------------------------------------------------------------

Integrals provided via GaussianBasis.jl library
Creating basis set object

Calculating 1-electron integrals
Time calculating 1-electron integrals: 0.219768703
T:
┌                                                                 ┐
│ Row           1           2           3           4           5 │
│   1    1.026372    0.276533    0.000000    0.000000    0.000000 │
│   2    0.276533    0.446367    0.000000    0.000000    0.000000 │
│   3    0.000000    0.000000    2.500000    0.000000    0.000000 │
│   4    0.000000    0.000000    0.000000    2.500000    0.000000 │
│   5    0.000000    0.000000    0.000000    0.000000    2.500000 │
└                                                                 ┘
V:
┌                                                                 ┐
│ Row           1           2           3           4           5 │
│   1   -1.686747   -1.192593    0.000000    0.000000    0.000000 │
│   2   -1.192593   -1.741007    0.000000    0.000000    0.000000 │
│   3    0.000000    0.000000   -2.127692    0.000000    0.000000 │
│   4    0.000000    0.000000    0.000000   -2.127692    0.000000 │
│   5    0.000000    0.000000    0.000000    0.000000   -2.127692 │
└                                                                 ┘
S:
┌                                                                 ┐
│ Row           1           2           3           4           5 │
│   1    0.351214    0.375819    0.000000    0.000000    0.000000 │
│   2    0.375819    1.000000    0.000000    0.000000    0.000000 │
│   3    0.000000    0.000000    1.000000    0.000000    0.000000 │
│   4    0.000000    0.000000    0.000000    1.000000    0.000000 │
│   5    0.000000    0.000000    0.000000    0.000000    1.000000 │
└                                                                 ┘
S_minhalf:
┌                                                                 ┐
│ Row           1           2           3           4           5 │
│   1    2.113262   -0.544636    0.000000    0.000000    0.000000 │
│   2   -0.544636    1.173042    0.000000    0.000000    0.000000 │
│   3    0.000000    0.000000    1.000000    0.000000    0.000000 │
│   4    0.000000    0.000000    0.000000    1.000000    0.000000 │
│   5    0.000000    0.000000    0.000000    0.000000    1.000000 │
└                                                                 ┘
Sparse integral calculation done.
Time calculating 2-electron integrals: 0.578883214
Creating grid
Number of gridpoints: 45686
Number of gridweights: 45686
Time calculating grid: 1.633932891
Providing guess: hcore

[32;1mCALCULATION SETTINGS
[0m========================= =================
                 WF type              RKS
               Basis set         def2-svp
     No. basis functions                5
                   Guess            hcore
         2-electron type         sparse4c
          Fock algorithm      loop-sparse
     S lowest eigenvalue           0.1791
              Levelshift             true
    Levelshift parameter           0.1000
  Lshift-turnoff thresh.           0.0100
                 Damping             true
       Damping parameter           0.4000
    Damp-turnoff thresh.           0.0100
                    DIIS             true
           DIIS vec size                5
        DIIS start iter.                4
========================= =================

Beginning SCF iterations
Iter         Energy          deltaE        RMS-DP        Max-DP  Lshift    Damp    DIIS  Max[F,P]
initial P:
┌                                                                 ┐
│ Row           1           2           3           4           5 │
│   1    3.403926    0.812377    0.000000    0.000000    0.000000 │
│   2    0.812377    0.193881    0.000000    0.000000    0.000000 │
│   3    0.000000    0.000000    0.000000    0.000000    0.000000 │
│   4    0.000000    0.000000    0.000000    0.000000    0.000000 │
│   5    0.000000    0.000000    0.000000    0.000000    0.000000 │
└                                                                 ┘
Inside RFock for Jint_KS
Inside Fxc_form
Inside Fock
----------------------------
Hcore:
┌                                                                 ┐
│ Row           1           2           3           4           5 │
│   1   -0.660375   -0.916060    0.000000    0.000000    0.000000 │
│   2   -0.916060   -1.294640    0.000000    0.000000    0.000000 │
│   3    0.000000    0.000000    0.372308    0.000000    0.000000 │
│   4    0.000000    0.000000    0.000000    0.372308    0.000000 │
│   5    0.000000    0.000000    0.000000    0.000000    0.372308 │
└                                                                 ┘
J:
┌                                                                 ┐
│ Row           1           2           3           4           5 │
│   1    0.968041    0.854328    0.000000    0.000000    0.000000 │
│   2    0.854328    1.538068    0.000000    0.000000    0.000000 │
│   3    0.000000    0.000000    1.888529    0.000000    0.000000 │
│   4    0.000000    0.000000    0.000000    1.888529    0.000000 │
│   5    0.000000    0.000000    0.000000    0.000000    1.888529 │
└                                                                 ┘
integrals.Hcore + J:
┌                                                                 ┐
│ Row           1           2           3           4           5 │
│   1    0.307666   -0.061732    0.000000    0.000000    0.000000 │
│   2   -0.061732    0.243428    0.000000    0.000000    0.000000 │
│   3    0.000000    0.000000    2.260837    0.000000    0.000000 │
│   4    0.000000    0.000000    0.000000    2.260837    0.000000 │
│   5    0.000000    0.000000    0.000000    0.000000    2.260837 │
└                                                                 ┘
Fxc:
┌                                                                 ┐
│ Row           1           2           3           4           5 │
│   1    0.000000    0.000000    0.000000    0.000000    0.000000 │
│   2    0.000000    0.000000    0.000000    0.000000    0.000000 │
│   3    0.000000    0.000000    0.000000    0.000000    0.000000 │
│   4    0.000000    0.000000    0.000000    0.000000    0.000000 │
│   5    0.000000    0.000000    0.000000    0.000000    0.000000 │
└                                                                 ┘
----------------------------
F: 
┌                                                                 ┐
│ Row           1           2           3           4           5 │
│   1    0.307666   -0.061732    0.000000    0.000000    0.000000 │
│   2   -0.061732    0.243428    0.000000    0.000000    0.000000 │
│   3    0.000000    0.000000    2.260837    0.000000    0.000000 │
│   4    0.000000    0.000000    0.000000    2.260837    0.000000 │
│   5    0.000000    0.000000    0.000000    0.000000    2.260837 │
└                                                                 ┘
C: 
┌                                                                 ┐
│ Row           1           2           3           4           5 │
│   1   -1.304593    1.749440    0.000000    0.000000    0.000000 │
│   2   -0.311353   -1.255275    0.000000    0.000000    0.000000 │
│   3    0.000000    0.000000    1.000000    0.000000    0.000000 │
│   4    0.000000    0.000000    0.000000    1.000000    0.000000 │
│   5    0.000000    0.000000    0.000000    0.000000    1.000000 │
└                                                                 ┘
P: 
┌                                                                 ┐
│ Row           1           2           3           4           5 │
│   1    3.403926    0.812377    0.000000    0.000000    0.000000 │
│   2    0.812377    0.193881    0.000000    0.000000    0.000000 │
│   3    0.000000    0.000000    0.000000    0.000000    0.000000 │
│   4    0.000000    0.000000    0.000000    0.000000    0.000000 │
│   5    0.000000    0.000000    0.000000    0.000000    0.000000 │
└                                                                 ┘
calc_energy (RKS)
integrals.E_xc:0.0
   1   -1.486844728[31m    -1.486844728[0m[31m   0.551656886[0m[31m   2.850943609[0m[33m    true[0m[33m    true[0m[39m   false[0m  1.3490
Inside RFock for Jint_KS
Inside Fxc_form
Inside Fock
----------------------------
Hcore:
┌                                                                 ┐
│ Row           1           2           3           4           5 │
│   1   -0.660375   -0.916060    0.000000    0.000000    0.000000 │
│   2   -0.916060   -1.294640    0.000000    0.000000    0.000000 │
│   3    0.000000    0.000000    0.372308    0.000000    0.000000 │
│   4    0.000000    0.000000    0.000000    0.372308    0.000000 │
│   5    0.000000    0.000000    0.000000    0.000000    0.372308 │
└                                                                 ┘
J:
┌                                                                 ┐
│ Row           1           2           3           4           5 │
│   1    0.812020    0.744312    0.000000    0.000000    0.000000 │
│   2    0.744312    1.425214    0.000000    0.000000    0.000000 │
│   3    0.000000    0.000000    1.713524    0.000000    0.000000 │
│   4    0.000000    0.000000    0.000000    1.713524    0.000000 │
│   5    0.000000    0.000000    0.000000    0.000000    1.713524 │
└                                                                 ┘
integrals.Hcore + J:
┌                                                                 ┐
│ Row           1           2           3           4           5 │
│   1    0.151645   -0.171748    0.000000    0.000000    0.000000 │
│   2   -0.171748    0.130574    0.000000    0.000000    0.000000 │
│   3    0.000000    0.000000    2.085832    0.000000    0.000000 │
│   4    0.000000    0.000000    0.000000    2.085832    0.000000 │
│   5    0.000000    0.000000    0.000000    0.000000    2.085832 │
└                                                                 ┘
Fxc:
┌                                                                 ┐
│ Row           1           2           3           4           5 │
│   1    0.000000    0.000000    0.000000    0.000000    0.000000 │
│   2    0.000000    0.000000    0.000000    0.000000    0.000000 │
│   3    0.000000    0.000000    0.000000    0.000000    0.000000 │
│   4    0.000000    0.000000    0.000000    0.000000    0.000000 │
│   5    0.000000    0.000000    0.000000    0.000000    0.000000 │
└                                                                 ┘
----------------------------
F: 
┌                                                                 ┐
│ Row           1           2           3           4           5 │
│   1    0.151645   -0.171748    0.000000    0.000000    0.000000 │
│   2   -0.171748    0.130574    0.000000    0.000000    0.000000 │
│   3    0.000000    0.000000    2.085832    0.000000    0.000000 │
│   4    0.000000    0.000000    0.000000    2.085832    0.000000 │
│   5    0.000000    0.000000    0.000000    0.000000    2.085832 │
└                                                                 ┘
C: 
┌                                                                 ┐
│ Row           1           2           3           4           5 │
│   1    0.525824    2.118021    0.000000    0.000000    0.000000 │
│   2    0.772923   -1.036941    0.000000    0.000000    0.000000 │
│   3    0.000000    0.000000    1.000000    0.000000    0.000000 │
│   4    0.000000    0.000000    0.000000    1.000000    0.000000 │
│   5    0.000000    0.000000    0.000000    0.000000    1.000000 │
└                                                                 ┘
P: 
┌                                                                 ┐
│ Row           1           2           3           4           5 │
│   1    1.693360    0.812657    0.000000    0.000000    0.000000 │
│   2    0.812657    0.794445    0.000000    0.000000    0.000000 │
│   3    0.000000    0.000000    0.000000    0.000000    0.000000 │
│   4    0.000000    0.000000    0.000000    0.000000    0.000000 │
│   5    0.000000    0.000000    0.000000    0.000000    0.000000 │
└                                                                 ┘
calc_energy (RKS)
integrals.E_xc:0.0
   2   -1.737416987[31m    -0.250572260[0m[31m   0.094386093[0m[31m   0.481348042[0m[33m    true[0m[33m    true[0m[39m   false[0m  0.2383
Inside RFock for Jint_KS
Inside Fxc_form
Inside Fock
----------------------------
Hcore:
┌                                                                 ┐
│ Row           1           2           3           4           5 │
│   1   -0.660375   -0.916060    0.000000    0.000000    0.000000 │
│   2   -0.916060   -1.294640    0.000000    0.000000    0.000000 │
│   3    0.000000    0.000000    0.372308    0.000000    0.000000 │
│   4    0.000000    0.000000    0.000000    0.372308    0.000000 │
│   5    0.000000    0.000000    0.000000    0.000000    0.372308 │
└                                                                 ┘
J:
┌                                                                 ┐
│ Row           1           2           3           4           5 │
│   1    0.798493    0.735548    0.000000    0.000000    0.000000 │
│   2    0.735548    1.417491    0.000000    0.000000    0.000000 │
│   3    0.000000    0.000000    1.701674    0.000000    0.000000 │
│   4    0.000000    0.000000    0.000000    1.701674    0.000000 │
│   5    0.000000    0.000000    0.000000    0.000000    1.701674 │
└                                                                 ┘
integrals.Hcore + J:
┌                                                                 ┐
│ Row           1           2           3           4           5 │
│   1    0.138118   -0.180512    0.000000    0.000000    0.000000 │
│   2   -0.180512    0.122851    0.000000    0.000000    0.000000 │
│   3    0.000000    0.000000    2.073981    0.000000    0.000000 │
│   4    0.000000    0.000000    0.000000    2.073981    0.000000 │
│   5    0.000000    0.000000    0.000000    0.000000    2.073981 │
└                                                                 ┘
Fxc:
┌                                                                 ┐
│ Row           1           2           3           4           5 │
│   1    0.000000    0.000000    0.000000    0.000000    0.000000 │
│   2    0.000000    0.000000    0.000000    0.000000    0.000000 │
│   3    0.000000    0.000000    0.000000    0.000000    0.000000 │
│   4    0.000000    0.000000    0.000000    0.000000    0.000000 │
│   5    0.000000    0.000000    0.000000    0.000000    0.000000 │
└                                                                 ┘
----------------------------
F: 
┌                                                                 ┐
│ Row           1           2           3           4           5 │
│   1    0.138118   -0.180512    0.000000    0.000000    0.000000 │
│   2   -0.180512    0.122851    0.000000    0.000000    0.000000 │
│   3    0.000000    0.000000    2.073981    0.000000    0.000000 │
│   4    0.000000    0.000000    0.000000    2.073981    0.000000 │
│   5    0.000000    0.000000    0.000000    0.000000    2.073981 │
└                                                                 ┘
C: 
┌                                                                 ┐
│ Row           1           2           3           4           5 │
│   1    0.778464    2.038749    0.000000    0.000000    0.000000 │
│   2    0.641652   -1.122915    0.000000    0.000000    0.000000 │
│   3    0.000000    0.000000    1.000000    0.000000    0.000000 │
│   4    0.000000    0.000000    0.000000    1.000000    0.000000 │
│   5    0.000000    0.000000    0.000000    0.000000    1.000000 │
└                                                                 ┘
P: 
┌                                                                 ┐
│ Row           1           2           3           4           5 │
│   1    1.404551    0.924466    0.000000    0.000000    0.000000 │
│   2    0.924466    0.811838    0.000000    0.000000    0.000000 │
│   3    0.000000    0.000000    0.000000    0.000000    0.000000 │
│   4    0.000000    0.000000    0.000000    0.000000    0.000000 │
│   5    0.000000    0.000000    0.000000    0.000000    0.000000 │
└                                                                 ┘
calc_energy (RKS)
integrals.E_xc:0.0
   3   -1.815572310[31m    -0.078155323[0m[31m   0.026647861[0m[31m   0.117404283[0m[33m    true[0m[33m    true[0m[39m   false[0m  0.1434
Inside RFock for Jint_KS
Inside Fxc_form
Inside Fock
----------------------------
Hcore:
┌                                                                 ┐
│ Row           1           2           3           4           5 │
│   1   -0.660375   -0.916060    0.000000    0.000000    0.000000 │
│   2   -0.916060   -1.294640    0.000000    0.000000    0.000000 │
│   3    0.000000    0.000000    0.372308    0.000000    0.000000 │
│   4    0.000000    0.000000    0.000000    0.372308    0.000000 │
│   5    0.000000    0.000000    0.000000    0.000000    0.372308 │
└                                                                 ┘
J:
┌                                                                 ┐
│ Row           1           2           3           4           5 │
│   1    0.797840    0.735436    0.000000    0.000000    0.000000 │
│   2    0.735436    1.417947    0.000000    0.000000    0.000000 │
│   3    0.000000    0.000000    1.702438    0.000000    0.000000 │
│   4    0.000000    0.000000    0.000000    1.702438    0.000000 │
│   5    0.000000    0.000000    0.000000    0.000000    1.702438 │
└                                                                 ┘
integrals.Hcore + J:
┌                                                                 ┐
│ Row           1           2           3           4           5 │
│   1    0.137465   -0.180624    0.000000    0.000000    0.000000 │
│   2   -0.180624    0.123307    0.000000    0.000000    0.000000 │
│   3    0.000000    0.000000    2.074746    0.000000    0.000000 │
│   4    0.000000    0.000000    0.000000    2.074746    0.000000 │
│   5    0.000000    0.000000    0.000000    0.000000    2.074746 │
└                                                                 ┘
Fxc:
┌                                                                 ┐
│ Row           1           2           3           4           5 │
│   1    0.000000    0.000000    0.000000    0.000000    0.000000 │
│   2    0.000000    0.000000    0.000000    0.000000    0.000000 │
│   3    0.000000    0.000000    0.000000    0.000000    0.000000 │
│   4    0.000000    0.000000    0.000000    0.000000    0.000000 │
│   5    0.000000    0.000000    0.000000    0.000000    0.000000 │
└                                                                 ┘
----------------------------
F: 
┌                                                                 ┐
│ Row           1           2           3           4           5 │
│   1    0.137465   -0.180624    0.000000    0.000000    0.000000 │
│   2   -0.180624    0.123307    0.000000    0.000000    0.000000 │
│   3    0.000000    0.000000    2.074746    0.000000    0.000000 │
│   4    0.000000    0.000000    0.000000    2.074746    0.000000 │
│   5    0.000000    0.000000    0.000000    0.000000    2.074746 │
└                                                                 ┘
C: 
┌                                                                 ┐
│ Row           1           2           3           4           5 │
│   1    0.802230    2.029515    0.000000    0.000000    0.000000 │
│   2    0.628489   -1.130335    0.000000    0.000000    0.000000 │
│   3    0.000000    0.000000    1.000000    0.000000    0.000000 │
│   4    0.000000    0.000000    0.000000    1.000000    0.000000 │
│   5    0.000000    0.000000    0.000000    0.000000    1.000000 │
└                                                                 ┘
P: 
┌                                                                 ┐
│ Row           1           2           3           4           5 │
│   1    1.334109    0.974818    0.000000    0.000000    0.000000 │
│   2    0.974818    0.798733    0.000000    0.000000    0.000000 │
│   3    0.000000    0.000000    0.000000    0.000000    0.000000 │
│   4    0.000000    0.000000    0.000000    0.000000    0.000000 │
│   5    0.000000    0.000000    0.000000    0.000000    0.000000 │
└                                                                 ┘
calc_energy (RKS)
integrals.E_xc:0.0
   4   -1.845730726[31m    -0.030158416[0m[31m   0.010016995[0m[31m   0.041438933[0m[33m    true[0m[33m    true[0m[39m   false[0m  0.1398
Inside RFock for Jint_KS
Inside Fxc_form
Inside Fock
----------------------------
Hcore:
┌                                                                 ┐
│ Row           1           2           3           4           5 │
│   1   -0.660375   -0.916060    0.000000    0.000000    0.000000 │
│   2   -0.916060   -1.294640    0.000000    0.000000    0.000000 │
│   3    0.000000    0.000000    0.372308    0.000000    0.000000 │
│   4    0.000000    0.000000    0.000000    0.372308    0.000000 │
│   5    0.000000    0.000000    0.000000    0.000000    0.372308 │
└                                                                 ┘
J:
┌                                                                 ┐
│ Row           1           2           3           4           5 │
│   1    0.797924    0.735637    0.000000    0.000000    0.000000 │
│   2    0.735637    1.418386    0.000000    0.000000    0.000000 │
│   3    0.000000    0.000000    1.703142    0.000000    0.000000 │
│   4    0.000000    0.000000    0.000000    1.703142    0.000000 │
│   5    0.000000    0.000000    0.000000    0.000000    1.703142 │
└                                                                 ┘
integrals.Hcore + J:
┌                                                                 ┐
│ Row           1           2           3           4           5 │
│   1    0.137549   -0.180423    0.000000    0.000000    0.000000 │
│   2   -0.180423    0.123746    0.000000    0.000000    0.000000 │
│   3    0.000000    0.000000    2.075450    0.000000    0.000000 │
│   4    0.000000    0.000000    0.000000    2.075450    0.000000 │
│   5    0.000000    0.000000    0.000000    0.000000    2.075450 │
└                                                                 ┘
Fxc:
┌                                                                 ┐
│ Row           1           2           3           4           5 │
│   1    0.000000    0.000000    0.000000    0.000000    0.000000 │
│   2    0.000000    0.000000    0.000000    0.000000    0.000000 │
│   3    0.000000    0.000000    0.000000    0.000000    0.000000 │
│   4    0.000000    0.000000    0.000000    0.000000    0.000000 │
│   5    0.000000    0.000000    0.000000    0.000000    0.000000 │
└                                                                 ┘
----------------------------
F: 
┌                                                                 ┐
│ Row           1           2           3           4           5 │
│   1    0.137549   -0.180423    0.000000    0.000000    0.000000 │
│   2   -0.180423    0.123746    0.000000    0.000000    0.000000 │
│   3    0.000000    0.000000    2.075450    0.000000    0.000000 │
│   4    0.000000    0.000000    0.000000    2.075450    0.000000 │
│   5    0.000000    0.000000    0.000000    0.000000    2.075450 │
└                                                                 ┘
C: 
┌                                                                 ┐
│ Row           1           2           3           4           5 │
│   1    0.803950    2.028835    0.000000    0.000000    0.000000 │
│   2    0.627531   -1.130868    0.000000    0.000000    0.000000 │
│   3    0.000000    0.000000    1.000000    0.000000    0.000000 │
│   4    0.000000    0.000000    0.000000    1.000000    0.000000 │
│   5    0.000000    0.000000    0.000000    0.000000    1.000000 │
└                                                                 ┘
P: 
┌                                                                 ┐
│ Row           1           2           3           4           5 │
│   1    1.309245    0.995331    0.000000    0.000000    0.000000 │
│   2    0.995331    0.792047    0.000000    0.000000    0.000000 │
│   3    0.000000    0.000000    0.000000    0.000000    0.000000 │
│   4    0.000000    0.000000    0.000000    0.000000    0.000000 │
│   5    0.000000    0.000000    0.000000    0.000000    0.000000 │
└                                                                 ┘
calc_energy (RKS)
integrals.E_xc:0.0
   5   -1.857715987[31m    -0.011985261[0m[31m   0.012410397[0m[31m   0.065334369[0m[33m    true[0m[39m   false[0m[33m    true[0m  0.1409
Inside RFock for Jint_KS
Inside Fxc_form
Inside Fock
----------------------------
Hcore:
┌                                                                 ┐
│ Row           1           2           3           4           5 │
│   1   -0.660375   -0.916060    0.000000    0.000000    0.000000 │
│   2   -0.916060   -1.294640    0.000000    0.000000    0.000000 │
│   3    0.000000    0.000000    0.372308    0.000000    0.000000 │
│   4    0.000000    0.000000    0.000000    0.372308    0.000000 │
│   5    0.000000    0.000000    0.000000    0.000000    0.372308 │
└                                                                 ┘
J:
┌                                                                 ┐
│ Row           1           2           3           4           5 │
│   1    0.792866    0.732125    0.000000    0.000000    0.000000 │
│   2    0.732125    1.414872    0.000000    0.000000    0.000000 │
│   3    0.000000    0.000000    1.697702    0.000000    0.000000 │
│   4    0.000000    0.000000    0.000000    1.697702    0.000000 │
│   5    0.000000    0.000000    0.000000    0.000000    1.697702 │
└                                                                 ┘
integrals.Hcore + J:
┌                                                                 ┐
│ Row           1           2           3           4           5 │
│   1    0.132492   -0.183935    0.000000    0.000000    0.000000 │
│   2   -0.183935    0.120232    0.000000    0.000000    0.000000 │
│   3    0.000000    0.000000    2.070010    0.000000    0.000000 │
│   4    0.000000    0.000000    0.000000    2.070010    0.000000 │
│   5    0.000000    0.000000    0.000000    0.000000    2.070010 │
└                                                                 ┘
Fxc:
┌                                                                 ┐
│ Row           1           2           3           4           5 │
│   1    0.000000    0.000000    0.000000    0.000000    0.000000 │
│   2    0.000000    0.000000    0.000000    0.000000    0.000000 │
│   3    0.000000    0.000000    0.000000    0.000000    0.000000 │
│   4    0.000000    0.000000    0.000000    0.000000    0.000000 │
│   5    0.000000    0.000000    0.000000    0.000000    0.000000 │
└                                                                 ┘
----------------------------
F: 
┌                                                                 ┐
│ Row           1           2           3           4           5 │
│   1    0.132492   -0.183935    0.000000    0.000000    0.000000 │
│   2   -0.183935    0.120232    0.000000    0.000000    0.000000 │
│   3    0.000000    0.000000    2.070010    0.000000    0.000000 │
│   4    0.000000    0.000000    0.000000    2.070010    0.000000 │
│   5    0.000000    0.000000    0.000000    0.000000    2.070010 │
└                                                                 ┘
C: 
┌                                                                 ┐
│ Row           1           2           3           4           5 │
│   1    0.788642    2.034834    0.000000    0.000000    0.000000 │
│   2    0.636033   -1.126108    0.000000    0.000000    0.000000 │
│   3    0.000000    0.000000    1.000000    0.000000    0.000000 │
│   4    0.000000    0.000000    0.000000    1.000000    0.000000 │
│   5    0.000000    0.000000    0.000000    0.000000    1.000000 │
└                                                                 ┘
P: 
┌                                                                 ┐
│ Row           1           2           3           4           5 │
│   1    1.243911    1.003204    0.000000    0.000000    0.000000 │
│   2    1.003204    0.809075    0.000000    0.000000    0.000000 │
│   3    0.000000    0.000000    0.000000    0.000000    0.000000 │
│   4    0.000000    0.000000    0.000000    0.000000    0.000000 │
│   5    0.000000    0.000000    0.000000    0.000000    0.000000 │
└                                                                 ┘
calc_energy (RKS)
integrals.E_xc:0.0
   6   -1.866477355[31m    -0.008761368[0m[31m   0.032804204[0m[31m   0.164466272[0m[33m    true[0m[39m   false[0m[33m    true[0m  0.1036
Inside RFock for Jint_KS
Inside Fxc_form
Inside Fock
----------------------------
Hcore:
┌                                                                 ┐
│ Row           1           2           3           4           5 │
│   1   -0.660375   -0.916060    0.000000    0.000000    0.000000 │
│   2   -0.916060   -1.294640    0.000000    0.000000    0.000000 │
│   3    0.000000    0.000000    0.372308    0.000000    0.000000 │
│   4    0.000000    0.000000    0.000000    0.372308    0.000000 │
│   5    0.000000    0.000000    0.000000    0.000000    0.372308 │
└                                                                 ┘
J:
┌                                                                 ┐
│ Row           1           2           3           4           5 │
│   1    0.809794    0.744178    0.000000    0.000000    0.000000 │
│   2    0.744178    1.427427    0.000000    0.000000    0.000000 │
│   3    0.000000    0.000000    1.717190    0.000000    0.000000 │
│   4    0.000000    0.000000    0.000000    1.717190    0.000000 │
│   5    0.000000    0.000000    0.000000    0.000000    1.717190 │
└                                                                 ┘
integrals.Hcore + J:
┌                                                                 ┐
│ Row           1           2           3           4           5 │
│   1    0.149420   -0.171882    0.000000    0.000000    0.000000 │
│   2   -0.171882    0.132787    0.000000    0.000000    0.000000 │
│   3    0.000000    0.000000    2.089498    0.000000    0.000000 │
│   4    0.000000    0.000000    0.000000    2.089498    0.000000 │
│   5    0.000000    0.000000    0.000000    0.000000    2.089498 │
└                                                                 ┘
Fxc:
┌                                                                 ┐
│ Row           1           2           3           4           5 │
│   1    0.000000    0.000000    0.000000    0.000000    0.000000 │
│   2    0.000000    0.000000    0.000000    0.000000    0.000000 │
│   3    0.000000    0.000000    0.000000    0.000000    0.000000 │
│   4    0.000000    0.000000    0.000000    0.000000    0.000000 │
│   5    0.000000    0.000000    0.000000    0.000000    0.000000 │
└                                                                 ┘
----------------------------
F: 
┌                                                                 ┐
│ Row           1           2           3           4           5 │
│   1    0.149420   -0.171882    0.000000    0.000000    0.000000 │
│   2   -0.171882    0.132787    0.000000    0.000000    0.000000 │
│   3    0.000000    0.000000    2.089498    0.000000    0.000000 │
│   4    0.000000    0.000000    0.000000    2.089498    0.000000 │
│   5    0.000000    0.000000    0.000000    0.000000    2.089498 │
└                                                                 ┘
C: 
┌                                                                 ┐
│ Row           1           2           3           4           5 │
│   1    0.839159    2.014526    0.000000    0.000000    0.000000 │
│   2    0.607742   -1.141624    0.000000    0.000000    0.000000 │
│   3    0.000000    0.000000    1.000000    0.000000    0.000000 │
│   4    0.000000    0.000000    0.000000    1.000000    0.000000 │
│   5    0.000000    0.000000    0.000000    0.000000    1.000000 │
└                                                                 ┘
P: 
┌                                                                 ┐
│ Row           1           2           3           4           5 │
│   1    1.408377    1.019984    0.000000    0.000000    0.000000 │
│   2    1.019984    0.738700    0.000000    0.000000    0.000000 │
│   3    0.000000    0.000000    0.000000    0.000000    0.000000 │
│   4    0.000000    0.000000    0.000000    0.000000    0.000000 │
│   5    0.000000    0.000000    0.000000    0.000000    0.000000 │
└                                                                 ┘
calc_energy (RKS)
integrals.E_xc:0.0
   7   -1.861687681[31m     0.004789674[0m[31m   0.002842151[0m[31m   0.014354099[0m[33m    true[0m[39m   false[0m[33m    true[0m  0.2294
Inside RFock for Jint_KS
Inside Fxc_form
Inside Fock
----------------------------
Hcore:
┌                                                                 ┐
│ Row           1           2           3           4           5 │
│   1   -0.660375   -0.916060    0.000000    0.000000    0.000000 │
│   2   -0.916060   -1.294640    0.000000    0.000000    0.000000 │
│   3    0.000000    0.000000    0.372308    0.000000    0.000000 │
│   4    0.000000    0.000000    0.000000    0.372308    0.000000 │
│   5    0.000000    0.000000    0.000000    0.000000    0.372308 │
└                                                                 ┘
J:
┌                                                                 ┐
│ Row           1           2           3           4           5 │
│   1    0.808352    0.743153    0.000000    0.000000    0.000000 │
│   2    0.743153    1.426362    0.000000    0.000000    0.000000 │
│   3    0.000000    0.000000    1.715538    0.000000    0.000000 │
│   4    0.000000    0.000000    0.000000    1.715538    0.000000 │
│   5    0.000000    0.000000    0.000000    0.000000    1.715538 │
└                                                                 ┘
integrals.Hcore + J:
┌                                                                 ┐
│ Row           1           2           3           4           5 │
│   1    0.147977   -0.172907    0.000000    0.000000    0.000000 │
│   2   -0.172907    0.131722    0.000000    0.000000    0.000000 │
│   3    0.000000    0.000000    2.087846    0.000000    0.000000 │
│   4    0.000000    0.000000    0.000000    2.087846    0.000000 │
│   5    0.000000    0.000000    0.000000    0.000000    2.087846 │
└                                                                 ┘
Fxc:
┌                                                                 ┐
│ Row           1           2           3           4           5 │
│   1    0.000000    0.000000    0.000000    0.000000    0.000000 │
│   2    0.000000    0.000000    0.000000    0.000000    0.000000 │
│   3    0.000000    0.000000    0.000000    0.000000    0.000000 │
│   4    0.000000    0.000000    0.000000    0.000000    0.000000 │
│   5    0.000000    0.000000    0.000000    0.000000    0.000000 │
└                                                                 ┘
----------------------------
F: 
┌                                                                 ┐
│ Row           1           2           3           4           5 │
│   1    0.147977   -0.172907    0.000000    0.000000    0.000000 │
│   2   -0.172907    0.131722    0.000000    0.000000    0.000000 │
│   3    0.000000    0.000000    2.087846    0.000000    0.000000 │
│   4    0.000000    0.000000    0.000000    2.087846    0.000000 │
│   5    0.000000    0.000000    0.000000    0.000000    2.087846 │
└                                                                 ┘
C: 
┌                                                                 ┐
│ Row           1           2           3           4           5 │
│   1    0.834872    2.016307    0.000000    0.000000    0.000000 │
│   2    0.610169   -1.140329    0.000000    0.000000    0.000000 │
│   3    0.000000    0.000000    1.000000    0.000000    0.000000 │
│   4    0.000000    0.000000    0.000000    1.000000    0.000000 │
│   5    0.000000    0.000000    0.000000    0.000000    1.000000 │
└                                                                 ┘
P: 
┌                                                                 ┐
│ Row           1           2           3           4           5 │
│   1    1.394023    1.018826    0.000000    0.000000    0.000000 │
│   2    1.018826    0.744612    0.000000    0.000000    0.000000 │
│   3    0.000000    0.000000    0.000000    0.000000    0.000000 │
│   4    0.000000    0.000000    0.000000    0.000000    0.000000 │
│   5    0.000000    0.000000    0.000000    0.000000    0.000000 │
└                                                                 ┘
calc_energy (RKS)
integrals.E_xc:0.0
   8   -1.899575792[31m    -0.037888111[0m[31m   0.188317898[0m[31m   0.883401219[0m[39m   false[0m[39m   false[0m[33m    true[0m  0.2187
Inside RFock for Jint_KS
Inside Fxc_form
Inside Fock
----------------------------
Hcore:
┌                                                                 ┐
│ Row           1           2           3           4           5 │
│   1   -0.660375   -0.916060    0.000000    0.000000    0.000000 │
│   2   -0.916060   -1.294640    0.000000    0.000000    0.000000 │
│   3    0.000000    0.000000    0.372308    0.000000    0.000000 │
│   4    0.000000    0.000000    0.000000    0.372308    0.000000 │
│   5    0.000000    0.000000    0.000000    0.000000    0.372308 │
└                                                                 ┘
J:
┌                                                                 ┐
│ Row           1           2           3           4           5 │
│   1    0.701660    0.666344    0.000000    0.000000    0.000000 │
│   2    0.666344    1.344989    0.000000    0.000000    0.000000 │
│   3    0.000000    0.000000    1.589092    0.000000    0.000000 │
│   4    0.000000    0.000000    0.000000    1.589092    0.000000 │
│   5    0.000000    0.000000    0.000000    0.000000    1.589092 │
└                                                                 ┘
integrals.Hcore + J:
┌                                                                 ┐
│ Row           1           2           3           4           5 │
│   1    0.041286   -0.249716    0.000000    0.000000    0.000000 │
│   2   -0.249716    0.050349    0.000000    0.000000    0.000000 │
│   3    0.000000    0.000000    1.961400    0.000000    0.000000 │
│   4    0.000000    0.000000    0.000000    1.961400    0.000000 │
│   5    0.000000    0.000000    0.000000    0.000000    1.961400 │
└                                                                 ┘
Fxc:
┌                                                                 ┐
│ Row           1           2           3           4           5 │
│   1    0.000000    0.000000    0.000000    0.000000    0.000000 │
│   2    0.000000    0.000000    0.000000    0.000000    0.000000 │
│   3    0.000000    0.000000    0.000000    0.000000    0.000000 │
│   4    0.000000    0.000000    0.000000    0.000000    0.000000 │
│   5    0.000000    0.000000    0.000000    0.000000    0.000000 │
└                                                                 ┘
----------------------------
F: 
┌                                                                 ┐
│ Row           1           2           3           4           5 │
│   1    0.041286   -0.249716    0.000000    0.000000    0.000000 │
│   2   -0.249716    0.050349    0.000000    0.000000    0.000000 │
│   3    0.000000    0.000000    1.961400    0.000000    0.000000 │
│   4    0.000000    0.000000    0.000000    1.961400    0.000000 │
│   5    0.000000    0.000000    0.000000    0.000000    1.961400 │
└                                                                 ┘
C: 
┌                                                                 ┐
│ Row           1           2           3           4           5 │
│   1    0.505283    2.123015    0.000000    0.000000    0.000000 │
│   2    0.782932   -1.029405    0.000000    0.000000    0.000000 │
│   3    0.000000    0.000000    1.000000    0.000000    0.000000 │
│   4    0.000000    0.000000    0.000000    1.000000    0.000000 │
│   5    0.000000    0.000000    0.000000    0.000000    1.000000 │
└                                                                 ┘
P: 
┌                                                                 ┐
│ Row           1           2           3           4           5 │
│   1    0.510622    0.791204    0.000000    0.000000    0.000000 │
│   2    0.791204    1.225964    0.000000    0.000000    0.000000 │
│   3    0.000000    0.000000    0.000000    0.000000    0.000000 │
│   4    0.000000    0.000000    0.000000    0.000000    0.000000 │
│   5    0.000000    0.000000    0.000000    0.000000    0.000000 │
└                                                                 ┘
calc_energy (RKS)
integrals.E_xc:0.0
   9   -1.843155079[31m     0.056420713[0m[31m   0.217629998[0m[31m   1.034965544[0m[39m   false[0m[39m   false[0m[33m    true[0m  0.5630
Inside RFock for Jint_KS
Inside Fxc_form
Inside Fock
----------------------------
Hcore:
┌                                                                 ┐
│ Row           1           2           3           4           5 │
│   1   -0.660375   -0.916060    0.000000    0.000000    0.000000 │
│   2   -0.916060   -1.294640    0.000000    0.000000    0.000000 │
│   3    0.000000    0.000000    0.372308    0.000000    0.000000 │
│   4    0.000000    0.000000    0.000000    0.372308    0.000000 │
│   5    0.000000    0.000000    0.000000    0.000000    0.372308 │
└                                                                 ┘
J:
┌                                                                 ┐
│ Row           1           2           3           4           5 │
│   1    0.823272    0.753740    0.000000    0.000000    0.000000 │
│   2    0.753740    1.437330    0.000000    0.000000    0.000000 │
│   3    0.000000    0.000000    1.732557    0.000000    0.000000 │
│   4    0.000000    0.000000    0.000000    1.732557    0.000000 │
│   5    0.000000    0.000000    0.000000    0.000000    1.732557 │
└                                                                 ┘
integrals.Hcore + J:
┌                                                                 ┐
│ Row           1           2           3           4           5 │
│   1    0.162897   -0.162320    0.000000    0.000000    0.000000 │
│   2   -0.162320    0.142690    0.000000    0.000000    0.000000 │
│   3    0.000000    0.000000    2.104865    0.000000    0.000000 │
│   4    0.000000    0.000000    0.000000    2.104865    0.000000 │
│   5    0.000000    0.000000    0.000000    0.000000    2.104865 │
└                                                                 ┘
Fxc:
┌                                                                 ┐
│ Row           1           2           3           4           5 │
│   1    0.000000    0.000000    0.000000    0.000000    0.000000 │
│   2    0.000000    0.000000    0.000000    0.000000    0.000000 │
│   3    0.000000    0.000000    0.000000    0.000000    0.000000 │
│   4    0.000000    0.000000    0.000000    0.000000    0.000000 │
│   5    0.000000    0.000000    0.000000    0.000000    0.000000 │
└                                                                 ┘
----------------------------
F: 
┌                                                                 ┐
│ Row           1           2           3           4           5 │
│   1    0.162897   -0.162320    0.000000    0.000000    0.000000 │
│   2   -0.162320    0.142690    0.000000    0.000000    0.000000 │
│   3    0.000000    0.000000    2.104865    0.000000    0.000000 │
│   4    0.000000    0.000000    0.000000    2.104865    0.000000 │
│   5    0.000000    0.000000    0.000000    0.000000    2.104865 │
└                                                                 ┘
C: 
┌                                                                 ┐
│ Row           1           2           3           4           5 │
│   1    0.879087    1.997426    0.000000    0.000000    0.000000 │
│   2    0.584900   -1.153494    0.000000    0.000000    0.000000 │
│   3    0.000000    0.000000    1.000000    0.000000    0.000000 │
│   4    0.000000    0.000000    0.000000    1.000000    0.000000 │
│   5    0.000000    0.000000    0.000000    0.000000    1.000000 │
└                                                                 ┘
P: 
┌                                                                 ┐
│ Row           1           2           3           4           5 │
│   1    1.545587    1.028356    0.000000    0.000000    0.000000 │
│   2    1.028356    0.684217    0.000000    0.000000    0.000000 │
│   3    0.000000    0.000000    0.000000    0.000000    0.000000 │
│   4    0.000000    0.000000    0.000000    0.000000    0.000000 │
│   5    0.000000    0.000000    0.000000    0.000000    0.000000 │
└                                                                 ┘
calc_energy (RKS)
integrals.E_xc:0.0
  10   -1.887498529[31m    -0.044343450[0m[31m   0.131320480[0m[31m   0.649108579[0m[39m   false[0m[39m   false[0m[33m    true[0m  0.3294
Inside RFock for Jint_KS
Inside Fxc_form
Inside Fock
----------------------------
Hcore:
┌                                                                 ┐
│ Row           1           2           3           4           5 │
│   1   -0.660375   -0.916060    0.000000    0.000000    0.000000 │
│   2   -0.916060   -1.294640    0.000000    0.000000    0.000000 │
│   3    0.000000    0.000000    0.372308    0.000000    0.000000 │
│   4    0.000000    0.000000    0.000000    0.372308    0.000000 │
│   5    0.000000    0.000000    0.000000    0.000000    0.372308 │
└                                                                 ┘
J:
┌                                                                 ┐
│ Row           1           2           3           4           5 │
│   1    0.753640    0.704010    0.000000    0.000000    0.000000 │
│   2    0.704010    1.385287    0.000000    0.000000    0.000000 │
│   3    0.000000    0.000000    1.651749    0.000000    0.000000 │
│   4    0.000000    0.000000    0.000000    1.651749    0.000000 │
│   5    0.000000    0.000000    0.000000    0.000000    1.651749 │
└                                                                 ┘
integrals.Hcore + J:
┌                                                                 ┐
│ Row           1           2           3           4           5 │
│   1    0.093265   -0.212050    0.000000    0.000000    0.000000 │
│   2   -0.212050    0.090647    0.000000    0.000000    0.000000 │
│   3    0.000000    0.000000    2.024057    0.000000    0.000000 │
│   4    0.000000    0.000000    0.000000    2.024057    0.000000 │
│   5    0.000000    0.000000    0.000000    0.000000    2.024057 │
└                                                                 ┘
Fxc:
┌                                                                 ┐
│ Row           1           2           3           4           5 │
│   1    0.000000    0.000000    0.000000    0.000000    0.000000 │
│   2    0.000000    0.000000    0.000000    0.000000    0.000000 │
│   3    0.000000    0.000000    0.000000    0.000000    0.000000 │
│   4    0.000000    0.000000    0.000000    0.000000    0.000000 │
│   5    0.000000    0.000000    0.000000    0.000000    0.000000 │
└                                                                 ┘
----------------------------
F: 
┌                                                                 ┐
│ Row           1           2           3           4           5 │
│   1    0.093265   -0.212050    0.000000    0.000000    0.000000 │
│   2   -0.212050    0.090647    0.000000    0.000000    0.000000 │
│   3    0.000000    0.000000    2.024057    0.000000    0.000000 │
│   4    0.000000    0.000000    0.000000    2.024057    0.000000 │
│   5    0.000000    0.000000    0.000000    0.000000    2.024057 │
└                                                                 ┘
C: 
┌                                                                 ┐
│ Row           1           2           3           4           5 │
│   1    0.669507    2.077081    0.000000    0.000000    0.000000 │
│   2    0.700165   -1.087394    0.000000    0.000000    0.000000 │
│   3    0.000000    0.000000    1.000000    0.000000    0.000000 │
│   4    0.000000    0.000000    0.000000    1.000000    0.000000 │
│   5    0.000000    0.000000    0.000000    0.000000    1.000000 │
└                                                                 ┘
P: 
┌                                                                 ┐
│ Row           1           2           3           4           5 │
│   1    0.896479    0.937530    0.000000    0.000000    0.000000 │
│   2    0.937530    0.980461    0.000000    0.000000    0.000000 │
│   3    0.000000    0.000000    0.000000    0.000000    0.000000 │
│   4    0.000000    0.000000    0.000000    0.000000    0.000000 │
│   5    0.000000    0.000000    0.000000    0.000000    0.000000 │
└                                                                 ┘
calc_energy (RKS)
integrals.E_xc:0.0
  11   -1.902072116[31m    -0.014573586[0m[31m   0.103057327[0m[31m   0.504840735[0m[39m   false[0m[39m   false[0m[33m    true[0m  0.1867
Inside RFock for Jint_KS
Inside Fxc_form
Inside Fock
----------------------------
Hcore:
┌                                                                 ┐
│ Row           1           2           3           4           5 │
│   1   -0.660375   -0.916060    0.000000    0.000000    0.000000 │
│   2   -0.916060   -1.294640    0.000000    0.000000    0.000000 │
│   3    0.000000    0.000000    0.372308    0.000000    0.000000 │
│   4    0.000000    0.000000    0.000000    0.372308    0.000000 │
│   5    0.000000    0.000000    0.000000    0.000000    0.372308 │
└                                                                 ┘
J:
┌                                                                 ┐
│ Row           1           2           3           4           5 │
│   1    0.809086    0.743675    0.000000    0.000000    0.000000 │
│   2    0.743675    1.426904    0.000000    0.000000    0.000000 │
│   3    0.000000    0.000000    1.716379    0.000000    0.000000 │
│   4    0.000000    0.000000    0.000000    1.716379    0.000000 │
│   5    0.000000    0.000000    0.000000    0.000000    1.716379 │
└                                                                 ┘
integrals.Hcore + J:
┌                                                                 ┐
│ Row           1           2           3           4           5 │
│   1    0.148711   -0.172385    0.000000    0.000000    0.000000 │
│   2   -0.172385    0.132264    0.000000    0.000000    0.000000 │
│   3    0.000000    0.000000    2.088687    0.000000    0.000000 │
│   4    0.000000    0.000000    0.000000    2.088687    0.000000 │
│   5    0.000000    0.000000    0.000000    0.000000    2.088687 │
└                                                                 ┘
Fxc:
┌                                                                 ┐
│ Row           1           2           3           4           5 │
│   1    0.000000    0.000000    0.000000    0.000000    0.000000 │
│   2    0.000000    0.000000    0.000000    0.000000    0.000000 │
│   3    0.000000    0.000000    0.000000    0.000000    0.000000 │
│   4    0.000000    0.000000    0.000000    0.000000    0.000000 │
│   5    0.000000    0.000000    0.000000    0.000000    0.000000 │
└                                                                 ┘
----------------------------
F: 
┌                                                                 ┐
│ Row           1           2           3           4           5 │
│   1    0.148711   -0.172385    0.000000    0.000000    0.000000 │
│   2   -0.172385    0.132264    0.000000    0.000000    0.000000 │
│   3    0.000000    0.000000    2.088687    0.000000    0.000000 │
│   4    0.000000    0.000000    0.000000    2.088687    0.000000 │
│   5    0.000000    0.000000    0.000000    0.000000    2.088687 │
└                                                                 ┘
C: 
┌                                                                 ┐
│ Row           1           2           3           4           5 │
│   1    0.837054    2.015402    0.000000    0.000000    0.000000 │
│   2    0.608934   -1.140989    0.000000    0.000000    0.000000 │
│   3    0.000000    0.000000    1.000000    0.000000    0.000000 │
│   4    0.000000    0.000000    0.000000    1.000000    0.000000 │
│   5    0.000000    0.000000    0.000000    0.000000    1.000000 │
└                                                                 ┘
P: 
┌                                                                 ┐
│ Row           1           2           3           4           5 │
│   1    1.401320    1.019422    0.000000    0.000000    0.000000 │
│   2    1.019422    0.741601    0.000000    0.000000    0.000000 │
│   3    0.000000    0.000000    0.000000    0.000000    0.000000 │
│   4    0.000000    0.000000    0.000000    0.000000    0.000000 │
│   5    0.000000    0.000000    0.000000    0.000000    0.000000 │
└                                                                 ┘
calc_energy (RKS)
integrals.E_xc:0.0
  12   -1.899096492[31m     0.002975624[0m[31m   0.057731446[0m[31m   0.287194929[0m[39m   false[0m[39m   false[0m[33m    true[0m  0.2241
Inside RFock for Jint_KS
Inside Fxc_form
Inside Fock
----------------------------
Hcore:
┌                                                                 ┐
│ Row           1           2           3           4           5 │
│   1   -0.660375   -0.916060    0.000000    0.000000    0.000000 │
│   2   -0.916060   -1.294640    0.000000    0.000000    0.000000 │
│   3    0.000000    0.000000    0.372308    0.000000    0.000000 │
│   4    0.000000    0.000000    0.000000    0.372308    0.000000 │
│   5    0.000000    0.000000    0.000000    0.000000    0.372308 │
└                                                                 ┘
J:
┌                                                                 ┐
│ Row           1           2           3           4           5 │
│   1    0.778825    0.722091    0.000000    0.000000    0.000000 │
│   2    0.722091    1.404361    0.000000    0.000000    0.000000 │
│   3    0.000000    0.000000    1.681381    0.000000    0.000000 │
│   4    0.000000    0.000000    0.000000    1.681381    0.000000 │
│   5    0.000000    0.000000    0.000000    0.000000    1.681381 │
└                                                                 ┘
integrals.Hcore + J:
┌                                                                 ┐
│ Row           1           2           3           4           5 │
│   1    0.118450   -0.193969    0.000000    0.000000    0.000000 │
│   2   -0.193969    0.109721    0.000000    0.000000    0.000000 │
│   3    0.000000    0.000000    2.053689    0.000000    0.000000 │
│   4    0.000000    0.000000    0.000000    2.053689    0.000000 │
│   5    0.000000    0.000000    0.000000    0.000000    2.053689 │
└                                                                 ┘
Fxc:
┌                                                                 ┐
│ Row           1           2           3           4           5 │
│   1    0.000000    0.000000    0.000000    0.000000    0.000000 │
│   2    0.000000    0.000000    0.000000    0.000000    0.000000 │
│   3    0.000000    0.000000    0.000000    0.000000    0.000000 │
│   4    0.000000    0.000000    0.000000    0.000000    0.000000 │
│   5    0.000000    0.000000    0.000000    0.000000    0.000000 │
└                                                                 ┘
----------------------------
F: 
┌                                                                 ┐
│ Row           1           2           3           4           5 │
│   1    0.118450   -0.193969    0.000000    0.000000    0.000000 │
│   2   -0.193969    0.109721    0.000000    0.000000    0.000000 │
│   3    0.000000    0.000000    2.053689    0.000000    0.000000 │
│   4    0.000000    0.000000    0.000000    2.053689    0.000000 │
│   5    0.000000    0.000000    0.000000    0.000000    2.053689 │
└                                                                 ┘
C: 
┌                                                                 ┐
│ Row           1           2           3           4           5 │
│   1    0.746366    2.050717    0.000000    0.000000    0.000000 │
│   2    0.659199   -1.112705    0.000000    0.000000    0.000000 │
│   3    0.000000    0.000000    1.000000    0.000000    0.000000 │
│   4    0.000000    0.000000    0.000000    1.000000    0.000000 │
│   5    0.000000    0.000000    0.000000    0.000000    1.000000 │
└                                                                 ┘
P: 
┌                                                                 ┐
│ Row           1           2           3           4           5 │
│   1    1.114125    0.984008    0.000000    0.000000    0.000000 │
│   2    0.984008    0.869087    0.000000    0.000000    0.000000 │
│   3    0.000000    0.000000    0.000000    0.000000    0.000000 │
│   4    0.000000    0.000000    0.000000    0.000000    0.000000 │
│   5    0.000000    0.000000    0.000000    0.000000    0.000000 │
└                                                                 ┘
calc_energy (RKS)
integrals.E_xc:0.0
  13   -1.909061304[31m    -0.009964812[0m[31m   0.000384326[0m[31m   0.001876582[0m[39m   false[0m[39m   false[0m[33m    true[0m  0.0006
Inside RFock for Jint_KS
Inside Fxc_form
Inside Fock
----------------------------
Hcore:
┌                                                                 ┐
│ Row           1           2           3           4           5 │
│   1   -0.660375   -0.916060    0.000000    0.000000    0.000000 │
│   2   -0.916060   -1.294640    0.000000    0.000000    0.000000 │
│   3    0.000000    0.000000    0.372308    0.000000    0.000000 │
│   4    0.000000    0.000000    0.000000    0.372308    0.000000 │
│   5    0.000000    0.000000    0.000000    0.000000    0.372308 │
└                                                                 ┘
J:
┌                                                                 ┐
│ Row           1           2           3           4           5 │
│   1    0.779033    0.722240    0.000000    0.000000    0.000000 │
│   2    0.722240    1.404518    0.000000    0.000000    0.000000 │
│   3    0.000000    0.000000    1.681624    0.000000    0.000000 │
│   4    0.000000    0.000000    0.000000    1.681624    0.000000 │
│   5    0.000000    0.000000    0.000000    0.000000    1.681624 │
└                                                                 ┘
integrals.Hcore + J:
┌                                                                 ┐
│ Row           1           2           3           4           5 │
│   1    0.118658   -0.193820    0.000000    0.000000    0.000000 │
│   2   -0.193820    0.109878    0.000000    0.000000    0.000000 │
│   3    0.000000    0.000000    2.053932    0.000000    0.000000 │
│   4    0.000000    0.000000    0.000000    2.053932    0.000000 │
│   5    0.000000    0.000000    0.000000    0.000000    2.053932 │
└                                                                 ┘
Fxc:
┌                                                                 ┐
│ Row           1           2           3           4           5 │
│   1    0.000000    0.000000    0.000000    0.000000    0.000000 │
│   2    0.000000    0.000000    0.000000    0.000000    0.000000 │
│   3    0.000000    0.000000    0.000000    0.000000    0.000000 │
│   4    0.000000    0.000000    0.000000    0.000000    0.000000 │
│   5    0.000000    0.000000    0.000000    0.000000    0.000000 │
└                                                                 ┘
----------------------------
F: 
┌                                                                 ┐
│ Row           1           2           3           4           5 │
│   1    0.118658   -0.193820    0.000000    0.000000    0.000000 │
│   2   -0.193820    0.109878    0.000000    0.000000    0.000000 │
│   3    0.000000    0.000000    2.053932    0.000000    0.000000 │
│   4    0.000000    0.000000    0.000000    2.053932    0.000000 │
│   5    0.000000    0.000000    0.000000    0.000000    2.053932 │
└                                                                 ┘
C: 
radial_precision:  1e-12
min_num_angular_points:  434
max_num_angular_points:  770
Center coordinates(au):  [(0.0, 0.0, 0.0)]
proton_charges: [2]
alpha_max: [38.354936737]
alpha min: [{0: 0.29757815953, 1: 1.0}]
┌                                                                 ┐
│ Row           1           2           3           4           5 │
│   1    0.746994    2.050489    0.000000    0.000000    0.000000 │
│   2    0.658858   -1.112907    0.000000    0.000000    0.000000 │
│   3    0.000000    0.000000    1.000000    0.000000    0.000000 │
│   4    0.000000    0.000000    0.000000    1.000000    0.000000 │
│   5    0.000000    0.000000    0.000000    0.000000    1.000000 │
└                                                                 ┘
P: 
┌                                                                 ┐
│ Row           1           2           3           4           5 │
│   1    1.116001    0.984327    0.000000    0.000000    0.000000 │
│   2    0.984327    0.868188    0.000000    0.000000    0.000000 │
│   3    0.000000    0.000000    0.000000    0.000000    0.000000 │
│   4    0.000000    0.000000    0.000000    0.000000    0.000000 │
│   5    0.000000    0.000000    0.000000    0.000000    0.000000 │
└                                                                 ┘
calc_energy (RKS)
integrals.E_xc:0.0
  14   -1.909061208[96m     0.000000096[0m[31m   0.000230433[0m[31m   0.001125221[0m[39m   false[0m[39m   false[0m[33m    true[0m  0.0009
Inside RFock for Jint_KS
Inside Fxc_form
Inside Fock
----------------------------
Hcore:
┌                                                                 ┐
│ Row           1           2           3           4           5 │
│   1   -0.660375   -0.916060    0.000000    0.000000    0.000000 │
│   2   -0.916060   -1.294640    0.000000    0.000000    0.000000 │
│   3    0.000000    0.000000    0.372308    0.000000    0.000000 │
│   4    0.000000    0.000000    0.000000    0.372308    0.000000 │
│   5    0.000000    0.000000    0.000000    0.000000    0.372308 │
└                                                                 ┘
J:
┌                                                                 ┐
│ Row           1           2           3           4           5 │
│   1    0.778908    0.722151    0.000000    0.000000    0.000000 │
│   2    0.722151    1.404424    0.000000    0.000000    0.000000 │
│   3    0.000000    0.000000    1.681478    0.000000    0.000000 │
│   4    0.000000    0.000000    0.000000    1.681478    0.000000 │
│   5    0.000000    0.000000    0.000000    0.000000    1.681478 │
└                                                                 ┘
integrals.Hcore + J:
┌                                                                 ┐
│ Row           1           2           3           4           5 │
│   1    0.118533   -0.193909    0.000000    0.000000    0.000000 │
│   2   -0.193909    0.109784    0.000000    0.000000    0.000000 │
│   3    0.000000    0.000000    2.053786    0.000000    0.000000 │
│   4    0.000000    0.000000    0.000000    2.053786    0.000000 │
│   5    0.000000    0.000000    0.000000    0.000000    2.053786 │
└                                                                 ┘
Fxc:
┌                                                                 ┐
│ Row           1           2           3           4           5 │
│   1    0.000000    0.000000    0.000000    0.000000    0.000000 │
│   2    0.000000    0.000000    0.000000    0.000000    0.000000 │
│   3    0.000000    0.000000    0.000000    0.000000    0.000000 │
│   4    0.000000    0.000000    0.000000    0.000000    0.000000 │
│   5    0.000000    0.000000    0.000000    0.000000    0.000000 │
└                                                                 ┘
----------------------------
F: 
┌                                                                 ┐
│ Row           1           2           3           4           5 │
│   1    0.118533   -0.193909    0.000000    0.000000    0.000000 │
│   2   -0.193909    0.109784    0.000000    0.000000    0.000000 │
│   3    0.000000    0.000000    2.053786    0.000000    0.000000 │
│   4    0.000000    0.000000    0.000000    2.053786    0.000000 │
│   5    0.000000    0.000000    0.000000    0.000000    2.053786 │
└                                                                 ┘
C: 
┌                                                                 ┐
│ Row           1           2           3           4           5 │
│   1    0.746618    2.050626    0.000000    0.000000    0.000000 │
│   2    0.659062   -1.112786    0.000000    0.000000    0.000000 │
│   3    0.000000    0.000000    1.000000    0.000000    0.000000 │
│   4    0.000000    0.000000    0.000000    1.000000    0.000000 │
│   5    0.000000    0.000000    0.000000    0.000000    1.000000 │
└                                                                 ┘
P: 
┌                                                                 ┐
│ Row           1           2           3           4           5 │
│   1    1.114876    0.984135    0.000000    0.000000    0.000000 │
│   2    0.984135    0.868727    0.000000    0.000000    0.000000 │
│   3    0.000000    0.000000    0.000000    0.000000    0.000000 │
│   4    0.000000    0.000000    0.000000    0.000000    0.000000 │
│   5    0.000000    0.000000    0.000000    0.000000    0.000000 │
└                                                                 ┘
calc_energy (RKS)
integrals.E_xc:0.0
  15   -1.909061379[96m    -0.000000171[0m[96m   0.000004367[0m[96m   0.000021322[0m[39m   false[0m[39m   false[0m[33m    true[0m  0.0000
Inside RFock for Jint_KS
Inside Fxc_form
Inside Fock
----------------------------
Hcore:
┌                                                                 ┐
│ Row           1           2           3           4           5 │
│   1   -0.660375   -0.916060    0.000000    0.000000    0.000000 │
│   2   -0.916060   -1.294640    0.000000    0.000000    0.000000 │
│   3    0.000000    0.000000    0.372308    0.000000    0.000000 │
│   4    0.000000    0.000000    0.000000    0.372308    0.000000 │
│   5    0.000000    0.000000    0.000000    0.000000    0.372308 │
└                                                                 ┘
J:
┌                                                                 ┐
│ Row           1           2           3           4           5 │
│   1    0.778906    0.722149    0.000000    0.000000    0.000000 │
│   2    0.722149    1.404422    0.000000    0.000000    0.000000 │
│   3    0.000000    0.000000    1.681476    0.000000    0.000000 │
│   4    0.000000    0.000000    0.000000    1.681476    0.000000 │
│   5    0.000000    0.000000    0.000000    0.000000    1.681476 │
└                                                                 ┘
integrals.Hcore + J:
┌                                                                 ┐
│ Row           1           2           3           4           5 │
│   1    0.118531   -0.193911    0.000000    0.000000    0.000000 │
│   2   -0.193911    0.109782    0.000000    0.000000    0.000000 │
│   3    0.000000    0.000000    2.053783    0.000000    0.000000 │
│   4    0.000000    0.000000    0.000000    2.053783    0.000000 │
│   5    0.000000    0.000000    0.000000    0.000000    2.053783 │
└                                                                 ┘
Fxc:
┌                                                                 ┐
│ Row           1           2           3           4           5 │
│   1    0.000000    0.000000    0.000000    0.000000    0.000000 │
│   2    0.000000    0.000000    0.000000    0.000000    0.000000 │
│   3    0.000000    0.000000    0.000000    0.000000    0.000000 │
│   4    0.000000    0.000000    0.000000    0.000000    0.000000 │
│   5    0.000000    0.000000    0.000000    0.000000    0.000000 │
└                                                                 ┘
----------------------------
F: 
┌                                                                 ┐
│ Row           1           2           3           4           5 │
│   1    0.118531   -0.193911    0.000000    0.000000    0.000000 │
│   2   -0.193911    0.109782    0.000000    0.000000    0.000000 │
│   3    0.000000    0.000000    2.053783    0.000000    0.000000 │
│   4    0.000000    0.000000    0.000000    2.053783    0.000000 │
│   5    0.000000    0.000000    0.000000    0.000000    2.053783 │
└                                                                 ┘
C: 
┌                                                                 ┐
│ Row           1           2           3           4           5 │
│   1    0.746611    2.050628    0.000000    0.000000    0.000000 │
│   2    0.659066   -1.112784    0.000000    0.000000    0.000000 │
│   3    0.000000    0.000000    1.000000    0.000000    0.000000 │
│   4    0.000000    0.000000    0.000000    1.000000    0.000000 │
│   5    0.000000    0.000000    0.000000    0.000000    1.000000 │
└                                                                 ┘
P: 
┌                                                                 ┐
│ Row           1           2           3           4           5 │
│   1    1.114855    0.984132    0.000000    0.000000    0.000000 │
│   2    0.984132    0.868737    0.000000    0.000000    0.000000 │
│   3    0.000000    0.000000    0.000000    0.000000    0.000000 │
│   4    0.000000    0.000000    0.000000    0.000000    0.000000 │
│   5    0.000000    0.000000    0.000000    0.000000    0.000000 │
└                                                                 ┘
calc_energy (RKS)
integrals.E_xc:0.0
  16   -1.909061378[32m     0.000000000[0m[96m   0.000004693[0m[96m   0.000022916[0m[39m   false[0m[39m   false[0m[33m    true[0m  0.0000
Inside RFock for Jint_KS
Inside Fxc_form
Inside Fock
----------------------------
Hcore:
┌                                                                 ┐
│ Row           1           2           3           4           5 │
│   1   -0.660375   -0.916060    0.000000    0.000000    0.000000 │
│   2   -0.916060   -1.294640    0.000000    0.000000    0.000000 │
│   3    0.000000    0.000000    0.372308    0.000000    0.000000 │
│   4    0.000000    0.000000    0.000000    0.372308    0.000000 │
│   5    0.000000    0.000000    0.000000    0.000000    0.372308 │
└                                                                 ┘
J:
┌                                                                 ┐
│ Row           1           2           3           4           5 │
│   1    0.778908    0.722151    0.000000    0.000000    0.000000 │
│   2    0.722151    1.404424    0.000000    0.000000    0.000000 │
│   3    0.000000    0.000000    1.681479    0.000000    0.000000 │
│   4    0.000000    0.000000    0.000000    1.681479    0.000000 │
│   5    0.000000    0.000000    0.000000    0.000000    1.681479 │
└                                                                 ┘
integrals.Hcore + J:
┌                                                                 ┐
│ Row           1           2           3           4           5 │
│   1    0.118534   -0.193909    0.000000    0.000000    0.000000 │
│   2   -0.193909    0.109784    0.000000    0.000000    0.000000 │
│   3    0.000000    0.000000    2.053786    0.000000    0.000000 │
│   4    0.000000    0.000000    0.000000    2.053786    0.000000 │
│   5    0.000000    0.000000    0.000000    0.000000    2.053786 │
└                                                                 ┘
Fxc:
┌                                                                 ┐
│ Row           1           2           3           4           5 │
│   1    0.000000    0.000000    0.000000    0.000000    0.000000 │
│   2    0.000000    0.000000    0.000000    0.000000    0.000000 │
│   3    0.000000    0.000000    0.000000    0.000000    0.000000 │
│   4    0.000000    0.000000    0.000000    0.000000    0.000000 │
│   5    0.000000    0.000000    0.000000    0.000000    0.000000 │
└                                                                 ┘
----------------------------
F: 
┌                                                                 ┐
│ Row           1           2           3           4           5 │
│   1    0.118534   -0.193909    0.000000    0.000000    0.000000 │
│   2   -0.193909    0.109784    0.000000    0.000000    0.000000 │
│   3    0.000000    0.000000    2.053786    0.000000    0.000000 │
│   4    0.000000    0.000000    0.000000    2.053786    0.000000 │
│   5    0.000000    0.000000    0.000000    0.000000    2.053786 │
└                                                                 ┘
C: 
┌                                                                 ┐
│ Row           1           2           3           4           5 │
│   1    0.746618    2.050626    0.000000    0.000000    0.000000 │
│   2    0.659062   -1.112786    0.000000    0.000000    0.000000 │
│   3    0.000000    0.000000    1.000000    0.000000    0.000000 │
│   4    0.000000    0.000000    0.000000    1.000000    0.000000 │
│   5    0.000000    0.000000    0.000000    0.000000    1.000000 │
└                                                                 ┘
P: 
┌                                                                 ┐
│ Row           1           2           3           4           5 │
│   1    1.114878    0.984136    0.000000    0.000000    0.000000 │
│   2    0.984136    0.868726    0.000000    0.000000    0.000000 │
│   3    0.000000    0.000000    0.000000    0.000000    0.000000 │
│   4    0.000000    0.000000    0.000000    0.000000    0.000000 │
│   5    0.000000    0.000000    0.000000    0.000000    0.000000 │
└                                                                 ┘
calc_energy (RKS)
integrals.E_xc:0.0
  17   -1.909061379[32m    -0.000000000[0m[96m   0.000001172[0m[96m   0.000005721[0m[39m   false[0m[39m   false[0m[33m    true[0m  0.0000
Energy convergence threshold reached: 3.5243141738305894e-11 < 1.0e-8
[32;1m
                              SCF converged in 17 iterations! Hell yeah! 🎉

[0m┌──────────────────────┬────────────────┐
│ Energy contributions │          E(Eh) │
├──────────────────────┼────────────────┤
│         Total energy │    -1.90906138 │
│    Nuclear repulsion │     0.00000000 │
│    Electronic energy │    -1.90906138 │
│    1-electron energy │    -3.66397740 │
│    2-electron energy │     1.75491703 │
│       Kinetic energy │     2.07633654 │
│     Potential energy │    -3.98539792 │
├──────────────────────┼────────────────┤
│         Virial ratio │     1.91943736 │
└──────────────────────┴────────────────┘
Time calculating SCF: 2.163910144
Now creating density
  0.635411 seconds (15.05 M allocations: 342.824 MiB, 14.31% gc time, 16.00% compilation time)
  0.002598 seconds (15 allocations: 816 bytes, 96.91% compilation time)
Integrated no. of electrons: 2.000000000000197


[33;1mMO Energies (closed-shell)
[0m
┌────┬──────┬──────────────┬──────────────┐
│ MO │ Occ. │        E(Eh) │        E(eV) │
├────┼──────┼──────────────┼──────────────┤
│  1 │  2.0 │      -0.0771 │      -2.0973 │
│  2 │  0.0 │       1.5194 │      41.3437 │
│  3 │  0.0 │       2.0538 │      55.8864 │
│  4 │  0.0 │       2.0538 │      55.8864 │
│  5 │  0.0 │       2.0538 │      55.8864 │
└────┴──────┴──────────────┴──────────────┘
[33;1m
Mulliken Population Analysis (closed-shell)
[0m┌──────┬─────────┬────────────┐
│ Atom │ Element │     Charge │
├──────┼─────────┼────────────┤
│    1 │      He │  -0.000000 │
└──────┴─────────┴────────────┘

Sum of charges: -0.0000
[33;1m
Mayer bond orders
[0mThreshold: 0.01

[32;1mFINAL RESULTS
[0m====================== =================
      Final HF energy      -1.90906138
     Molecule formula               He
  Number of electrons                2
            Basis set         def2-svp
              WF type              RKS
       Fock algorithm      loop-sparse
       SCF iterations               17
====================== =================
Timings:
Time calculating 1-electron integrals: 0.219768703
Time calculating 2-electron integrals: 0.578883214
Time calculating SCF: 2.163910144
Time calculating grid: 1.633932891
Sum of all recorded times:4.596494952
 23.326646 seconds (79.99 M allocations: 3.608 GiB, 6.64% gc time, 93.81% compilation time)
result_sp_norm: Dict{Any, Any}("time" => 7.632111415, "finaliter" => 17, "int_electrons" => 2.000000000000197, "energy" => -1.90906137850427)
