Creating fragment
[97;1m==================================================
[0m[34;1m                   JOTUNN
[0m[97;22ma simple quantum chemistry program in Julia
[0m[97;1m==================================================
[0m[33;1m
jSCF: a HF/DFT program
[0mRKS chosen.
functional: LDA-X and libxc_keyword: none
Calling choose_functional
Using LDA-X(libxc)
libxc_functional:Libxc.Functional(:lda_x, 1, "Slater exchange", :exchange, :lda, [:dim3, :exc, :fxc, :vxc], [0, 1, 2], NamedTuple{(:reference, :doi, :bibtex), Tuple{String, String, String}}[(reference = "P. A. M. Dirac, Math. Proc. Cambridge Philos. Soc. 26, 376 (1930)", doi = "10.1017/S0305004100016108", bibtex = "@article{Dirac1930_376,\n  title = {Note on Exchange Phenomena in the Thomas Atom},\n  author = {P. A. M. Dirac},\n  journal = {Math. Proc. Cambridge Philos. Soc.},\n  volume = {26},\n  issue = {03},\n  month = {7},\n  pages = {376},\n  year = {1930},\n  issn = {1469-8064},\n  doi = {10.1017/S0305004100016108},\n  url = {http://journals.cambridge.org/article_S0305004100016108}\n}"), (reference = "F. Bloch, Z. Phys. 57, 545 (1929)", doi = "10.1007/BF01340281", bibtex = "@article{Bloch1929_545,\n  title = {Bemerkung zur Elektronentheorie des Ferromagnetismus und der elektrischen Leitf\\\"{a}higkeit},\n  author = {F. Bloch},\n  journal = {Z. Phys.},\n  volume = {57},\n  number = {7-8},\n  pages = {545},\n  year = {1929},\n  issn = {0044-3328},\n  publisher = {Springer-Verlag},\n  language = {German},\n  doi = {10.1007/BF01340281},\n  url = {http://link.springer.com/article/10.1007\\%2FBF01340281}\n}")], Libxc.xc_dimensions(1, 0, 0, 0, 1, 1, 0, 0, 0, 1, 0, 0, 0, 0, 0, 0, 0, 0, 0, 1, 0, 0, 0, 0, 0, 0, 0, 0, 0, 0, 0, 0, 0, 0, 0, 0, 0, 0, 0, 1, 0, 0, 0, 0, 0, 0, 0, 0, 0, 0, 0, 0, 0, 0, 0, 0, 0, 0, 0, 0, 0, 0, 0, 0, 0, 0, 0, 0, 0, 0, 0, 0, 0, 0), Ptr{Libxc.xc_func_type} @0x00007fba8d6923b0)
func_rung:1
manual_option: false

[32;1mSYSTEM
[0m========================= =================
         Number of atoms                1
        Molecule formula               He
                  Charge                0
       Spin multiplicity                1
           No. electrons                2
  No. unpaired electrons                0
       Nuclear repulsion       0.00000000
========================= =================
[97;1m
GEOMETRY (Cartesian coordinates in Å))
[0m-------------------------------------------------------------
  1   He       0.00000000       0.00000000       0.00000000
-------------------------------------------------------------

Integrals provided via GaussianBasis.jl library
Creating basis set object
Basis set dimension

Calculating 1-electron integrals
Time calculating 1-electron integrals: 0.224664052
Calculating 2-electron integrals (tei_type: sparse4c)
Sparse integral calculation done.
Time calculating 2-electron integrals: 0.625163832
Creating grid
Number of gridpoints: 45686
Number of gridweights: 45686
Time calculating grid: 1.569612129
Providing guess: hcore

[32;1mCALCULATION SETTINGS
[0m========================= =================
                 WF type              RKS
               Basis set         def2-svp
     No. basis functions                5
                   Guess            hcore
         2-electron type         sparse4c
          Fock algorithm      loop-sparse
     S lowest eigenvalue           0.1791
              Levelshift            false
    Levelshift parameter           0.1000
  Lshift-turnoff thresh.           0.0100
                 Damping            false
       Damping parameter           0.4000
    Damp-turnoff thresh.           0.0100
                    DIIS            false
           DIIS vec size                5
        DIIS start iter.                4
========================= =================

Beginning SCF iterations
T:
┌                                                                 ┐
│ Row           1           2           3           4           5 │
│   1    1.026372    0.276533    0.000000    0.000000    0.000000 │
│   2    0.276533    0.446367    0.000000    0.000000    0.000000 │
│   3    0.000000    0.000000    2.500000    0.000000    0.000000 │
│   4    0.000000    0.000000    0.000000    2.500000    0.000000 │
│   5    0.000000    0.000000    0.000000    0.000000    2.500000 │
└                                                                 ┘
V:
┌                                                                 ┐
│ Row           1           2           3           4           5 │
│   1   -1.686747   -1.192593    0.000000    0.000000    0.000000 │
│   2   -1.192593   -1.741007    0.000000    0.000000    0.000000 │
│   3    0.000000    0.000000   -2.127692    0.000000    0.000000 │
│   4    0.000000    0.000000    0.000000   -2.127692    0.000000 │
│   5    0.000000    0.000000    0.000000    0.000000   -2.127692 │
└                                                                 ┘
Hcore:
┌                                                                 ┐
│ Row           1           2           3           4           5 │
│   1   -0.660375   -0.916060    0.000000    0.000000    0.000000 │
│   2   -0.916060   -1.294640    0.000000    0.000000    0.000000 │
│   3    0.000000    0.000000    0.372308    0.000000    0.000000 │
│   4    0.000000    0.000000    0.000000    0.372308    0.000000 │
│   5    0.000000    0.000000    0.000000    0.000000    0.372308 │
└                                                                 ┘
S:
┌                                                                 ┐
│ Row           1           2           3           4           5 │
│   1    0.351214    0.375819    0.000000    0.000000    0.000000 │
│   2    0.375819    1.000000    0.000000    0.000000    0.000000 │
│   3    0.000000    0.000000    1.000000    0.000000    0.000000 │
│   4    0.000000    0.000000    0.000000    1.000000    0.000000 │
│   5    0.000000    0.000000    0.000000    0.000000    1.000000 │
└                                                                 ┘
P:
┌                                                                 ┐
│ Row           1           2           3           4           5 │
│   1    3.403926    0.812377    0.000000    0.000000    0.000000 │
│   2    0.812377    0.193881    0.000000    0.000000    0.000000 │
│   3    0.000000    0.000000    0.000000    0.000000    0.000000 │
│   4    0.000000    0.000000    0.000000    0.000000    0.000000 │
│   5    0.000000    0.000000    0.000000    0.000000    0.000000 │
└                                                                 ┘

[33;1m==============================[0m
[33;1mSCF iteration 1[0m
[33;1m==============================[0m
Inside RFock for Jint_KS
Inside Fxc_form
Integrated no. electrons: 2.00000000000027
LibXC functional 1 rung chosen
Exc:-1.0697332231466514
Inside Fock
----------------------------
integrals.Hcore + J:
┌                                                                 ┐
│ Row           1           2           3           4           5 │
│   1    0.307666   -0.061732    0.000000    0.000000    0.000000 │
│   2   -0.061732    0.243428    0.000000    0.000000    0.000000 │
│   3    0.000000    0.000000    2.260837    0.000000    0.000000 │
│   4    0.000000    0.000000    0.000000    2.260837    0.000000 │
│   5    0.000000    0.000000    0.000000    0.000000    2.260837 │
└                                                                 ┘
Fxc:
┌                                                                 ┐
│ Row           1           2           3           4           5 │
│   1   -0.290183   -0.231183   -0.000000   -0.000000   -0.000000 │
│   2   -0.231183   -0.324605   -0.000000   -0.000000   -0.000000 │
│   3   -0.000000   -0.000000   -0.451485    0.000000    0.000000 │
│   4   -0.000000   -0.000000    0.000000   -0.451485    0.000000 │
│   5   -0.000000   -0.000000    0.000000    0.000000   -0.451485 │
└                                                                 ┘
----------------------------
F: 
┌                                                                 ┐
│ Row           1           2           3           4           5 │
│   1    0.017483   -0.292916   -0.000000   -0.000000   -0.000000 │
│   2   -0.292916   -0.081177   -0.000000   -0.000000   -0.000000 │
│   3   -0.000000   -0.000000    1.809352    0.000000    0.000000 │
│   4   -0.000000   -0.000000    0.000000    1.809352    0.000000 │
│   5   -0.000000   -0.000000    0.000000    0.000000    1.809352 │
└                                                                 ┘
C: 
┌                                                                 ┐
│ Row           1           2           3           4           5 │
│   1   -1.304593    1.749440    0.000000    0.000000    0.000000 │
│   2   -0.311353   -1.255275    0.000000    0.000000    0.000000 │
│   3    0.000000    0.000000    1.000000    0.000000    0.000000 │
│   4    0.000000    0.000000    0.000000    1.000000    0.000000 │
│   5    0.000000    0.000000    0.000000    0.000000    1.000000 │
└                                                                 ┘
P: 
┌                                                                 ┐
│ Row           1           2           3           4           5 │
│   1    3.403926    0.812377    0.000000    0.000000    0.000000 │
│   2    0.812377    0.193881    0.000000    0.000000    0.000000 │
│   3    0.000000    0.000000    0.000000    0.000000    0.000000 │
│   4    0.000000    0.000000    0.000000    0.000000    0.000000 │
│   5    0.000000    0.000000    0.000000    0.000000    0.000000 │
└                                                                 ┘
integrals.E_xc:-1.0697332231466514
Damping: false
Levelshift: false
DIIS: false
Current energy: -2.5662720065259492
Energy change:[31m-2.5662720065259492 [0m (threshold: 1.0e-8)
RMS-DP: [31m0.3858638529706782 [0m (threshold: 5.0e-9)
Max-DP: [31m2.0280711620062943 [0m (threshold: 1.0e-7)
FP_comm:[-6.415913656914199e-17 0.7835311808157759 5.197957864322846e-18 5.197957864322846e-18 5.197957864322846e-18; -0.7835311808157759 1.0213884018699613e-16 4.184557472937396e-18 4.184557472937396e-18 4.184557472937396e-18; -5.174118655439729e-18 -4.165365986148815e-18 0.0 0.0 0.0; -5.174118655439729e-18 -4.165365986148815e-18 0.0 0.0 0.0; -5.174118655439729e-18 -4.165365986148815e-18 0.0 0.0 0.0]
Max[F,P]: 0.7835311808157759
RMS[F,P]: 0.2216160844903752

[33;1m==============================[0m
[33;1mSCF iteration 2[0m
[33;1m==============================[0m
Inside RFock for Jint_KS
Inside Fxc_form
Integrated no. electrons: 2.000000000000289
LibXC functional 1 rung chosen
Exc:-0.7944113741699417
Inside Fock
----------------------------
integrals.Hcore + J:
┌                                                                 ┐
│ Row           1           2           3           4           5 │
│   1    0.146143   -0.174211    0.000000    0.000000    0.000000 │
│   2   -0.174211    0.130366    0.000000    0.000000    0.000000 │
│   3    0.000000    0.000000    2.085742    0.000000    0.000000 │
│   4    0.000000    0.000000    0.000000    2.085742    0.000000 │
│   5    0.000000    0.000000    0.000000    0.000000    2.085742 │
└                                                                 ┘
Fxc:
┌                                                                 ┐
│ Row           1           2           3           4           5 │
│   1   -0.257125   -0.217368   -0.000000   -0.000000   -0.000000 │
│   2   -0.217368   -0.349929   -0.000000   -0.000000   -0.000000 │
│   3   -0.000000   -0.000000   -0.458905    0.000000    0.000000 │
│   4   -0.000000   -0.000000    0.000000   -0.458905    0.000000 │
│   5   -0.000000   -0.000000    0.000000    0.000000   -0.458905 │
└                                                                 ┘
----------------------------
F: 
┌                                                                 ┐
│ Row           1           2           3           4           5 │
│   1   -0.110983   -0.391579   -0.000000   -0.000000   -0.000000 │
│   2   -0.391579   -0.219562   -0.000000   -0.000000   -0.000000 │
│   3   -0.000000   -0.000000    1.626836    0.000000    0.000000 │
│   4   -0.000000   -0.000000    0.000000    1.626836    0.000000 │
│   5   -0.000000   -0.000000    0.000000    0.000000    1.626836 │
└                                                                 ┘
C: 
┌                                                                 ┐
│ Row           1           2           3           4           5 │
│   1   -0.829414    2.018558   -0.000000    0.000000    0.000000 │
│   2   -0.613252   -1.138674    0.000000   -0.000000   -0.000000 │
│   3   -0.000000   -0.000000   -0.577350   -0.577350   -0.577350 │
│   4   -0.000000   -0.000000   -0.577350   -0.211325    0.788675 │
│   5   -0.000000   -0.000000   -0.577350    0.788675   -0.211325 │
└                                                                 ┘
P: 
┌                                                                 ┐
│ Row           1           2           3           4           5 │
│   1    1.375855    1.017279    0.000000    0.000000    0.000000 │
│   2    1.017279    0.752155    0.000000    0.000000    0.000000 │
│   3    0.000000    0.000000    0.000000    0.000000    0.000000 │
│   4    0.000000    0.000000    0.000000    0.000000    0.000000 │
│   5    0.000000    0.000000    0.000000    0.000000    0.000000 │
└                                                                 ┘
integrals.E_xc:-0.7944113741699417
Damping: false
Levelshift: false
DIIS: false
Current energy: -2.695133511744924
Energy change:[31m-0.12886150521897477 [0m (threshold: 1.0e-8)
RMS-DP: [31m0.12689452289411934 [0m (threshold: 5.0e-9)
Max-DP: [31m0.6540181341477997 [0m (threshold: 1.0e-7)
FP_comm:[-2.652900628921606e-17 -0.29480077818458666 -6.521556551344462e-18 -6.521556551344462e-18 -6.521556551344462e-18; 0.29480077818458666 1.0262217280217557e-16 -7.395065012726947e-18 -7.395065012726947e-18 -7.395065012726947e-18; 5.0553163138025975e-18 5.4343470106145925e-18 -6.594254815363248e-36 -6.594254815363248e-36 -6.594254815363248e-36; 5.0553163138025975e-18 5.4343470106145925e-18 -6.594254815363248e-36 -6.594254815363248e-36 -6.594254815363248e-36; 5.0553163138025975e-18 5.4343470106145925e-18 -6.594254815363248e-36 -6.594254815363248e-36 -6.594254815363248e-36]
Max[F,P]: 0.29480077818458666
RMS[F,P]: 0.08338225174135698

[33;1m==============================[0m
[33;1mSCF iteration 3[0m
[33;1m==============================[0m
Inside RFock for Jint_KS
Inside Fxc_form
Integrated no. electrons: 2.0000000000003095
LibXC functional 1 rung chosen
Exc:-0.8887450111099132
Inside Fock
----------------------------
integrals.Hcore + J:
┌                                                                 ┐
│ Row           1           2           3           4           5 │
│   1    0.206633   -0.131507    0.000000    0.000000    0.000000 │
│   2   -0.131507    0.174255    0.000000    0.000000    0.000000 │
│   3    0.000000    0.000000    2.153809    0.000000    0.000000 │
│   4    0.000000    0.000000    0.000000    2.153809    0.000000 │
│   5    0.000000    0.000000    0.000000    0.000000    2.153809 │
└                                                                 ┘
Fxc:
┌                                                                 ┐
│ Row           1           2           3           4           5 │
│   1   -0.270639   -0.223626   -0.000000   -0.000000   -0.000000 │
│   2   -0.223626   -0.343168   -0.000000   -0.000000   -0.000000 │
│   3   -0.000000   -0.000000   -0.458798    0.000000    0.000000 │
│   4   -0.000000   -0.000000    0.000000   -0.458798    0.000000 │
│   5   -0.000000   -0.000000    0.000000    0.000000   -0.458798 │
└                                                                 ┘
----------------------------
F: 
┌                                                                 ┐
│ Row           1           2           3           4           5 │
│   1   -0.064006   -0.355133   -0.000000   -0.000000   -0.000000 │
│   2   -0.355133   -0.168912   -0.000000   -0.000000   -0.000000 │
│   3   -0.000000   -0.000000    1.695011    0.000000    0.000000 │
│   4   -0.000000   -0.000000    0.000000    1.695011    0.000000 │
│   5   -0.000000   -0.000000    0.000000    0.000000    1.695011 │
└                                                                 ┘
C: 
┌                                                                 ┐
│ Row           1           2           3           4           5 │
│   1   -1.007441    1.935864    0.000000   -0.000000    0.000000 │
│   2   -0.508453   -1.189173   -0.000000    0.000000   -0.000000 │
│   3   -0.000000   -0.000000    0.560548   -0.297934   -0.577350 │
│   4   -0.000000   -0.000000   -0.824523   -0.231547   -0.577350 │
│   5   -0.000000   -0.000000    0.077125    0.926079   -0.577350 │
└                                                                 ┘
P: 
┌                                                                 ┐
│ Row           1           2           3           4           5 │
│   1    2.029873    1.024472    0.000000    0.000000    0.000000 │
│   2    1.024472    0.517049    0.000000    0.000000    0.000000 │
│   3    0.000000    0.000000    0.000000    0.000000    0.000000 │
│   4    0.000000    0.000000    0.000000    0.000000    0.000000 │
│   5    0.000000    0.000000    0.000000    0.000000    0.000000 │
└                                                                 ┘
integrals.E_xc:-0.8887450111099132
Damping: false
Levelshift: false
DIIS: false
Current energy: -2.712114837344229
Energy change:[31m-0.016981325599305208 [0m (threshold: 1.0e-8)
RMS-DP: [31m0.047749497270604555 [0m (threshold: 5.0e-9)
Max-DP: [31m0.2484543858076096 [0m (threshold: 1.0e-7)
FP_comm:[3.39747366209089e-17 0.10640436138967062 -7.583866996324835e-18 -7.583866996324835e-18 -7.583866996324835e-18; -0.10640436138967077 1.5818216830128948e-16 -8.995867949788007e-18 -8.995867949788007e-18 -8.995867949788007e-18; 5.997829235204836e-18 7.23097918748709e-18 -8.299515304456225e-36 -8.299515304456225e-36 -8.299515304456225e-36; 5.997829235204836e-18 7.23097918748709e-18 -8.299515304456225e-36 -8.299515304456225e-36 -8.299515304456225e-36; 5.997829235204836e-18 7.23097918748709e-18 -8.299515304456225e-36 -8.299515304456225e-36 -8.299515304456225e-36]
Max[F,P]: 0.10640436138967062
RMS[F,P]: 0.030095698194584082

[33;1m==============================[0m
[33;1mSCF iteration 4[0m
[33;1m==============================[0m
Inside RFock for Jint_KS
Inside Fxc_form
Integrated no. electrons: 2.000000000000232
LibXC functional 1 rung chosen
Exc:-0.8536269775240719
Inside Fock
----------------------------
integrals.Hcore + J:
┌                                                                 ┐
│ Row           1           2           3           4           5 │
│   1    0.184878   -0.146793    0.000000    0.000000    0.000000 │
│   2   -0.146793    0.158665    0.000000    0.000000    0.000000 │
│   3    0.000000    0.000000    2.129642    0.000000    0.000000 │
│   4    0.000000    0.000000    0.000000    2.129642    0.000000 │
│   5    0.000000    0.000000    0.000000    0.000000    2.129642 │
└                                                                 ┘
Fxc:
┌                                                                 ┐
│ Row           1           2           3           4           5 │
│   1   -0.265959   -0.221527   -0.000000   -0.000000   -0.000000 │
│   2   -0.221527   -0.345908   -0.000000   -0.000000   -0.000000 │
│   3   -0.000000   -0.000000   -0.459165    0.000000    0.000000 │
│   4   -0.000000   -0.000000    0.000000   -0.459165    0.000000 │
│   5   -0.000000   -0.000000    0.000000    0.000000   -0.459165 │
└                                                                 ┘
----------------------------
F: 
┌                                                                 ┐
│ Row           1           2           3           4           5 │
│   1   -0.081081   -0.368319   -0.000000   -0.000000   -0.000000 │
│   2   -0.368319   -0.187243   -0.000000   -0.000000   -0.000000 │
│   3   -0.000000   -0.000000    1.670477    0.000000    0.000000 │
│   4   -0.000000   -0.000000    0.000000    1.670477    0.000000 │
│   5   -0.000000   -0.000000    0.000000    0.000000    1.670477 │
└                                                                 ┘
C: 
┌                                                                 ┐
│ Row           1           2           3           4           5 │
│   1   -0.943774    1.967688    0.000000    0.000000    0.000000 │
│   2   -0.546963   -1.171959    0.000000   -0.000000    0.000000 │
│   3   -0.000000   -0.000000   -0.577350   -0.816497    0.000000 │
│   4   -0.000000   -0.000000   -0.577350    0.408248   -0.707107 │
│   5   -0.000000   -0.000000   -0.577350    0.408248    0.707107 │
└                                                                 ┘
P: 
┌                                                                 ┐
│ Row           1           2           3           4           5 │
│   1    1.781419    1.032418    0.000000    0.000000    0.000000 │
│   2    1.032418    0.598336    0.000000    0.000000    0.000000 │
│   3    0.000000    0.000000    0.000000    0.000000    0.000000 │
│   4    0.000000    0.000000    0.000000    0.000000    0.000000 │
│   5    0.000000    0.000000    0.000000    0.000000    0.000000 │
└                                                                 ┘
integrals.E_xc:-0.8536269775240719
Damping: false
Levelshift: false
DIIS: false
Current energy: -2.714313284014213
Energy change:[31m-0.002198446669983589 [0m (threshold: 1.0e-8)
RMS-DP: [31m0.017283146256561667 [0m (threshold: 5.0e-9)
Max-DP: [31m0.08965507848786824 [0m (threshold: 1.0e-7)
FP_comm:[3.556711336392179e-17 -0.039130115846138604 -6.521250594092171e-18 -6.521250594092171e-18 -6.521250594092171e-18; 0.03913011584613846 1.536523036986684e-16 -7.555442727211175e-18 -7.555442727211175e-18 -7.555442727211175e-18; 6.430437456456622e-18 7.4475069438535e-18 -4.534316006385335e-37 -4.534316006385335e-37 -4.534316006385335e-37; 6.430437456456622e-18 7.4475069438535e-18 -4.534316006385335e-37 -4.534316006385335e-37 -4.534316006385335e-37; 6.430437456456622e-18 7.4475069438535e-18 -4.534316006385335e-37 -4.534316006385335e-37 -4.534316006385335e-37]
Max[F,P]: 0.03913011584613846
RMS[F,P]: 0.011067668105367892

[33;1m==============================[0m
[33;1mSCF iteration 5[0m
[33;1m==============================[0m
Inside RFock for Jint_KS
Inside Fxc_form
Integrated no. electrons: 2.0000000000002847
LibXC functional 1 rung chosen
Exc:-0.8663931139262007
Inside Fock
----------------------------
integrals.Hcore + J:
┌                                                                 ┐
│ Row           1           2           3           4           5 │
│   1    0.192882   -0.141159    0.000000    0.000000    0.000000 │
│   2   -0.141159    0.164427    0.000000    0.000000    0.000000 │
│   3    0.000000    0.000000    2.138576    0.000000    0.000000 │
│   4    0.000000    0.000000    0.000000    2.138576    0.000000 │
│   5    0.000000    0.000000    0.000000    0.000000    2.138576 │
└                                                                 ┘
Fxc:
┌                                                                 ┐
│ Row           1           2           3           4           5 │
│   1   -0.267703   -0.222318   -0.000000   -0.000000   -0.000000 │
│   2   -0.222318   -0.344942   -0.000000   -0.000000   -0.000000 │
│   3   -0.000000   -0.000000   -0.459074    0.000000    0.000000 │
│   4   -0.000000   -0.000000    0.000000   -0.459074    0.000000 │
│   5   -0.000000   -0.000000    0.000000    0.000000   -0.459074 │
└                                                                 ┘
----------------------------
F: 
┌                                                                 ┐
│ Row           1           2           3           4           5 │
│   1   -0.074820   -0.363477   -0.000000   -0.000000   -0.000000 │
│   2   -0.363477   -0.180515   -0.000000   -0.000000   -0.000000 │
│   3   -0.000000   -0.000000    1.679502    0.000000    0.000000 │
│   4   -0.000000   -0.000000    0.000000    1.679502    0.000000 │
│   5   -0.000000   -0.000000    0.000000    0.000000    1.679502 │
└                                                                 ┘
C: 
┌                                                                 ┐
│ Row           1           2           3           4           5 │
│   1   -0.967232    1.956264    0.000000   -0.000000   -0.000000 │
│   2   -0.532912   -1.178415   -0.000000    0.000000    0.000000 │
│   3   -0.000000   -0.000000    0.904534   -0.577350   -0.255957 │
│   4   -0.000000   -0.000000   -0.301511   -0.577350   -0.642874 │
│   5   -0.000000   -0.000000   -0.301511   -0.577350    0.721941 │
└                                                                 ┘
P: 
┌                                                                 ┐
│ Row           1           2           3           4           5 │
│   1    1.871074    1.030899    0.000000    0.000000    0.000000 │
│   2    1.030899    0.567991    0.000000    0.000000    0.000000 │
│   3    0.000000    0.000000    0.000000    0.000000    0.000000 │
│   4    0.000000    0.000000    0.000000    0.000000    0.000000 │
│   5    0.000000    0.000000    0.000000    0.000000    0.000000 │
└                                                                 ┘
integrals.E_xc:-0.8663931139262007
Damping: false
Levelshift: false
DIIS: false
Current energy: -2.714610051505346
Energy change:[31m-0.0002967674911333873 [0m (threshold: 1.0e-8)
RMS-DP: [31m0.00635205275943599 [0m (threshold: 5.0e-9)
Max-DP: [31m0.032989277576606746 [0m (threshold: 1.0e-7)
FP_comm:[-1.8422864437956754e-16 0.014299472668930524 1.5416818995464298e-18 1.5416818995464298e-18 1.5416818995464298e-18; -0.014299472668930549 1.9367623760789957e-17 1.754740527934211e-18 1.754740527934211e-18 1.754740527934211e-18; -1.7924368183751957e-18 -2.045642675235318e-18 -5.922425659808123e-37 -5.922425659808123e-37 -5.922425659808123e-37; -1.7924368183751957e-18 -2.045642675235318e-18 -5.922425659808123e-37 -5.922425659808123e-37 -5.922425659808123e-37; -1.7924368183751957e-18 -2.045642675235318e-18 -5.922425659808123e-37 -5.922425659808123e-37 -5.922425659808123e-37]
Max[F,P]: 0.014299472668930524
RMS[F,P]: 0.004044501636636992

[33;1m==============================[0m
[33;1mSCF iteration 6[0m
[33;1m==============================[0m
Inside RFock for Jint_KS
Inside Fxc_form
Integrated no. electrons: 2.000000000000165
LibXC functional 1 rung chosen
Exc:-0.8617083318467964
Inside Fock
----------------------------
integrals.Hcore + J:
┌                                                                 ┐
│ Row           1           2           3           4           5 │
│   1    0.189958   -0.143216    0.000000    0.000000    0.000000 │
│   2   -0.143216    0.162326    0.000000    0.000000    0.000000 │
│   3    0.000000    0.000000    2.135318    0.000000    0.000000 │
│   4    0.000000    0.000000    0.000000    2.135318    0.000000 │
│   5    0.000000    0.000000    0.000000    0.000000    2.135318 │
└                                                                 ┘
Fxc:
┌                                                                 ┐
│ Row           1           2           3           4           5 │
│   1   -0.267069   -0.222032   -0.000000   -0.000000   -0.000000 │
│   2   -0.222032   -0.345301   -0.000000   -0.000000   -0.000000 │
│   3   -0.000000   -0.000000   -0.459113    0.000000    0.000000 │
│   4   -0.000000   -0.000000    0.000000   -0.459113    0.000000 │
│   5   -0.000000   -0.000000    0.000000    0.000000   -0.459113 │
└                                                                 ┘
----------------------------
F: 
┌                                                                 ┐
│ Row           1           2           3           4           5 │
│   1   -0.077111   -0.365247   -0.000000   -0.000000   -0.000000 │
│   2   -0.365247   -0.182975   -0.000000   -0.000000   -0.000000 │
│   3   -0.000000   -0.000000    1.676205    0.000000    0.000000 │
│   4   -0.000000   -0.000000    0.000000    1.676205    0.000000 │
│   5   -0.000000   -0.000000    0.000000    0.000000    1.676205 │
└                                                                 ┘
C: 
┌                                                                 ┐
│ Row           1           2           3           4           5 │
│   1   -0.958667    1.960475    0.000000    0.000000   -0.000000 │
│   2   -0.538061   -1.176073   -0.000000   -0.000000    0.000000 │
│   3   -0.000000   -0.000000   -0.094018    0.272601    0.960644 │
│   4   -0.000000   -0.000000   -0.664438   -0.597591    0.249647 │
│   5   -0.000000   -0.000000    0.741406   -0.754039    0.121820 │
└                                                                 ┘
P: 
┌                                                                 ┐
│ Row           1           2           3           4           5 │
│   1    1.838085    1.031642    0.000000    0.000000    0.000000 │
│   2    1.031642    0.579018    0.000000    0.000000    0.000000 │
│   3    0.000000    0.000000    0.000000    0.000000    0.000000 │
│   4    0.000000    0.000000    0.000000    0.000000    0.000000 │
│   5    0.000000    0.000000    0.000000    0.000000    0.000000 │
└                                                                 ┘
integrals.E_xc:-0.8617083318467964
Damping: false
Levelshift: false
DIIS: false
Current energy: -2.714649687667134
Energy change:[95m-3.963616178781493e-5 [0m (threshold: 1.0e-8)
RMS-DP: [31m0.0023218909567054137 [0m (threshold: 5.0e-9)
Max-DP: [31m0.012053636011386315 [0m (threshold: 1.0e-7)
FP_comm:[-4.94335484802532e-16 -0.005237956466277219 -6.62601989043876e-18 -6.62601989043876e-18 -6.62601989043876e-18; 0.005237956466277345 2.371160732362883e-16 -7.729752177352529e-18 -7.729752177352529e-18 -7.729752177352529e-18; 7.011827566425387e-18 8.181308050397778e-18 1.874867232768147e-36 1.874867232768147e-36 1.874867232768147e-36; 7.011827566425387e-18 8.181308050397778e-18 1.874867232768147e-36 1.874867232768147e-36 1.874867232768147e-36; 7.011827566425387e-18 8.181308050397778e-18 1.874867232768147e-36 1.874867232768147e-36 1.874867232768147e-36]
Max[F,P]: 0.005237956466277345
RMS[F,P]: 0.0014815178147458367

[33;1m==============================[0m
[33;1mSCF iteration 7[0m
[33;1m==============================[0m
Inside RFock for Jint_KS
Inside Fxc_form
Integrated no. electrons: 2.000000000000212
LibXC functional 1 rung chosen
Exc:-0.8634217464126882
Inside Fock
----------------------------
integrals.Hcore + J:
┌                                                                 ┐
│ Row           1           2           3           4           5 │
│   1    0.191029   -0.142462    0.000000    0.000000    0.000000 │
│   2   -0.142462    0.163096    0.000000    0.000000    0.000000 │
│   3    0.000000    0.000000    2.136512    0.000000    0.000000 │
│   4    0.000000    0.000000    0.000000    2.136512    0.000000 │
│   5    0.000000    0.000000    0.000000    0.000000    2.136512 │
└                                                                 ┘
Fxc:
radial_precision:  1e-12
min_num_angular_points:  434
max_num_angular_points:  770
Center coordinates(au):  [(0.0, 0.0, 0.0)]
proton_charges: [2]
alpha_max: [38.354936737]
alpha min: [{0: 0.29757815953, 1: 1.0}]
ERROR: LoadError: InexactError: Float64(1.6770900953837553 - 2.220446049250313e-16im)
Stacktrace:
  [1] Real
    @ ./complex.jl:44 [inlined]
  [2] tofloat
    @ /Applications/Julia-versions/Julia-1.8.app/Contents/Resources/julia/share/julia/stdlib/v1.8/Printf/src/Printf.jl:389 [inlined]
  [3] fmt
    @ /Applications/Julia-versions/Julia-1.8.app/Contents/Resources/julia/share/julia/stdlib/v1.8/Printf/src/Printf.jl:402 [inlined]
  [4] format
    @ /Applications/Julia-versions/Julia-1.8.app/Contents/Resources/julia/share/julia/stdlib/v1.8/Printf/src/Printf.jl:734 [inlined]
  [5] format(f::Printf.Format{Base.CodeUnits{UInt8, String}, Tuple{Printf.Spec{Val{'f'}}}}, args::ComplexF64)
    @ Printf /Applications/Julia-versions/Julia-1.8.app/Contents/Resources/julia/share/julia/stdlib/v1.8/Printf/src/Printf.jl:831
  [6] (::Formatting.var"#17#18")(x::ComplexF64)
    @ Formatting ~/.julia/packages/Formatting/BwWBf/src/cformat.jl:24
  [7] #invokelatest#2
    @ ./essentials.jl:729 [inlined]
  [8] invokelatest
    @ ./essentials.jl:727 [inlined]
  [9] (::Formatting.var"#1#4")(x::ComplexF64)
    @ Formatting ~/.julia/packages/Formatting/BwWBf/src/cformat.jl:25
 [10] top-level scope
    @ none:1
 [11] eval
    @ ./boot.jl:368 [inlined]
 [12] eval
    @ ~/.julia/packages/Formatting/BwWBf/src/Formatting.jl:1 [inlined]
 [13] sprintf1(fmt::String, x::ComplexF64)
    @ Formatting ~/.julia/packages/Formatting/BwWBf/src/cformat.jl:3
 [14] (::PrettyTables.var"#53#55"{Vector{String}, Vector{Int64}})(v::ComplexF64, i::Int64, j::Int64)
    @ PrettyTables ~/.julia/packages/PrettyTables/nQZHQ/src/predefined_formatters.jl:57
 [15] _fill_matrix_data!(header_str::Matrix{String}, data_str::Matrix{Vector{String}}, cols_width::Vector{Int64}, num_lines_in_row::Vector{Int64}, id_cols::UnitRange{Int64}, jvec::Vector{Int64}, jrvec::Vector{Int64}, Δc::Int64, data::Any, header::Any, formatters::Ref{Any}, display::PrettyTables.Display, autowrap::Bool, cell_first_line_only::Bool, columns_width::Vector{Int64}, compact_printing::Bool, crop_subheader::Bool, limit_printing::Bool, linebreaks::Bool, maximum_columns_width::Vector{Int64}, minimum_columns_width::Vector{Int64}, noheader::Bool, renderer::Val{:print}, vcrop_mode::Symbol)
    @ PrettyTables ~/.julia/packages/PrettyTables/nQZHQ/src/backends/text/fill.jl:160
 [16] _pt_text(r_io::Base.RefValue{Any}, pinfo::PrettyTables.PrintInfo; border_crayon::Crayons.Crayon, header_crayon::Crayons.Crayon, subheader_crayon::Crayons.Crayon, rownum_header_crayon::Crayons.Crayon, text_crayon::Crayons.Crayon, omitted_cell_summary_crayon::Crayons.Crayon, alignment_anchor_fallback::Symbol, alignment_anchor_fallback_override::Dict{Int64, Symbol}, alignment_anchor_regex::Dict{Int64, Vector{Regex}}, autowrap::Bool, body_hlines::Vector{Int64}, body_hlines_format::Nothing, continuation_row_alignment::Symbol, crop::Symbol, crop_subheader::Bool, crop_num_lines_at_beginning::Int64, columns_width::Int64, display_size::Tuple{Int64, Int64}, equal_columns_width::Bool, ellipsis_line_skip::Int64, highlighters::PrettyTables.Highlighter, hlines::Nothing, linebreaks::Bool, maximum_columns_width::Int64, minimum_columns_width::Int64, newline_at_end::Bool, overwrite::Bool, noheader::Bool, nosubheader::Bool, row_name_crayon::Crayons.Crayon, row_name_header_crayon::Crayons.Crayon, row_number_alignment::Symbol, show_omitted_cell_summary::Bool, sortkeys::Bool, tf::PrettyTables.TextFormat, title_autowrap::Bool, title_crayon::Crayons.Crayon, title_same_width_as_table::Bool, vcrop_mode::Symbol, vlines::Nothing)
    @ PrettyTables ~/.julia/packages/PrettyTables/nQZHQ/src/backends/text/print.jl:306
 [17] #_pt#81
    @ ~/.julia/packages/PrettyTables/nQZHQ/src/private.jl:483 [inlined]
 [18] #_pretty_table#80
    @ ~/.julia/packages/PrettyTables/nQZHQ/src/private.jl:378 [inlined]
 [19] #pretty_table#68
    @ ~/.julia/packages/PrettyTables/nQZHQ/src/print.jl:706 [inlined]
 [20] print_MO_energies(occ::Vector{Float64}, mos::Vector{ComplexF64})
    @ Jotunn ~/Jotunn-DEV/Jotunn/src/printing.jl:255
 [21] macro expansion
    @ ~/Jotunn-DEV/Jotunn/src/jSCF.jl:425 [inlined]
 [22] macro expansion
    @ ./timing.jl:359 [inlined]
 [23] jSCF(fragment::Jotunn.Fragment, basisset::String; WFtype::String, functional::String, libxc_keyword::String, manual_func::String, guess::String, basisfile::String, maxiter::Int64, print_final_matrices::Bool, rmsDP_threshold::Float64, maxDP_threshold::Float64, tei_type::String, energythreshold::Float64, debugprint::Bool, fock_algorithm::String, levelshift::Bool, levelshift_val::Float64, lshift_thresh::Float64, damping::Bool, damping_val::Float64, damping_thresh::Float64, diis::Bool, diis_size::Int64, diis_startiter::Int64, DIISBfac::Float64, diis_error_conv_threshold::Float64, calc_density::Bool, printlevel::Int64, fock4c_speedup::String, nopop::Bool)
    @ Jotunn ~/Jotunn-DEV/Jotunn/src/jSCF.jl:19
 [24] macro expansion
    @ ./timing.jl:242 [inlined]
 [25] top-level scope
    @ ~/Jotunn-DEV/Jotunn/examples/simple-input-He-RKS-LDAX-def2svp.jl:10
in expression starting at /Users/rb269145/Jotunn-DEV/Jotunn/examples/simple-input-He-RKS-LDAX-def2svp.jl:9
┌                                                                 ┐
│ Row           1           2           3           4           5 │
│   1   -0.267301   -0.222137   -0.000000   -0.000000   -0.000000 │
│   2   -0.222137   -0.345170   -0.000000   -0.000000   -0.000000 │
│   3   -0.000000   -0.000000   -0.459099    0.000000    0.000000 │
│   4   -0.000000   -0.000000    0.000000   -0.459099    0.000000 │
│   5   -0.000000   -0.000000    0.000000    0.000000   -0.459099 │
└                                                                 ┘
----------------------------
F: 
┌                                                                 ┐
│ Row           1           2           3           4           5 │
│   1   -0.076272   -0.364599   -0.000000   -0.000000   -0.000000 │
│   2   -0.364599   -0.182074   -0.000000   -0.000000   -0.000000 │
│   3   -0.000000   -0.000000    1.677413    0.000000    0.000000 │
│   4   -0.000000   -0.000000    0.000000    1.677413    0.000000 │
│   5   -0.000000   -0.000000    0.000000    0.000000    1.677413 │
└                                                                 ┘
C: 
┌                                                                 ┐
│ Row           1           2           3           4           5 │
│   1   -0.961805    1.958937   -0.000000    0.000000    0.000000 │
│   2   -0.536177   -1.176933    0.000000   -0.000000   -0.000000 │
│   3   -0.000000   -0.000000    0.816497   -0.577350   -0.577350 │
│   4   -0.000000   -0.000000   -0.408248   -0.577350   -0.211325 │
│   5   -0.000000   -0.000000   -0.408248   -0.577350    0.788675 │
└                                                                 ┘
P: 
┌                                                                 ┐
│ Row           1           2           3           4           5 │
│   1    1.850138    1.031395    0.000000    0.000000    0.000000 │
│   2    1.031395    0.574971    0.000000    0.000000    0.000000 │
│   3    0.000000    0.000000    0.000000    0.000000    0.000000 │
│   4    0.000000    0.000000    0.000000    0.000000    0.000000 │
│   5    0.000000    0.000000    0.000000    0.000000    0.000000 │
└                                                                 ┘
integrals.E_xc:-0.8634217464126882
Damping: false
Levelshift: false
DIIS: false
Current energy: -2.714655005351058
Energy change:[96m-5.317683923866667e-6 [0m (threshold: 1.0e-8)
RMS-DP: [31m0.0008504394453800387 [0m (threshold: 5.0e-9)
Max-DP: [31m0.004415570622116727 [0m (threshold: 1.0e-7)
FP_comm:[6.377030905078212e-17 0.0019170328561843085 2.363697900954729e-18 2.363697900954729e-18 2.363697900954729e-18; -0.0019170328561844627 3.555517239716621e-17 2.7546737723150586e-18 2.7546737723150586e-18 2.7546737723150586e-18; -2.0738507102198376e-18 -2.4165296056862223e-18 4.3619627141933024e-37 4.3619627141933024e-37 4.3619627141933024e-37; -2.0738507102198376e-18 -2.4165296056862223e-18 4.3619627141933024e-37 4.3619627141933024e-37 4.3619627141933024e-37; -2.0738507102198376e-18 -2.4165296056862223e-18 4.3619627141933024e-37 4.3619627141933024e-37 4.3619627141933024e-37]
Max[F,P]: 0.0019170328561843085
RMS[F,P]: 0.0005422187729461578

[33;1m==============================[0m
[33;1mSCF iteration 8[0m
[33;1m==============================[0m
Inside RFock for Jint_KS
Inside Fxc_form
Integrated no. electrons: 2.0000000000002416
LibXC functional 1 rung chosen
Exc:-0.8627943028654934
Inside Fock
----------------------------
integrals.Hcore + J:
┌                                                                 ┐
│ Row           1           2           3           4           5 │
│   1    0.190637   -0.142738    0.000000    0.000000    0.000000 │
│   2   -0.142738    0.162814    0.000000    0.000000    0.000000 │
│   3    0.000000    0.000000    2.136075    0.000000    0.000000 │
│   4    0.000000    0.000000    0.000000    2.136075    0.000000 │
│   5    0.000000    0.000000    0.000000    0.000000    2.136075 │
└                                                                 ┘
Fxc:
┌                                                                 ┐
│ Row           1           2           3           4           5 │
│   1   -0.267216   -0.222099   -0.000000   -0.000000   -0.000000 │
│   2   -0.222099   -0.345218   -0.000000   -0.000000   -0.000000 │
│   3   -0.000000   -0.000000   -0.459104    0.000000    0.000000 │
│   4   -0.000000   -0.000000    0.000000   -0.459104    0.000000 │
│   5   -0.000000   -0.000000    0.000000    0.000000   -0.459104 │
└                                                                 ┘
----------------------------
F: 
┌                                                                 ┐
│ Row           1           2           3           4           5 │
│   1   -0.076579   -0.364836   -0.000000   -0.000000   -0.000000 │
│   2   -0.364836   -0.182404   -0.000000   -0.000000   -0.000000 │
│   3   -0.000000   -0.000000    1.676971    0.000000    0.000000 │
│   4   -0.000000   -0.000000    0.000000    1.676971    0.000000 │
│   5   -0.000000   -0.000000    0.000000    0.000000    1.676971 │
└                                                                 ┘
C: 
┌                                                                 ┐
│ Row           1           2           3           4           5 │
│   1   -0.960657    1.959501    0.000000   -0.000000    0.000000 │
│   2   -0.536866   -1.176618    0.000000   -0.000000    0.000000 │
│   3   -0.000000   -0.000000    0.762493   -0.068679   -0.577350 │
│   4   -0.000000   -0.000000   -0.457496    0.007877   -0.577350 │
│   5   -0.000000   -0.000000   -0.457496    0.997608   -0.577350 │
└                                                                 ┘
P: 
┌                                                                 ┐
│ Row           1           2           3           4           5 │
│   1    1.845723    1.031489    0.000000    0.000000    0.000000 │
│   2    1.031489    0.576451    0.000000    0.000000    0.000000 │
│   3    0.000000    0.000000    0.000000    0.000000    0.000000 │
│   4    0.000000    0.000000    0.000000    0.000000    0.000000 │
│   5    0.000000    0.000000    0.000000    0.000000    0.000000 │
└                                                                 ┘
integrals.E_xc:-0.8627943028654934
Damping: false
Levelshift: false
DIIS: false
Current energy: -2.7146557176674317
Energy change:[96m-7.123163738853577e-7 [0m (threshold: 1.0e-8)
RMS-DP: [31m0.0003112620997551107 [0m (threshold: 5.0e-9)
Max-DP: [31m0.0016160140800678402 [0m (threshold: 1.0e-7)
FP_comm:[8.478003658489152e-21 -0.0007018345358835081 -6.4130286356940486e-18 -6.4130286356940486e-18 -6.4130286356940486e-18; 0.000701834535883508 -1.8483399891515446e-20 -7.4869686721767e-18 -7.4869686721767e-18 -7.4869686721767e-18; 6.8730599351349394e-18 8.02429166223337e-18 2.3193425690135523e-36 2.3193425690135523e-36 2.3193425690135523e-36; 6.8730599351349394e-18 8.02429166223337e-18 2.3193425690135523e-36 2.3193425690135523e-36 2.3193425690135523e-36; 6.8730599351349394e-18 8.02429166223337e-18 2.3193425690135523e-36 2.3193425690135523e-36 2.3193425690135523e-36]
Max[F,P]: 0.000701834535883508
RMS[F,P]: 0.00019850878383765672

[33;1m==============================[0m
[33;1mSCF iteration 9[0m
[33;1m==============================[0m
Inside RFock for Jint_KS
Inside Fxc_form
Integrated no. electrons: 2.0000000000002665
LibXC functional 1 rung chosen
Exc:-0.8630239654670044
Inside Fock
----------------------------
integrals.Hcore + J:
┌                                                                 ┐
│ Row           1           2           3           4           5 │
│   1    0.190781   -0.142637    0.000000    0.000000    0.000000 │
│   2   -0.142637    0.162917    0.000000    0.000000    0.000000 │
│   3    0.000000    0.000000    2.136235    0.000000    0.000000 │
│   4    0.000000    0.000000    0.000000    2.136235    0.000000 │
│   5    0.000000    0.000000    0.000000    0.000000    2.136235 │
└                                                                 ┘
Fxc:
┌                                                                 ┐
│ Row           1           2           3           4           5 │
│   1   -0.267247   -0.222113   -0.000000   -0.000000   -0.000000 │
│   2   -0.222113   -0.345200   -0.000000   -0.000000   -0.000000 │
│   3   -0.000000   -0.000000   -0.459102    0.000000    0.000000 │
│   4   -0.000000   -0.000000    0.000000   -0.459102    0.000000 │
│   5   -0.000000   -0.000000    0.000000    0.000000   -0.459102 │
└                                                                 ┘
----------------------------
F: 
┌                                                                 ┐
│ Row           1           2           3           4           5 │
│   1   -0.076467   -0.364749   -0.000000   -0.000000   -0.000000 │
│   2   -0.364749   -0.182283   -0.000000   -0.000000   -0.000000 │
│   3   -0.000000   -0.000000    1.677133    0.000000    0.000000 │
│   4   -0.000000   -0.000000    0.000000    1.677133    0.000000 │
│   5   -0.000000   -0.000000    0.000000    0.000000    1.677133 │
└                                                                 ┘
C: 
┌                                                                 ┐
│ Row           1           2           3           4           5 │
│   1   -0.961077    1.959295    0.000000    0.000000    0.000000 │
│   2   -0.536614   -1.176733   -0.000000   -0.000000   -0.000000 │
│   3   -0.000000   -0.000000    0.544840   -0.600148   -0.577350 │
│   4   -0.000000   -0.000000   -0.829849   -0.557538   -0.577350 │
│   5   -0.000000   -0.000000    0.120418    0.573561   -0.577350 │
└                                                                 ┘
P: 
┌                                                                 ┐
│ Row           1           2           3           4           5 │
│   1    1.847339    1.031455    0.000000    0.000000    0.000000 │
│   2    1.031455    0.575909    0.000000    0.000000    0.000000 │
│   3    0.000000    0.000000    0.000000    0.000000    0.000000 │
│   4    0.000000    0.000000    0.000000    0.000000    0.000000 │
│   5    0.000000    0.000000    0.000000    0.000000    0.000000 │
└                                                                 ┘
integrals.E_xc:-0.8630239654670044
Damping: false
Levelshift: false
DIIS: false
Current energy: -2.714655813139692
Energy change:[96m-9.547226031969558e-8 [0m (threshold: 1.0e-8)
RMS-DP: [31m0.0001139530421158402 [0m (threshold: 5.0e-9)
Max-DP: [95m0.0005916349379428976 [0m (threshold: 1.0e-7)
FP_comm:[6.38758920923305e-17 0.00025691510976279285 -8.81732386770852e-19 -8.81732386770852e-19 -8.81732386770852e-19; -0.0002569151097629469 3.545011271881107e-17 -1.0301813615430406e-18 -1.0301813615430406e-18 -1.0301813615430406e-18; 6.079273187830716e-19 7.105120895096404e-19 -8.023176601644503e-37 -8.023176601644503e-37 -8.023176601644503e-37; 6.079273187830716e-19 7.105120895096404e-19 -8.023176601644503e-37 -8.023176601644503e-37 -8.023176601644503e-37; 6.079273187830716e-19 7.105120895096404e-19 -8.023176601644503e-37 -8.023176601644503e-37 -8.023176601644503e-37]
Max[F,P]: 0.00025691510976279285
RMS[F,P]: 7.266656652104459e-5

[33;1m==============================[0m
[33;1mSCF iteration 10[0m
[33;1m==============================[0m
Inside RFock for Jint_KS
Inside Fxc_form
Integrated no. electrons: 2.000000000000204
LibXC functional 1 rung chosen
Exc:-0.8629398883192199
Inside Fock
----------------------------
integrals.Hcore + J:
┌                                                                 ┐
│ Row           1           2           3           4           5 │
│   1    0.190728   -0.142674    0.000000    0.000000    0.000000 │
│   2   -0.142674    0.162880    0.000000    0.000000    0.000000 │
│   3    0.000000    0.000000    2.136177    0.000000    0.000000 │
│   4    0.000000    0.000000    0.000000    2.136177    0.000000 │
│   5    0.000000    0.000000    0.000000    0.000000    2.136177 │
└                                                                 ┘
Fxc:
┌                                                                 ┐
│ Row           1           2           3           4           5 │
│   1   -0.267236   -0.222107   -0.000000   -0.000000   -0.000000 │
│   2   -0.222107   -0.345207   -0.000000   -0.000000   -0.000000 │
│   3   -0.000000   -0.000000   -0.459103    0.000000    0.000000 │
│   4   -0.000000   -0.000000    0.000000   -0.459103    0.000000 │
│   5   -0.000000   -0.000000    0.000000    0.000000   -0.459103 │
└                                                                 ┘
----------------------------
F: 
┌                                                                 ┐
│ Row           1           2           3           4           5 │
│   1   -0.076508   -0.364781   -0.000000   -0.000000   -0.000000 │
│   2   -0.364781   -0.182327   -0.000000   -0.000000   -0.000000 │
│   3   -0.000000   -0.000000    1.677073    0.000000    0.000000 │
│   4   -0.000000   -0.000000    0.000000    1.677073    0.000000 │
│   5   -0.000000   -0.000000    0.000000    0.000000    1.677073 │
└                                                                 ┘
C: 
┌                                                                 ┐
│ Row           1           2           3           4           5 │
│   1   -0.960923    1.959370    0.000000   -0.000000   -0.000000 │
│   2   -0.536706   -1.176691    0.000000    0.000000    0.000000 │
│   3   -0.000000   -0.000000   -0.577350   -0.577350   -0.577350 │
│   4   -0.000000   -0.000000   -0.577350    0.788675   -0.211325 │
│   5   -0.000000   -0.000000   -0.577350   -0.211325    0.788675 │
└                                                                 ┘
P: 
┌                                                                 ┐
│ Row           1           2           3           4           5 │
│   1    1.846747    1.031467    0.000000    0.000000    0.000000 │
│   2    1.031467    0.576107    0.000000    0.000000    0.000000 │
│   3    0.000000    0.000000    0.000000    0.000000    0.000000 │
│   4    0.000000    0.000000    0.000000    0.000000    0.000000 │
│   5    0.000000    0.000000    0.000000    0.000000    0.000000 │
└                                                                 ┘
integrals.E_xc:-0.8629398883192199
Damping: false
Levelshift: false
DIIS: false
Current energy: -2.7146558259332054
Energy change:[96m-1.279351335981005e-8 [0m (threshold: 1.0e-8)
RMS-DP: [95m4.1714097861161477e-5 [0m (threshold: 5.0e-9)
Max-DP: [95m0.0002165745666091734 [0m (threshold: 1.0e-7)
FP_comm:[-6.389233808201051e-17 -9.405090294546063e-5 -5.919756116636228e-18 -5.919756116636228e-18 -5.919756116636228e-18; 9.40509029456147e-5 -3.5466009328388764e-17 -6.912008731922436e-18 -6.912008731922436e-18 -6.912008731922436e-18; 5.665741389871439e-18 6.615397661248075e-18 -1.2035020175315022e-36 -1.2035020175315022e-36 -1.2035020175315022e-36; 5.665741389871439e-18 6.615397661248075e-18 -1.2035020175315022e-36 -1.2035020175315022e-36 -1.2035020175315022e-36; 5.665741389871439e-18 6.615397661248075e-18 -1.2035020175315022e-36 -1.2035020175315022e-36 -1.2035020175315022e-36]
Max[F,P]: 9.40509029456147e-5
RMS[F,P]: 2.6601612499803008e-5

[33;1m==============================[0m
[33;1mSCF iteration 11[0m
[33;1m==============================[0m
Inside RFock for Jint_KS
Inside Fxc_form
Integrated no. electrons: 2.0000000000002287
LibXC functional 1 rung chosen
Exc:-0.8629706662411076
Inside Fock
----------------------------
integrals.Hcore + J:
┌                                                                 ┐
│ Row           1           2           3           4           5 │
│   1    0.190748   -0.142660    0.000000    0.000000    0.000000 │
│   2   -0.142660    0.162894    0.000000    0.000000    0.000000 │
│   3    0.000000    0.000000    2.136198    0.000000    0.000000 │
│   4    0.000000    0.000000    0.000000    2.136198    0.000000 │
│   5    0.000000    0.000000    0.000000    0.000000    2.136198 │
└                                                                 ┘
Fxc:
┌                                                                 ┐
│ Row           1           2           3           4           5 │
│   1   -0.267240   -0.222109   -0.000000   -0.000000   -0.000000 │
│   2   -0.222109   -0.345204   -0.000000   -0.000000   -0.000000 │
│   3   -0.000000   -0.000000   -0.459103    0.000000    0.000000 │
│   4   -0.000000   -0.000000    0.000000   -0.459103    0.000000 │
│   5   -0.000000   -0.000000    0.000000    0.000000   -0.459103 │
└                                                                 ┘
----------------------------
F: 
┌                                                                 ┐
│ Row           1           2           3           4           5 │
│   1   -0.076493   -0.364769   -0.000000   -0.000000   -0.000000 │
│   2   -0.364769   -0.182311   -0.000000   -0.000000   -0.000000 │
│   3   -0.000000   -0.000000    1.677095    0.000000    0.000000 │
│   4   -0.000000   -0.000000    0.000000    1.677095    0.000000 │
│   5   -0.000000   -0.000000    0.000000    0.000000    1.677095 │
└                                                                 ┘
C: 
┌                                                                 ┐
│ Row           1           2           3           4           5 │
│   1   -0.960980    1.959342    0.000000   -0.000000   -0.000000 │
│   2   -0.536672   -1.176707   -0.000000    0.000000    0.000000 │
│   3   -0.000000   -0.000000    0.889297   -0.555556   -0.577350 │
│   4   -0.000000   -0.000000   -0.323381   -0.466239   -0.577350 │
│   5   -0.000000   -0.000000   -0.323381    0.688461   -0.577350 │
└                                                                 ┘
P: 
┌                                                                 ┐
│ Row           1           2           3           4           5 │
│   1    1.846964    1.031463    0.000000    0.000000    0.000000 │
│   2    1.031463    0.576035    0.000000    0.000000    0.000000 │
│   3    0.000000    0.000000    0.000000    0.000000    0.000000 │
│   4    0.000000    0.000000    0.000000    0.000000    0.000000 │
│   5    0.000000    0.000000    0.000000    0.000000    0.000000 │
└                                                                 ┘
integrals.E_xc:-0.8629706662411076
Damping: false
Levelshift: false
DIIS: false
Current energy: -2.7146558276477144
Energy change:[32m-1.714508979233642e-9 [0m (threshold: 1.0e-8)
RMS-DP: [95m1.5270576734483682e-5 [0m (threshold: 5.0e-9)
Max-DP: [96m7.928321315198161e-5 [0m (threshold: 1.0e-7)
FP_comm:[9.934074527627864e-22 3.4429407860727544e-5 1.6463986265675226e-19 1.6463986265675226e-19 1.6463986265675226e-19; -3.4429407860727544e-5 -5.224990554162416e-22 1.9216557152849947e-19 1.9216557152849947e-19 1.9216557152849947e-19; -1.598278875188091e-19 -1.8654699167896818e-19 1.0057163645860248e-38 1.0057163645860248e-38 1.0057163645860248e-38; -1.598278875188091e-19 -1.8654699167896818e-19 1.0057163645860248e-38 1.0057163645860248e-38 1.0057163645860248e-38; -1.598278875188091e-19 -1.8654699167896818e-19 1.0057163645860248e-38 1.0057163645860248e-38 1.0057163645860248e-38]
Max[F,P]: 3.4429407860727544e-5
RMS[F,P]: 9.738107108223148e-6

[33;1m==============================[0m
[33;1mSCF iteration 12[0m
[33;1m==============================[0m
Inside RFock for Jint_KS
Inside Fxc_form
Integrated no. electrons: 2.0000000000002163
LibXC functional 1 rung chosen
Exc:-0.8629593991897953
Inside Fock
----------------------------
integrals.Hcore + J:
┌                                                                 ┐
│ Row           1           2           3           4           5 │
│   1    0.190741   -0.142665    0.000000    0.000000    0.000000 │
│   2   -0.142665    0.162888    0.000000    0.000000    0.000000 │
│   3    0.000000    0.000000    2.136190    0.000000    0.000000 │
│   4    0.000000    0.000000    0.000000    2.136190    0.000000 │
│   5    0.000000    0.000000    0.000000    0.000000    2.136190 │
└                                                                 ┘
Fxc:
┌                                                                 ┐
│ Row           1           2           3           4           5 │
│   1   -0.267239   -0.222109   -0.000000   -0.000000   -0.000000 │
│   2   -0.222109   -0.345205   -0.000000   -0.000000   -0.000000 │
│   3   -0.000000   -0.000000   -0.459103    0.000000    0.000000 │
│   4   -0.000000   -0.000000    0.000000   -0.459103    0.000000 │
│   5   -0.000000   -0.000000    0.000000    0.000000   -0.459103 │
└                                                                 ┘
----------------------------
F: 
┌                                                                 ┐
│ Row           1           2           3           4           5 │
│   1   -0.076498   -0.364774   -0.000000   -0.000000   -0.000000 │
│   2   -0.364774   -0.182317   -0.000000   -0.000000   -0.000000 │
│   3   -0.000000   -0.000000    1.677087    0.000000    0.000000 │
│   4   -0.000000   -0.000000    0.000000    1.677087    0.000000 │
│   5   -0.000000   -0.000000    0.000000    0.000000    1.677087 │
└                                                                 ┘
C: 
┌                                                                 ┐
│ Row           1           2           3           4           5 │
│   1   -0.960959    1.959352    0.000000   -0.000000    0.000000 │
│   2   -0.536685   -1.176701   -0.000000    0.000000   -0.000000 │
│   3   -0.000000   -0.000000    0.628539   -0.078329   -0.577350 │
│   4   -0.000000   -0.000000   -0.549972   -0.459391   -0.577350 │
│   5   -0.000000   -0.000000   -0.549972    0.884773   -0.577350 │
└                                                                 ┘
P: 
┌                                                                 ┐
│ Row           1           2           3           4           5 │
│   1    1.846884    1.031464    0.000000    0.000000    0.000000 │
│   2    1.031464    0.576061    0.000000    0.000000    0.000000 │
│   3    0.000000    0.000000    0.000000    0.000000    0.000000 │
│   4    0.000000    0.000000    0.000000    0.000000    0.000000 │
│   5    0.000000    0.000000    0.000000    0.000000    0.000000 │
└                                                                 ┘
integrals.E_xc:-0.8629593991897953
Damping: false
Levelshift: false
DIIS: false
Current energy: -2.714655827877409
Energy change:[32m-2.2969448565390849e-10 [0m (threshold: 1.0e-8)
RMS-DP: [95m5.5901349795781085e-6 [0m (threshold: 5.0e-9)
Max-DP: [96m2.9023357846824638e-5 [0m (threshold: 1.0e-7)
FP_comm:[-6.38917840802673e-17 -1.260371588728678e-5 -5.566741756145669e-18 -5.566741756145669e-18 -5.566741756145669e-18; 1.2603715887440858e-5 -3.54651882143026e-17 -6.499946449986519e-18 -6.499946449986519e-18 -6.499946449986519e-18; 5.914320528027275e-18 6.905796571607088e-18 1.540369497593093e-36 1.540369497593093e-36 1.540369497593093e-36; 5.914320528027275e-18 6.905796571607088e-18 1.540369497593093e-36 1.540369497593093e-36 1.540369497593093e-36; 5.914320528027275e-18 6.905796571607088e-18 1.540369497593093e-36 1.540369497593093e-36 1.540369497593093e-36]
Max[F,P]: 1.2603715887440858e-5
RMS[F,P]: 3.564869188841432e-6

[33;1m==============================[0m
[33;1mSCF iteration 13[0m
[33;1m==============================[0m
Inside RFock for Jint_KS
Inside Fxc_form
Integrated no. electrons: 2.0000000000001643
LibXC functional 1 rung chosen
Exc:-0.862963523750649
Inside Fock
----------------------------
integrals.Hcore + J:
┌                                                                 ┐
│ Row           1           2           3           4           5 │
│   1    0.190743   -0.142663    0.000000    0.000000    0.000000 │
│   2   -0.142663    0.162890    0.000000    0.000000    0.000000 │
│   3    0.000000    0.000000    2.136193    0.000000    0.000000 │
│   4    0.000000    0.000000    0.000000    2.136193    0.000000 │
│   5    0.000000    0.000000    0.000000    0.000000    2.136193 │
└                                                                 ┘
Fxc:
┌                                                                 ┐
│ Row           1           2           3           4           5 │
│   1   -0.267239   -0.222109   -0.000000   -0.000000   -0.000000 │
│   2   -0.222109   -0.345205   -0.000000   -0.000000   -0.000000 │
│   3   -0.000000   -0.000000   -0.459103    0.000000    0.000000 │
│   4   -0.000000   -0.000000    0.000000   -0.459103    0.000000 │
│   5   -0.000000   -0.000000    0.000000    0.000000   -0.459103 │
└                                                                 ┘
----------------------------
F: 
┌                                                                 ┐
│ Row           1           2           3           4           5 │
│   1   -0.076496   -0.364772   -0.000000   -0.000000   -0.000000 │
│   2   -0.364772   -0.182315   -0.000000   -0.000000   -0.000000 │
│   3   -0.000000   -0.000000    1.677090    0.000000    0.000000 │
│   4   -0.000000   -0.000000    0.000000    1.677090    0.000000 │
│   5   -0.000000   -0.000000    0.000000    0.000000    1.677090 │
└                                                                 ┘
C: 
┌                                                                 ┐
│ Row           1           2           3           4           5 │
│   1   -0.960967    1.959349    0.000000   -0.000000    0.000000 │
│   2   -0.536680   -1.176703    0.000000   -0.000000    0.000000 │
│   3   -0.000000   -0.000000    0.577350   -0.174078   -0.577350 │
│   4   -0.000000   -0.000000   -0.577350   -0.254867   -0.577350 │
│   5   -0.000000   -0.000000   -0.577350    0.951178   -0.577350 │
└                                                                 ┘
P: 
┌                                                                 ┐
│ Row           1           2           3           4           5 │
│   1    1.846913    1.031464    0.000000    0.000000    0.000000 │
│   2    1.031464    0.576052    0.000000    0.000000    0.000000 │
│   3    0.000000    0.000000    0.000000    0.000000    0.000000 │
│   4    0.000000    0.000000    0.000000    0.000000    0.000000 │
│   5    0.000000    0.000000    0.000000    0.000000    0.000000 │
└                                                                 ┘
integrals.E_xc:-0.862963523750649
Damping: false
Levelshift: false
DIIS: false
Current energy: -2.7146558279082242
Energy change:[32m-3.0815350271495845e-11 [0m (threshold: 1.0e-8)
RMS-DP: [96m2.046403392399151e-6 [0m (threshold: 5.0e-9)
Max-DP: [96m1.0624702310613188e-5 [0m (threshold: 1.0e-7)
FP_comm:[-2.479057193149325e-16 4.613884869587178e-6 3.827715470841082e-18 3.827715470841082e-18 3.827715470841082e-18; -4.613884869459395e-6 -1.6466233113625288e-17 4.469391373845581e-18 4.469391373845581e-18 4.469391373845581e-18; -3.26120197099357e-18 -3.807907422442844e-18 3.912346878038467e-37 3.912346878038467e-37 3.912346878038467e-37; -3.26120197099357e-18 -3.807907422442844e-18 3.912346878038467e-37 3.912346878038467e-37 3.912346878038467e-37; -3.26120197099357e-18 -3.807907422442844e-18 3.912346878038467e-37 3.912346878038467e-37 3.912346878038467e-37]
Max[F,P]: 4.613884869587178e-6
RMS[F,P]: 1.3050037115415698e-6
Energy convergence threshold reached: 3.0815350271495845e-11 < 1.0e-8
[32;1m
                              SCF converged in 13 iterations! Hell yeah! 🎉

[0m┌──────────────────────┬────────────────┐
│ Energy contributions │          E(Eh) │
├──────────────────────┼────────────────┤
│         Total energy │    -2.71465583 │
│    Nuclear repulsion │     0.00000000 │
│    Electronic energy │    -2.71465583 │
│    1-electron energy │    -3.85519791 │
│    2-electron energy │     1.14054208 │
│       Kinetic energy │     2.72320884 │
│     Potential energy │    -5.43786467 │
│         Virial ratio │     1.99685921 │
│            XC energy │    -0.86296352 │
└──────────────────────┴────────────────┘
Time calculating SCF: 26.379327987
Now creating density
  0.878420 seconds (12.59 M allocations: 366.734 MiB, 13.82% gc time)
  0.000098 seconds (1 allocation: 16 bytes)
Integrated no. of electrons: 2.0000000000002225


[33;1mMO Energies (closed-shell)
[0m
